<?xml version="1.0" encoding="UTF-8"?>
<!-- Generated by org.testng.reporters.JUnitReportReporter -->
<testsuite hostname="GARIMA7LT" name="RateSheets.Florida_RS_Web" tests="2" failures="0" timestamp="23 Mar 2017 14:10:06 GMT" time="250.778" errors="0">
  <testcase name="StroreLogin" time="10.255" classname="RateSheets.Florida_RS_Web"/>
  <testcase name="Verify_Loan_Amt_CustSearch" time="240.523" classname="RateSheets.Florida_RS_Web"/>
</testsuite> <!-- RateSheets.Florida_RS_Web -->
