<?xml version="1.0" encoding="UTF-8"?>
<!-- Generated by org.testng.reporters.JUnitReportReporter -->
<testsuite hostname="GARIMA7LT" name="virginia_regression._11_Verify_Promise_NotKept" tests="13" failures="0" timestamp="27 Jun 2017 16:21:02 GMT" time="179.487" errors="0">
  <testcase name="_2_teller_login" time="9.828" classname="virginia_regression._11_Verify_Promise_NotKept"/>
  <testcase name="_7_appointment_creation" time="10.804" classname="virginia_regression._11_Verify_Promise_NotKept"/>
  <testcase name="_11_homescreen_beyondapptdt" time="19.325" classname="virginia_regression._11_Verify_Promise_NotKept"/>
  <testcase name="_4_LOC_Creation" time="37.417" classname="virginia_regression._11_Verify_Promise_NotKept"/>
  <testcase name="_8_homeScreen_on_appointment_creationdt" time="5.048" classname="virginia_regression._11_Verify_Promise_NotKept"/>
  <testcase name="_9_homeScreen_3days_priortoappointment_creationdt" time="5.546" classname="virginia_regression._11_Verify_Promise_NotKept"/>
  <testcase name="_1_navigate_to_eCashURL" time="37.703" classname="virginia_regression._11_Verify_Promise_NotKept"/>
  <testcase name="_3_businessdatechange" time="17.736" classname="virginia_regression._11_Verify_Promise_NotKept"/>
  <testcase name="_5_businssdate_rolledforward_beyond_duedate" time="3.309" classname="virginia_regression._11_Verify_Promise_NotKept"/>
  <testcase name="_6_homescreen_before_appointment_creation" time="10.111" classname="virginia_regression._11_Verify_Promise_NotKept"/>
  <testcase name="_13_log_out_teller" time="2.762" classname="virginia_regression._11_Verify_Promise_NotKept"/>
  <testcase name="_12_businessdatebacktoOriginal" time="13.798" classname="virginia_regression._11_Verify_Promise_NotKept"/>
  <testcase name="_10_homescreen_2days_priortoapptdt" time="6.100" classname="virginia_regression._11_Verify_Promise_NotKept"/>
</testsuite> <!-- virginia_regression._11_Verify_Promise_NotKept -->
