<?xml version="1.0" encoding="UTF-8"?>
<!-- Generated by org.testng.reporters.JUnitReportReporter -->
<testsuite hostname="RGUDLA7LT" name="Framework.Void_xcode_Misc_Cash_59" tests="6" failures="0" timestamp="20 Jan 2016 14:44:53 GMT" time="250.192" errors="0">
  <testcase name="Open_Drawer" time="16.468" classname="Framework.Void_xcode_Misc_Cash_59"/>
  <testcase name="xcode_with_Cust_No_Cart" time="64.957" classname="Framework.Void_xcode_Misc_Cash_59"/>
  <testcase name="xcode_No_Cust_with_Cart" time="46.446" classname="Framework.Void_xcode_Misc_Cash_59"/>
  <testcase name="xcode_No_Cust_No_Cart" time="52.253" classname="Framework.Void_xcode_Misc_Cash_59"/>
  <testcase name="StroreLogin" time="9.558" classname="Framework.Void_xcode_Misc_Cash_59"/>
  <testcase name="xcode_With_Cust_with_Cart" time="60.510" classname="Framework.Void_xcode_Misc_Cash_59"/>
</testsuite> <!-- Framework.Void_xcode_Misc_Cash_59 -->
