<?xml version="1.0" encoding="UTF-8"?>
<!-- Generated by org.testng.reporters.JUnitReportReporter -->
<testsuite hostname="GARIMA7LT" name="virginia_regression._12_Verify_updated_RP_PAmt" tests="6" failures="0" timestamp="27 Jun 2017 17:45:49 GMT" time="477.443" errors="0">
  <testcase name="_3_newcustomer_Creation" time="20.737" classname="virginia_regression._12_Verify_updated_RP_PAmt"/>
  <testcase name="_1_navigate_to_eCashURL" time="36.403" classname="virginia_regression._12_Verify_updated_RP_PAmt"/>
  <testcase name="_2_teller_login" time="10.940" classname="virginia_regression._12_Verify_updated_RP_PAmt"/>
  <testcase name="_5_RapidPayment" time="380.800" classname="virginia_regression._12_Verify_updated_RP_PAmt"/>
  <testcase name="_4_LOC_creation" time="24.649" classname="virginia_regression._12_Verify_updated_RP_PAmt"/>
  <testcase name="_6_teller_logout" time="3.914" classname="virginia_regression._12_Verify_updated_RP_PAmt"/>
</testsuite> <!-- virginia_regression._12_Verify_updated_RP_PAmt -->
