<?xml version="1.0" encoding="UTF-8"?>
<!-- Generated by org.testng.reporters.JUnitReportReporter -->
<testsuite hostname="GARIMA7LT" name="virginia_regression._2_Verify_LOC_RPAmt_Draw_100_to_5000" tests="6" failures="0" timestamp="27 Jun 2017 14:28:43 GMT" time="487.719" errors="0">
  <testcase name="_2_teller_login" time="23.478" classname="virginia_regression._2_Verify_LOC_RPAmt_Draw_100_to_5000"/>
  <testcase name="_3_newcustomer_Creation" time="25.208" classname="virginia_regression._2_Verify_LOC_RPAmt_Draw_100_to_5000"/>
  <testcase name="_5_LOC_draw_100to5000" time="391.271" classname="virginia_regression._2_Verify_LOC_RPAmt_Draw_100_to_5000"/>
  <testcase name="_4_newLOC_creation_CdtLimitof5000" time="15.423" classname="virginia_regression._2_Verify_LOC_RPAmt_Draw_100_to_5000"/>
  <testcase name="_1_navigate_to_eCashURL" time="27.756" classname="virginia_regression._2_Verify_LOC_RPAmt_Draw_100_to_5000"/>
  <testcase name="_6_log_out" time="4.583" classname="virginia_regression._2_Verify_LOC_RPAmt_Draw_100_to_5000"/>
</testsuite> <!-- virginia_regression._2_Verify_LOC_RPAmt_Draw_100_to_5000 -->
