<?xml version="1.0" encoding="UTF-8"?>
<!-- Generated by org.testng.reporters.JUnitReportReporter -->
<testsuite hostname="GARIMA7LT" name="Virginia.Create_EPP" tests="5" failures="0" timestamp="10 Mar 2017 22:07:27 GMT" time="926.699" errors="0">
  <testcase name="ChkEPPERA" time="360.586" classname="Virginia.Create_EPP"/>
  <testcase name="newcustomer_Creation" time="509.312" classname="Virginia.Create_EPP"/>
  <testcase name="Url_search" time="12.305" classname="Virginia.Create_EPP"/>
  <testcase name="StroreLogin" time="11.627" classname="Virginia.Create_EPP"/>
  <testcase name="BusinessdatebacktoOriginal" time="32.869" classname="Virginia.Create_EPP"/>
</testsuite> <!-- Virginia.Create_EPP -->
