<?xml version="1.0" encoding="UTF-8"?>
<!-- Generated by org.testng.reporters.JUnitReportReporter -->
<testsuite hostname="RKOTTI7LT" name="Florida.Current_SystemDate" tests="2" failures="0" timestamp="7 Sep 2016 15:33:47 GMT" time="71.135" errors="0">
  <testcase name="Url_search" time="20.666" classname="Florida.Current_SystemDate"/>
  <testcase name="date" time="50.469" classname="Florida.Current_SystemDate"/>
</testsuite> <!-- Florida.Current_SystemDate -->
