<?xml version="1.0" encoding="UTF-8"?>
<!-- Generated by org.testng.reporters.JUnitReportReporter -->
<testsuite hostname="NKOTIKALAPUDI7LT" name="VA._46_Void_Rescind_Loan" tests="3" failures="0" timestamp="1 Aug 2016 20:33:35 GMT" time="106.643" errors="0">
  <testcase name="Url_search" time="10.857" classname="VA._46_Void_Rescind_Loan"/>
  <testcase name="StroreLogin" time="6.616" classname="VA._46_Void_Rescind_Loan"/>
  <testcase name="Void_Resicnd_Loan" time="89.170" classname="VA._46_Void_Rescind_Loan"/>
</testsuite> <!-- VA._46_Void_Rescind_Loan -->
