<?xml version="1.0" encoding="UTF-8"?>
<!-- Generated by org.testng.reporters.JUnitReportReporter -->
<testsuite hostname="GARIMA7LT" name="aml_regression._1_AML_NonBusinessReport" tests="3" failures="0" timestamp="26 May 2017 13:10:55 GMT" time="67.130" errors="0">
  <testcase name="_3_ReportsValidation" time="41.477" classname="aml_regression._1_AML_NonBusinessReport"/>
  <testcase name="_2_store_login" time="10.837" classname="aml_regression._1_AML_NonBusinessReport"/>
  <testcase name="_1_navigate_to_eCashURL" time="14.816" classname="aml_regression._1_AML_NonBusinessReport"/>
</testsuite> <!-- aml_regression._1_AML_NonBusinessReport -->
