<?xml version="1.0" encoding="UTF-8"?>
<!-- Generated by org.testng.reporters.JUnitReportReporter -->
<testsuite hostname="RKOTTI7LT" name="VA._15_Verify_ATM_with_Cart" tests="4" failures="0" timestamp="30 Jun 2016 14:12:36 GMT" time="174.252" errors="0">
  <testcase name="Open_Drawer" time="22.353" classname="VA._15_Verify_ATM_with_Cart"/>
  <testcase name="StroreLogin" time="28.787" classname="VA._15_Verify_ATM_with_Cart"/>
  <testcase name="Url_search" time="8.897" classname="VA._15_Verify_ATM_with_Cart"/>
  <testcase name="ATM_With_Cust_with_Cart" time="114.215" classname="VA._15_Verify_ATM_with_Cart"/>
</testsuite> <!-- VA._15_Verify_ATM_with_Cart -->
