<?xml version="1.0" encoding="UTF-8"?>
<!-- Generated by org.testng.reporters.JUnitReportReporter -->
<testsuite hostname="RKOTTI7LT" name="Ohio._40_Void_Notary" tests="7" failures="0" timestamp="11 May 2016 19:33:12 GMT" time="403.856" errors="0">
  <testcase name="Notary_No_Cust_with_Cart" time="78.009" classname="Ohio._40_Void_Notary"/>
  <testcase name="Notary_with_Cust_No_Cart" time="98.551" classname="Ohio._40_Void_Notary"/>
  <testcase name="Url_search" time="8.764" classname="Ohio._40_Void_Notary"/>
  <testcase name="Open_Drawer" time="26.300" classname="Ohio._40_Void_Notary"/>
  <testcase name="Notary_No_Cust_No_Cart" time="79.412" classname="Ohio._40_Void_Notary"/>
  <testcase name="Notary_With_Cust_with_Cart" time="104.572" classname="Ohio._40_Void_Notary"/>
  <testcase name="StroreLogin" time="8.248" classname="Ohio._40_Void_Notary"/>
</testsuite> <!-- Ohio._40_Void_Notary -->
