<?xml version="1.0" encoding="UTF-8"?>
<!-- Generated by org.testng.reporters.JUnitReportReporter -->
<testsuite hostname="GARIMA7LT" name="Virginia.Create_LOC_Credit" tests="3" failures="0" timestamp="16 Mar 2017 20:41:41 GMT" time="863.569" errors="0">
  <testcase name="StroreLogin" time="12.391" classname="Virginia.Create_LOC_Credit"/>
  <testcase name="Url_search" time="14.174" classname="Virginia.Create_LOC_Credit"/>
  <testcase name="newcustomer_Creation" time="837.004" classname="Virginia.Create_LOC_Credit"/>
</testsuite> <!-- Virginia.Create_LOC_Credit -->
