<?xml version="1.0" encoding="UTF-8"?>
<!-- Generated by org.testng.reporters.JUnitReportReporter -->
<testsuite hostname="RGUDLA7LT" name="Framework.Void_Corporate_58" tests="4" failures="0" timestamp="20 Jan 2016 14:50:02 GMT" time="187.542" errors="0">
  <testcase name="StroreLogin" time="13.785" classname="Framework.Void_Corporate_58"/>
  <testcase name="Open_Drawer" time="19.668" classname="Framework.Void_Corporate_58"/>
  <testcase name="date" time="33.327" classname="Framework.Void_Corporate_58"/>
  <testcase name="Envelopes_No_Cust_No_Cart" time="120.762" classname="Framework.Void_Corporate_58"/>
</testsuite> <!-- Framework.Void_Corporate_58 -->
