<?xml version="1.0" encoding="UTF-8"?>
<!-- Generated by org.testng.reporters.JUnitReportReporter -->
<testsuite hostname="RKOTTI7LT" name="Ohio._19_Verify_WU_Receiv_over_Threshold" tests="4" failures="0" timestamp="30 Jun 2016 14:50:33 GMT" time="287.675" errors="0">
  <testcase name="Url_search" time="6.022" classname="Ohio._19_Verify_WU_Receiv_over_Threshold"/>
  <testcase name="WU_Receive_over_Threshold" time="234.925" classname="Ohio._19_Verify_WU_Receiv_over_Threshold"/>
  <testcase name="StroreLogin" time="21.455" classname="Ohio._19_Verify_WU_Receiv_over_Threshold"/>
  <testcase name="Open_Drawer" time="25.273" classname="Ohio._19_Verify_WU_Receiv_over_Threshold"/>
</testsuite> <!-- Ohio._19_Verify_WU_Receiv_over_Threshold -->
