<?xml version="1.0" encoding="UTF-8"?>
<!-- Generated by org.testng.reporters.JUnitReportReporter -->
<testsuite hostname="RGUDLA7LT" name="Framework._58_Void_Corporate" tests="5" failures="0" timestamp="29 Feb 2016 18:42:43 GMT" time="350.945" errors="0">
  <testcase name="Void_Trx_Corporate" time="244.112" classname="Framework._58_Void_Corporate"/>
  <testcase name="StroreLogin" time="23.492" classname="Framework._58_Void_Corporate"/>
  <testcase name="date" time="48.433" classname="Framework._58_Void_Corporate"/>
  <testcase name="Open_Drawer" time="26.479" classname="Framework._58_Void_Corporate"/>
  <testcase name="Url_search" time="8.429" classname="Framework._58_Void_Corporate"/>
</testsuite> <!-- Framework._58_Void_Corporate -->
