<?xml version="1.0" encoding="UTF-8"?>
<!-- Generated by org.testng.reporters.JUnitReportReporter -->
<testsuite hostname="GARIMA7LT" name="aml_regression._1_AML_NonBusinessReports" tests="3" failures="0" timestamp="29 Jun 2017 14:49:34 GMT" time="97.254" errors="0">
  <testcase name="_2_store_login" time="9.860" classname="aml_regression._1_AML_NonBusinessReports"/>
  <testcase name="_1_navigate_to_eCashURL" time="16.210" classname="aml_regression._1_AML_NonBusinessReports"/>
  <testcase name="_3_ReportsValidation" time="71.184" classname="aml_regression._1_AML_NonBusinessReports"/>
</testsuite> <!-- aml_regression._1_AML_NonBusinessReports -->
