<?xml version="1.0" encoding="UTF-8"?>
<!-- Generated by org.testng.reporters.JUnitReportReporter -->
<testsuite hostname="RGUDLA7LT" name="Framework._43_Void_Insight_Cardload" tests="4" failures="0" timestamp="10 Feb 2016 19:48:01 GMT" time="192.318" errors="0">
  <testcase name="Insight_with_Cust_No_Cart" time="82.189" classname="Framework._43_Void_Insight_Cardload"/>
  <testcase name="Open_Drawer" time="20.522" classname="Framework._43_Void_Insight_Cardload"/>
  <testcase name="StroreLogin" time="6.954" classname="Framework._43_Void_Insight_Cardload"/>
  <testcase name="Insight_With_Cust_with_Cart" time="82.653" classname="Framework._43_Void_Insight_Cardload"/>
</testsuite> <!-- Framework._43_Void_Insight_Cardload -->
