<?xml version="1.0" encoding="UTF-8"?>
<!-- Generated by org.testng.reporters.JUnitReportReporter -->
<testsuite hostname="RKOTTI7LT" name="Ohio._17_Verify_MO_over_Threshold" tests="4" failures="0" timestamp="30 Jun 2016 14:50:33 GMT" time="262.751" errors="0">
  <testcase name="Url_search" time="5.713" classname="Ohio._17_Verify_MO_over_Threshold"/>
  <testcase name="Open_Drawer" time="22.230" classname="Ohio._17_Verify_MO_over_Threshold"/>
  <testcase name="StroreLogin" time="21.976" classname="Ohio._17_Verify_MO_over_Threshold"/>
  <testcase name="MO_WU_No_Cust_No_Cart" time="212.832" classname="Ohio._17_Verify_MO_over_Threshold"/>
</testsuite> <!-- Ohio._17_Verify_MO_over_Threshold -->
