<?xml version="1.0" encoding="UTF-8"?>
<!-- Generated by org.testng.reporters.JUnitReportReporter -->
<testsuite hostname="RGUDLA7LT" name="Framework._17_Verify_MO_over_Threshold" tests="4" failures="0" timestamp="29 Feb 2016 20:45:52 GMT" time="263.339" errors="0">
  <testcase name="Url_search" time="8.266" classname="Framework._17_Verify_MO_over_Threshold"/>
  <testcase name="Open_Drawer" time="22.264" classname="Framework._17_Verify_MO_over_Threshold"/>
  <testcase name="StroreLogin" time="22.464" classname="Framework._17_Verify_MO_over_Threshold"/>
  <testcase name="MO_WU_No_Cust_No_Cart" time="210.345" classname="Framework._17_Verify_MO_over_Threshold"/>
</testsuite> <!-- Framework._17_Verify_MO_over_Threshold -->
