<?xml version="1.0" encoding="UTF-8"?>
<!-- Generated by org.testng.reporters.JUnitReportReporter -->
<testsuite hostname="GARIMA7LT" name="virginia_regression._05_Create_EPP_31" tests="8" failures="0" timestamp="14 Jun 2017 15:23:19 GMT" time="286.988" errors="0">
  <testcase name="_4_new_4_PRAs_Creation" time="181.480" classname="virginia_regression._05_Create_EPP_31"/>
  <testcase name="_6_businessdatebacktoOriginal" time="5.463" classname="virginia_regression._05_Create_EPP_31"/>
  <testcase name="_3_teller_login" time="13.599" classname="virginia_regression._05_Create_EPP_31"/>
  <testcase name="_5_EPP_ON_BEFORE_AFTER_Origination_DueDate" time="57.178" classname="virginia_regression._05_Create_EPP_31"/>
  <testcase name="_1_admin_login" time="14.441" classname="virginia_regression._05_Create_EPP_31"/>
  <testcase name="_2_navigate_to_eCashURL" time="9.114" classname="virginia_regression._05_Create_EPP_31"/>
  <testcase name="_7_logout_admin" time="4.414" classname="virginia_regression._05_Create_EPP_31"/>
  <testcase name="_8_logout_store" time="1.299" classname="virginia_regression._05_Create_EPP_31"/>
</testsuite> <!-- virginia_regression._05_Create_EPP_31 -->
