<?xml version="1.0" encoding="UTF-8"?>
<!-- Generated by org.testng.reporters.JUnitReportReporter -->
<testsuite hostname="GARIMA7LT" name="virginia_regression._06_Create_EPP_DueDate_31" tests="8" failures="0" timestamp="26 Jun 2017 20:20:03 GMT" time="289.998" errors="0">
  <testcase name="_2_navigate_to_eCashURL" time="6.929" classname="virginia_regression._06_Create_EPP_DueDate_31"/>
  <testcase name="_7_logout_admin" time="4.996" classname="virginia_regression._06_Create_EPP_DueDate_31"/>
  <testcase name="_4_new_4_PRAs_Creation" time="184.594" classname="virginia_regression._06_Create_EPP_DueDate_31"/>
  <testcase name="_1_admin_login" time="12.687" classname="virginia_regression._06_Create_EPP_DueDate_31"/>
  <testcase name="_6_businessdatebacktoOriginal" time="7.284" classname="virginia_regression._06_Create_EPP_DueDate_31"/>
  <testcase name="_3_teller_login" time="9.241" classname="virginia_regression._06_Create_EPP_DueDate_31"/>
  <testcase name="_5_EPP_ON_BEFORE_AFTER_Origination_DueDate" time="62.945" classname="virginia_regression._06_Create_EPP_DueDate_31"/>
  <testcase name="_8_logout_store" time="1.322" classname="virginia_regression._06_Create_EPP_DueDate_31"/>
</testsuite> <!-- virginia_regression._06_Create_EPP_DueDate_31 -->
