<?xml version="1.0" encoding="UTF-8"?>
<!-- Generated by org.testng.reporters.JUnitReportReporter -->
<testsuite hostname="RKOTTI7LT" name="VA._56_Void_Regional_Manager" tests="5" failures="0" timestamp="30 Jun 2016 14:12:35 GMT" time="304.048" errors="0">
  <testcase name="Open_Drawer" time="26.690" classname="VA._56_Void_Regional_Manager"/>
  <testcase name="Envelopes_No_Cust_No_Cart" time="192.735" classname="VA._56_Void_Regional_Manager"/>
  <testcase name="date" time="54.093" classname="VA._56_Void_Regional_Manager"/>
  <testcase name="StroreLogin" time="24.059" classname="VA._56_Void_Regional_Manager"/>
  <testcase name="Url_search" time="6.471" classname="VA._56_Void_Regional_Manager"/>
</testsuite> <!-- VA._56_Void_Regional_Manager -->
