<?xml version="1.0" encoding="UTF-8"?>
<!-- Generated by org.testng.reporters.JUnitReportReporter -->
<testsuite hostname="GARIMA7LT" name="virginia_regression._5_IncreaseCreditLimit" tests="6" failures="0" timestamp="27 Jun 2017 14:28:43 GMT" time="59.252" errors="0">
  <testcase name="_2_teller_login" time="9.457" classname="virginia_regression._5_IncreaseCreditLimit"/>
  <testcase name="_1_navigate_to_eCashURL" time="7.996" classname="virginia_regression._5_IncreaseCreditLimit"/>
  <testcase name="_6_log_out" time="1.039" classname="virginia_regression._5_IncreaseCreditLimit"/>
  <testcase name="_3_newLOCcreation_$100initialCreditLimit" time="21.731" classname="virginia_regression._5_IncreaseCreditLimit"/>
  <testcase name="_5_void_loan" time="3.483" classname="virginia_regression._5_IncreaseCreditLimit"/>
  <testcase name="_4_increaseCreditLimittoMaximumAmount" time="15.546" classname="virginia_regression._5_IncreaseCreditLimit"/>
</testsuite> <!-- virginia_regression._5_IncreaseCreditLimit -->
