<?xml version="1.0" encoding="UTF-8"?>
<!-- Generated by org.testng.reporters.JUnitReportReporter -->
<testsuite hostname="GARIMA7LT" name="virginia_regression.test" tests="4" failures="0" timestamp="24 Apr 2017 13:23:39 GMT" time="190.255" errors="0">
  <testcase name="_2_teller_login" time="11.453" classname="virginia_regression.test"/>
  <testcase name="_3_newcustomer_Creation" time="27.951" classname="virginia_regression.test"/>
  <testcase name="_1_navigate_to_eCashURL" time="12.078" classname="virginia_regression.test"/>
  <testcase name="_4_newLOC_creation" time="138.773" classname="virginia_regression.test"/>
</testsuite> <!-- virginia_regression.test -->
