<?xml version="1.0" encoding="UTF-8"?>
<!-- Generated by org.testng.reporters.JUnitReportReporter -->
<testsuite hostname="RGUDLA7LT" name="Framework.MO_Charity" tests="2" failures="0" timestamp="13 Oct 2015 13:43:20 GMT" time="26.420" errors="0">
  <testcase name="Charity_Cust_No_Cart" time="20.326" classname="Framework.MO_Charity"/>
  <testcase name="StroreLogin" time="6.094" classname="Framework.MO_Charity"/>
</testsuite> <!-- Framework.MO_Charity -->
