<?xml version="1.0" encoding="UTF-8"?>
<!-- Generated by org.testng.reporters.JUnitReportReporter -->
<testsuite hostname="RGUDLA7LT" name="Framework._44_Void_Loan_Origination" tests="3" failures="0" timestamp="24 Feb 2016 19:24:11 GMT" time="164.859" errors="0">
  <testcase name="StroreLogin" time="29.098" classname="Framework._44_Void_Loan_Origination"/>
  <testcase name="Void_Loan_Orgination" time="123.885" classname="Framework._44_Void_Loan_Origination"/>
  <testcase name="Url_search" time="11.876" classname="Framework._44_Void_Loan_Origination"/>
</testsuite> <!-- Framework._44_Void_Loan_Origination -->
