<?xml version="1.0" encoding="UTF-8"?>
<!-- Generated by org.testng.reporters.JUnitReportReporter -->
<testsuite hostname="GARIMA7LT" name="virginia_regression._8_Verfy_CreditLineIncreaseButton_disabled_LateCustomers" tests="12" failures="0" timestamp="30 May 2017 15:30:17 GMT" time="91.505" errors="0">
  <testcase name="_8_increaseCreditLimit_25days" time="3.587" classname="virginia_regression._8_Verfy_CreditLineIncreaseButton_disabled_LateCustomers"/>
  <testcase name="_10_business_date_backtoorginal" time="4.886" classname="virginia_regression._8_Verfy_CreditLineIncreaseButton_disabled_LateCustomers"/>
  <testcase name="_3_teller_login" time="20.625" classname="virginia_regression._8_Verfy_CreditLineIncreaseButton_disabled_LateCustomers"/>
  <testcase name="_6_IncreaseCreditLimit_26days" time="5.785" classname="virginia_regression._8_Verfy_CreditLineIncreaseButton_disabled_LateCustomers"/>
  <testcase name="_1_admin_login" time="13.902" classname="virginia_regression._8_Verfy_CreditLineIncreaseButton_disabled_LateCustomers"/>
  <testcase name="_2_navigate_to_eCashURL" time="7.978" classname="virginia_regression._8_Verfy_CreditLineIncreaseButton_disabled_LateCustomers"/>
  <testcase name="_7_business_date_rolledforwrdto25days" time="2.377" classname="virginia_regression._8_Verfy_CreditLineIncreaseButton_disabled_LateCustomers"/>
  <testcase name="_4_new_LOC_Creation" time="13.617" classname="virginia_regression._8_Verfy_CreditLineIncreaseButton_disabled_LateCustomers"/>
  <testcase name="_12_log_out_teller" time="4.472" classname="virginia_regression._8_Verfy_CreditLineIncreaseButton_disabled_LateCustomers"/>
  <testcase name="_11_log_out_admin" time="6.011" classname="virginia_regression._8_Verfy_CreditLineIncreaseButton_disabled_LateCustomers"/>
  <testcase name="_9_void_loan_" time="5.127" classname="virginia_regression._8_Verfy_CreditLineIncreaseButton_disabled_LateCustomers"/>
  <testcase name="_5_business_date_rolledforwrdto26days" time="3.138" classname="virginia_regression._8_Verfy_CreditLineIncreaseButton_disabled_LateCustomers"/>
</testsuite> <!-- virginia_regression._8_Verfy_CreditLineIncreaseButton_disabled_LateCustomers -->
