<?xml version="1.0" encoding="UTF-8"?>
<!-- Generated by org.testng.reporters.JUnitReportReporter -->
<testsuite hostname="GARIMA7LT" name="virginia_regression._3_Verify_LOC_RPPay_Draw_Cdt_Eql" tests="4" failures="0" timestamp="27 Jun 2017 14:53:55 GMT" time="563.972" errors="0">
  <testcase name="_4_log_out" time="0.001" classname="virginia_regression._3_Verify_LOC_RPPay_Draw_Cdt_Eql"/>
  <testcase name="_1_navigate_to_eCashURL" time="36.615" classname="virginia_regression._3_Verify_LOC_RPPay_Draw_Cdt_Eql"/>
  <testcase name="_3_LOC_RPDraw_equals_Credit" time="497.641" classname="virginia_regression._3_Verify_LOC_RPPay_Draw_Cdt_Eql"/>
  <testcase name="_2_teller_login" time="29.715" classname="virginia_regression._3_Verify_LOC_RPPay_Draw_Cdt_Eql"/>
</testsuite> <!-- virginia_regression._3_Verify_LOC_RPPay_Draw_Cdt_Eql -->
