<?xml version="1.0" encoding="UTF-8"?>
<!-- Generated by org.testng.reporters.JUnitReportReporter -->
<testsuite hostname="GARIMA7LT" name="virginia_regression.Create_EPP_14" tests="8" failures="0" timestamp="24 Apr 2017 19:58:30 GMT" time="292.852" errors="0">
  <testcase name="_4_new_4_PRAs_Creation" time="163.271" classname="virginia_regression.Create_EPP_14"/>
  <testcase name="_1_admin_login" time="12.642" classname="virginia_regression.Create_EPP_14"/>
  <testcase name="_2_navigate_to_eCashURL" time="11.462" classname="virginia_regression.Create_EPP_14"/>
  <testcase name="_5_EPP_BEFORE_ON_AFTER_OriDate" time="49.959" classname="virginia_regression.Create_EPP_14"/>
  <testcase name="_7_logout_admin" time="6.254" classname="virginia_regression.Create_EPP_14"/>
  <testcase name="_8_logout_teller" time="4.453" classname="virginia_regression.Create_EPP_14"/>
  <testcase name="_6_businessdatebacktoOriginal" time="7.380" classname="virginia_regression.Create_EPP_14"/>
  <testcase name="_3_teller_login" time="37.431" classname="virginia_regression.Create_EPP_14"/>
</testsuite> <!-- virginia_regression.Create_EPP_14 -->
