<?xml version="1.0" encoding="UTF-8"?>
<!-- Generated by org.testng.reporters.JUnitReportReporter -->
<testsuite hostname="GARIMA7LT" name="Virginia.Verify_LOC_payment_amt" tests="3" failures="0" timestamp="23 Mar 2017 17:28:43 GMT" time="519.166" errors="0">
  <testcase name="StroreLogin" time="10.251" classname="Virginia.Verify_LOC_payment_amt"/>
  <testcase name="newloan_Creation" time="494.429" classname="Virginia.Verify_LOC_payment_amt"/>
  <testcase name="Url_search" time="14.486" classname="Virginia.Verify_LOC_payment_amt"/>
</testsuite> <!-- Virginia.Verify_LOC_payment_amt -->
