<?xml version="1.0" encoding="UTF-8"?>
<!-- Generated by org.testng.reporters.JUnitReportReporter -->
<testsuite hostname="GARIMA7LT" name="Virginia.Create_EPP_31" tests="5" failures="0" timestamp="15 Mar 2017 15:35:19 GMT" time="908.348" errors="0">
  <testcase name="newcustomer_Creation" time="502.393" classname="Virginia.Create_EPP_31"/>
  <testcase name="Url_search" time="11.970" classname="Virginia.Create_EPP_31"/>
  <testcase name="BusinessdatebacktoOriginal" time="33.234" classname="Virginia.Create_EPP_31"/>
  <testcase name="StroreLogin" time="14.986" classname="Virginia.Create_EPP_31"/>
  <testcase name="ChkEPPERA" time="345.765" classname="Virginia.Create_EPP_31"/>
</testsuite> <!-- Virginia.Create_EPP_31 -->
