<?xml version="1.0" encoding="UTF-8"?>
<!-- Generated by org.testng.reporters.JUnitReportReporter -->
<testsuite hostname="RKOTTI7LT" name="VA._59_Void_xcode_Misc_Cash" tests="7" failures="0" timestamp="30 Jun 2016 14:12:36 GMT" time="389.028" errors="0">
  <testcase name="xcode_with_Cust_No_Cart" time="96.031" classname="VA._59_Void_xcode_Misc_Cash"/>
  <testcase name="Url_search" time="9.783" classname="VA._59_Void_xcode_Misc_Cash"/>
  <testcase name="xcode_No_Cust_with_Cart" time="72.770" classname="VA._59_Void_xcode_Misc_Cash"/>
  <testcase name="Open_Drawer" time="23.737" classname="VA._59_Void_xcode_Misc_Cash"/>
  <testcase name="xcode_No_Cust_No_Cart" time="75.117" classname="VA._59_Void_xcode_Misc_Cash"/>
  <testcase name="xcode_With_Cust_with_Cart" time="102.777" classname="VA._59_Void_xcode_Misc_Cash"/>
  <testcase name="StroreLogin" time="8.813" classname="VA._59_Void_xcode_Misc_Cash"/>
</testsuite> <!-- VA._59_Void_xcode_Misc_Cash -->
