<?xml version="1.0" encoding="UTF-8"?>
<!-- Generated by org.testng.reporters.JUnitReportReporter -->
<testsuite hostname="RKOTTI7LT" name="Tennesse._4_a_Verify_Loan_Amt_TN" tests="3" failures="0" timestamp="30 Mar 2016 18:11:20 GMT" time="132.552" errors="0">
  <testcase name="Url_search" time="9.038" classname="Tennesse._4_a_Verify_Loan_Amt_TN"/>
  <testcase name="StroreLogin" time="15.256" classname="Tennesse._4_a_Verify_Loan_Amt_TN"/>
  <testcase name="Verify_Loan_Amt_TN" time="108.258" classname="Tennesse._4_a_Verify_Loan_Amt_TN"/>
</testsuite> <!-- Tennesse._4_a_Verify_Loan_Amt_TN -->
