<?xml version="1.0" encoding="UTF-8"?>
<!-- Generated by org.testng.reporters.JUnitReportReporter -->
<testsuite hostname="GARIMA7LT" name="virginia_regression._7_Verify_RPDueDate_within10days_OriginationDate" tests="9" failures="0" timestamp="27 Jun 2017 17:31:13 GMT" time="219.846" errors="0">
  <testcase name="_4_newLOCs_Creation" time="126.019" classname="virginia_regression._7_Verify_RPDueDate_within10days_OriginationDate"/>
  <testcase name="_2_teller_login" time="34.966" classname="virginia_regression._7_Verify_RPDueDate_within10days_OriginationDate"/>
  <testcase name="_3_businessdatechange" time="11.910" classname="virginia_regression._7_Verify_RPDueDate_within10days_OriginationDate"/>
  <testcase name="_1_navigate_to_eCashURL" time="9.550" classname="virginia_regression._7_Verify_RPDueDate_within10days_OriginationDate"/>
  <testcase name="_8_log_out" time="3.450" classname="virginia_regression._7_Verify_RPDueDate_within10days_OriginationDate"/>
  <testcase name="_5_rapidpay_duedate_BEFORE_10days_of_loanOrigination" time="7.054" classname="virginia_regression._7_Verify_RPDueDate_within10days_OriginationDate"/>
  <testcase name="_6_rapidpay_duedate_ON_10days_of_loanOrigination" time="6.663" classname="virginia_regression._7_Verify_RPDueDate_within10days_OriginationDate"/>
  <testcase name="_9_businessdatebacktoOriginal" time="13.399" classname="virginia_regression._7_Verify_RPDueDate_within10days_OriginationDate"/>
  <testcase name="_7_rapidpay_WITHIN_10days_of_loanOrigination" time="6.835" classname="virginia_regression._7_Verify_RPDueDate_within10days_OriginationDate"/>
</testsuite> <!-- virginia_regression._7_Verify_RPDueDate_within10days_OriginationDate -->
