<?xml version="1.0" encoding="UTF-8"?>
<!-- Generated by org.testng.reporters.JUnitReportReporter -->
<testsuite hostname="RKOTTI7LT" name="Ohio._21_Verify_Insight_CardLoad_Threshold" tests="4" failures="0" timestamp="30 Jun 2016 14:50:33 GMT" time="275.756" errors="0">
  <testcase name="Insight_Cardload_Threshold" time="219.354" classname="Ohio._21_Verify_Insight_CardLoad_Threshold"/>
  <testcase name="StroreLogin" time="22.028" classname="Ohio._21_Verify_Insight_CardLoad_Threshold"/>
  <testcase name="Url_search" time="5.951" classname="Ohio._21_Verify_Insight_CardLoad_Threshold"/>
  <testcase name="Open_Drawer" time="28.423" classname="Ohio._21_Verify_Insight_CardLoad_Threshold"/>
</testsuite> <!-- Ohio._21_Verify_Insight_CardLoad_Threshold -->
