<?xml version="1.0" encoding="UTF-8"?>
<!-- Generated by org.testng.reporters.JUnitReportReporter -->
<testsuite hostname="RGUDLA7LT" name="Framework._56_Void_Regional_Manager" tests="5" failures="0" timestamp="29 Feb 2016 18:00:14 GMT" time="303.675" errors="0">
  <testcase name="Envelopes_No_Cust_No_Cart" time="192.556" classname="Framework._56_Void_Regional_Manager"/>
  <testcase name="Open_Drawer" time="27.415" classname="Framework._56_Void_Regional_Manager"/>
  <testcase name="date" time="49.508" classname="Framework._56_Void_Regional_Manager"/>
  <testcase name="Url_search" time="9.790" classname="Framework._56_Void_Regional_Manager"/>
  <testcase name="StroreLogin" time="24.406" classname="Framework._56_Void_Regional_Manager"/>
</testsuite> <!-- Framework._56_Void_Regional_Manager -->
