<?xml version="1.0" encoding="UTF-8"?>
<!-- Generated by org.testng.reporters.JUnitReportReporter -->
<testsuite hostname="RGUDLA7LT" name="Framework.Void_Loan_Orgination_44" tests="4" failures="0" timestamp="20 Jan 2016 21:15:22 GMT" time="113.150" errors="0">
  <testcase name="newcustomer" time="34.490" classname="Framework.Void_Loan_Orgination_44"/>
  <testcase name="Loan_Orgination" time="51.616" classname="Framework.Void_Loan_Orgination_44"/>
  <testcase name="StroreLogin" time="6.658" classname="Framework.Void_Loan_Orgination_44"/>
  <testcase name="Open_Drawer" time="20.386" classname="Framework.Void_Loan_Orgination_44"/>
</testsuite> <!-- Framework.Void_Loan_Orgination_44 -->
