<?xml version="1.0" encoding="UTF-8"?>
<!-- Generated by org.testng.reporters.JUnitReportReporter -->
<testsuite hostname="RGUDLA7LT" name="Framework.Void_ATM_Sale_35" tests="4" failures="0" timestamp="20 Jan 2016 20:01:11 GMT" time="169.457" errors="0">
  <testcase name="ATM_with_Cust_No_Cart" time="72.032" classname="Framework.Void_ATM_Sale_35"/>
  <testcase name="Open_Drawer" time="18.128" classname="Framework.Void_ATM_Sale_35"/>
  <testcase name="ATM_With_Cust_with_Cart" time="69.759" classname="Framework.Void_ATM_Sale_35"/>
  <testcase name="StroreLogin" time="9.538" classname="Framework.Void_ATM_Sale_35"/>
</testsuite> <!-- Framework.Void_ATM_Sale_35 -->
