<?xml version="1.0" encoding="UTF-8"?>
<!-- Generated by org.testng.reporters.JUnitReportReporter -->
<testsuite hostname="RGUDLA7LT" name="Framework.Void_Fax_39" tests="6" failures="0" timestamp="8 Feb 2016 21:33:48 GMT" time="284.706" errors="0">
  <testcase name="Fax_With_Cust_with_Cart" time="72.023" classname="Framework.Void_Fax_39"/>
  <testcase name="Open_Drawer" time="18.777" classname="Framework.Void_Fax_39"/>
  <testcase name="Fax_No_Cust_with_Cart" time="54.653" classname="Framework.Void_Fax_39"/>
  <testcase name="Fax_No_Cust_No_Cart" time="56.069" classname="Framework.Void_Fax_39"/>
  <testcase name="Fax_with_Cust_No_Cart" time="73.821" classname="Framework.Void_Fax_39"/>
  <testcase name="StroreLogin" time="9.363" classname="Framework.Void_Fax_39"/>
</testsuite> <!-- Framework.Void_Fax_39 -->
