<?xml version="1.0" encoding="UTF-8"?>
<!-- Generated by org.testng.reporters.JUnitReportReporter -->
<testsuite hostname="RKOTTI7LT" name="VA._19_Verify_WU_Receiv_over_Threshold" tests="4" failures="0" timestamp="3 Jun 2016 14:55:41 GMT" time="297.964" errors="0">
  <testcase name="Url_search" time="9.560" classname="VA._19_Verify_WU_Receiv_over_Threshold"/>
  <testcase name="Open_Drawer" time="25.316" classname="VA._19_Verify_WU_Receiv_over_Threshold"/>
  <testcase name="StroreLogin" time="21.932" classname="VA._19_Verify_WU_Receiv_over_Threshold"/>
  <testcase name="WU_Receive_over_Threshold" time="241.156" classname="VA._19_Verify_WU_Receiv_over_Threshold"/>
</testsuite> <!-- VA._19_Verify_WU_Receiv_over_Threshold -->
