<?xml version="1.0" encoding="UTF-8"?>
<!-- Generated by org.testng.reporters.JUnitReportReporter -->
<testsuite hostname="GARIMA7LT" name="virginia_regression._8_Verify_CreditLineIncreaseButton_disabled_LateCustomers" tests="12" failures="0" timestamp="27 Jun 2017 17:24:31 GMT" time="82.604" errors="0">
  <testcase name="_5_business_date_rolledforwrdto26days" time="4.992" classname="virginia_regression._8_Verify_CreditLineIncreaseButton_disabled_LateCustomers"/>
  <testcase name="_8_increaseCreditLimit_25days" time="3.695" classname="virginia_regression._8_Verify_CreditLineIncreaseButton_disabled_LateCustomers"/>
  <testcase name="_1_admin_login" time="14.116" classname="virginia_regression._8_Verify_CreditLineIncreaseButton_disabled_LateCustomers"/>
  <testcase name="_3_teller_login" time="9.729" classname="virginia_regression._8_Verify_CreditLineIncreaseButton_disabled_LateCustomers"/>
  <testcase name="_10_business_date_backtoorginal" time="6.265" classname="virginia_regression._8_Verify_CreditLineIncreaseButton_disabled_LateCustomers"/>
  <testcase name="_6_IncreaseCreditLimit_26days" time="4.940" classname="virginia_regression._8_Verify_CreditLineIncreaseButton_disabled_LateCustomers"/>
  <testcase name="_2_navigate_to_eCashURL" time="7.636" classname="virginia_regression._8_Verify_CreditLineIncreaseButton_disabled_LateCustomers"/>
  <testcase name="_7_business_date_rolledforwrdto25days" time="2.532" classname="virginia_regression._8_Verify_CreditLineIncreaseButton_disabled_LateCustomers"/>
  <testcase name="_12_log_out_teller" time="4.567" classname="virginia_regression._8_Verify_CreditLineIncreaseButton_disabled_LateCustomers"/>
  <testcase name="_11_log_out_admin" time="6.035" classname="virginia_regression._8_Verify_CreditLineIncreaseButton_disabled_LateCustomers"/>
  <testcase name="_9_void_loan_" time="4.938" classname="virginia_regression._8_Verify_CreditLineIncreaseButton_disabled_LateCustomers"/>
  <testcase name="_4_new_LOC_Creation" time="13.159" classname="virginia_regression._8_Verify_CreditLineIncreaseButton_disabled_LateCustomers"/>
</testsuite> <!-- virginia_regression._8_Verify_CreditLineIncreaseButton_disabled_LateCustomers -->
