<?xml version="1.0" encoding="UTF-8"?>
<!-- Generated by org.testng.reporters.JUnitReportReporter -->
<testsuite hostname="RKOTTI7LT" name="VA._58_Void_Corporate" tests="5" failures="0" timestamp="30 Jun 2016 14:12:36 GMT" time="353.777" errors="0">
  <testcase name="StroreLogin" time="23.635" classname="VA._58_Void_Corporate"/>
  <testcase name="Open_Drawer" time="26.923" classname="VA._58_Void_Corporate"/>
  <testcase name="Url_search" time="6.624" classname="VA._58_Void_Corporate"/>
  <testcase name="date" time="49.774" classname="VA._58_Void_Corporate"/>
  <testcase name="Void_Trx_Corporate" time="246.821" classname="VA._58_Void_Corporate"/>
</testsuite> <!-- VA._58_Void_Corporate -->
