<?xml version="1.0" encoding="UTF-8"?>
<!-- Generated by org.testng.reporters.JUnitReportReporter -->
<testsuite hostname="RKOTTI7LT" name="Tennesse._53_Void_TTL_Entire_Loan" tests="3" failures="0" timestamp="30 Mar 2016 18:33:09 GMT" time="288.316" errors="0">
  <testcase name="StroreLogin" time="28.369" classname="Tennesse._53_Void_TTL_Entire_Loan"/>
  <testcase name="Void_TTL_Entire_Loan" time="251.882" classname="Tennesse._53_Void_TTL_Entire_Loan"/>
  <testcase name="Url_search" time="8.065" classname="Tennesse._53_Void_TTL_Entire_Loan"/>
</testsuite> <!-- Tennesse._53_Void_TTL_Entire_Loan -->
