<?xml version="1.0" encoding="UTF-8"?>
<!-- Generated by org.testng.reporters.JUnitReportReporter -->
<testsuite hostname="GARIMA7LT" name="aml_regression._4_CTR_TestScenarios" tests="4" failures="0" timestamp="15 May 2017 19:52:31 GMT" time="1524.832" errors="0">
  <testcase name="_2_store_login" time="11.922" classname="aml_regression._4_CTR_TestScenarios"/>
  <testcase name="_1_navigate_to_eCashURL" time="24.939" classname="aml_regression._4_CTR_TestScenarios"/>
  <testcase name="_4_AML" time="1469.342" classname="aml_regression._4_CTR_TestScenarios"/>
  <testcase name="_3_admin_login" time="18.629" classname="aml_regression._4_CTR_TestScenarios"/>
</testsuite> <!-- aml_regression._4_CTR_TestScenarios -->
