<?xml version="1.0" encoding="UTF-8"?>
<!-- Generated by org.testng.reporters.JUnitReportReporter -->
<testsuite hostname="RKOTTI7LT" name="Ohio._48_Void_Chargeoff" tests="3" failures="0" timestamp="1 Jul 2016 13:38:52 GMT" time="131.500" errors="0">
  <testcase name="Void_Loan_Chargeoff" time="96.353" classname="Ohio._48_Void_Chargeoff"/>
  <testcase name="Url_search" time="6.275" classname="Ohio._48_Void_Chargeoff"/>
  <testcase name="StroreLogin" time="28.872" classname="Ohio._48_Void_Chargeoff"/>
</testsuite> <!-- Ohio._48_Void_Chargeoff -->
