<?xml version="1.0" encoding="UTF-8"?>
<!-- Generated by org.testng.reporters.JUnitReportReporter -->
<testsuite hostname="GARIMA7LT" name="Indiana.Create_EPP" tests="5" failures="0" timestamp="14 Mar 2017 15:38:40 GMT" time="866.955" errors="0">
  <testcase name="StroreLogin" time="14.427" classname="Indiana.Create_EPP"/>
  <testcase name="ChkEPPERA" time="334.749" classname="Indiana.Create_EPP"/>
  <testcase name="Url_search" time="11.929" classname="Indiana.Create_EPP"/>
  <testcase name="newcustomer_Creation" time="469.881" classname="Indiana.Create_EPP"/>
  <testcase name="BusinessdatebacktoOriginal" time="35.969" classname="Indiana.Create_EPP"/>
</testsuite> <!-- Indiana.Create_EPP -->
