<?xml version="1.0" encoding="UTF-8"?>
<!-- Generated by org.testng.reporters.JUnitReportReporter -->
<testsuite hostname="RGUDLA7LT" name="Framework._18_Verify_WU_Send_over_Threshold" tests="4" failures="0" timestamp="29 Feb 2016 20:45:52 GMT" time="289.435" errors="0">
  <testcase name="Url_search" time="12.810" classname="Framework._18_Verify_WU_Send_over_Threshold"/>
  <testcase name="WU_Send_over_Threshold" time="228.528" classname="Framework._18_Verify_WU_Send_over_Threshold"/>
  <testcase name="StroreLogin" time="21.812" classname="Framework._18_Verify_WU_Send_over_Threshold"/>
  <testcase name="Open_Drawer" time="26.285" classname="Framework._18_Verify_WU_Send_over_Threshold"/>
</testsuite> <!-- Framework._18_Verify_WU_Send_over_Threshold -->
