<?xml version="1.0" encoding="UTF-8"?>
<!-- Generated by org.testng.reporters.JUnitReportReporter -->
<testsuite hostname="RGUDLA7LT" name="Framework.Void_Interstore_Transfer_57" tests="4" failures="0" timestamp="20 Jan 2016 15:28:17 GMT" time="156.936" errors="0">
  <testcase name="Valut_Open_Drawer" time="21.314" classname="Framework.Void_Interstore_Transfer_57"/>
  <testcase name="Open_Drawer" time="18.162" classname="Framework.Void_Interstore_Transfer_57"/>
  <testcase name="Inter_Strore" time="97.962" classname="Framework.Void_Interstore_Transfer_57"/>
  <testcase name="StroreLogin" time="19.498" classname="Framework.Void_Interstore_Transfer_57"/>
</testsuite> <!-- Framework.Void_Interstore_Transfer_57 -->
