<?xml version="1.0" encoding="UTF-8"?>
<!-- Generated by org.testng.reporters.JUnitReportReporter -->
<testsuite hostname="GARIMA7LT" name="Consumer_Loan_OH.Florida_PRA" tests="3" failures="0" timestamp="8 Mar 2017 13:09:17 GMT" time="562.252" errors="0">
  <testcase name="StroreLogin" time="19.106" classname="Consumer_Loan_OH.Florida_PRA"/>
  <testcase name="Url_search" time="12.751" classname="Consumer_Loan_OH.Florida_PRA"/>
  <testcase name="Verify_Loan_Amt_CustSearch" time="530.395" classname="Consumer_Loan_OH.Florida_PRA"/>
</testsuite> <!-- Consumer_Loan_OH.Florida_PRA -->
