<?xml version="1.0" encoding="UTF-8"?>
<!-- Generated by org.testng.reporters.JUnitReportReporter -->
<testsuite hostname="RGUDLA7LT" name="Framework.Void_Loan_Orgination_44_4_a" tests="4" failures="0" timestamp="21 Jan 2016 19:03:37 GMT" time="127.487" errors="0">
  <testcase name="StroreLogin" time="6.502" classname="Framework.Void_Loan_Orgination_44_4_a"/>
  <testcase name="newcustomer" time="32.677" classname="Framework.Void_Loan_Orgination_44_4_a"/>
  <testcase name="Open_Drawer" time="18.029" classname="Framework.Void_Loan_Orgination_44_4_a"/>
  <testcase name="Loan_Orgination" time="70.279" classname="Framework.Void_Loan_Orgination_44_4_a"/>
</testsuite> <!-- Framework.Void_Loan_Orgination_44_4_a -->
