<?xml version="1.0" encoding="UTF-8"?>
<!-- Generated by org.testng.reporters.JUnitReportReporter -->
<testsuite hostname="GARIMA7LT" name="virginia_regression._1_Create_LOC_ThreshholdMaxAmount_Credit" tests="5" failures="0" timestamp="27 Jun 2017 14:28:43 GMT" time="645.625" errors="0">
  <testcase name="_5_log_out" time="4.047" classname="virginia_regression._1_Create_LOC_ThreshholdMaxAmount_Credit"/>
  <testcase name="_2_teller_login" time="25.478" classname="virginia_regression._1_Create_LOC_ThreshholdMaxAmount_Credit"/>
  <testcase name="_3_newcustomer_Creation" time="32.516" classname="virginia_regression._1_Create_LOC_ThreshholdMaxAmount_Credit"/>
  <testcase name="_4_LOC_creation_ThreshholdDraw" time="557.548" classname="virginia_regression._1_Create_LOC_ThreshholdMaxAmount_Credit"/>
  <testcase name="_1_navigate_to_eCashURL" time="26.036" classname="virginia_regression._1_Create_LOC_ThreshholdMaxAmount_Credit"/>
</testsuite> <!-- virginia_regression._1_Create_LOC_ThreshholdMaxAmount_Credit -->
