<?xml version="1.0" encoding="UTF-8"?>
<!-- Generated by org.testng.reporters.JUnitReportReporter -->
<testsuite hostname="RKOTTI7LT" name="VA._40_Void_Notary" tests="7" failures="0" timestamp="30 Jun 2016 14:12:35 GMT" time="407.917" errors="0">
  <testcase name="Notary_With_Cust_with_Cart" time="104.007" classname="VA._40_Void_Notary"/>
  <testcase name="Open_Drawer" time="26.849" classname="VA._40_Void_Notary"/>
  <testcase name="Notary_with_Cust_No_Cart" time="99.754" classname="VA._40_Void_Notary"/>
  <testcase name="Url_search" time="8.703" classname="VA._40_Void_Notary"/>
  <testcase name="StroreLogin" time="9.366" classname="VA._40_Void_Notary"/>
  <testcase name="Notary_No_Cust_with_Cart" time="78.895" classname="VA._40_Void_Notary"/>
  <testcase name="Notary_No_Cust_No_Cart" time="80.343" classname="VA._40_Void_Notary"/>
</testsuite> <!-- VA._40_Void_Notary -->
