<?xml version="1.0" encoding="UTF-8"?>
<!-- Generated by org.testng.reporters.JUnitReportReporter -->
<testsuite hostname="RKOTTI7LT" name="Ohio._59_Void_xcode_Misc_Cash" tests="7" failures="0" timestamp="11 May 2016 19:33:12 GMT" time="423.411" errors="0">
  <testcase name="Url_search" time="8.438" classname="Ohio._59_Void_xcode_Misc_Cash"/>
  <testcase name="Open_Drawer" time="27.253" classname="Ohio._59_Void_xcode_Misc_Cash"/>
  <testcase name="xcode_No_Cust_No_Cart" time="85.175" classname="Ohio._59_Void_xcode_Misc_Cash"/>
  <testcase name="xcode_With_Cust_with_Cart" time="109.511" classname="Ohio._59_Void_xcode_Misc_Cash"/>
  <testcase name="xcode_No_Cust_with_Cart" time="80.180" classname="Ohio._59_Void_xcode_Misc_Cash"/>
  <testcase name="xcode_with_Cust_No_Cart" time="104.188" classname="Ohio._59_Void_xcode_Misc_Cash"/>
  <testcase name="StroreLogin" time="8.666" classname="Ohio._59_Void_xcode_Misc_Cash"/>
</testsuite> <!-- Ohio._59_Void_xcode_Misc_Cash -->
