<?xml version="1.0" encoding="UTF-8"?>
<!-- Generated by org.testng.reporters.JUnitReportReporter -->
<testsuite hostname="RKOTTI7LT" name="Florida._57_Void_Interstore_Transfer" tests="5" failures="0" timestamp="7 Sep 2016 15:33:48 GMT" time="252.809" errors="0">
  <testcase name="Open_Drawer" time="27.537" classname="Florida._57_Void_Interstore_Transfer"/>
  <testcase name="Url_search" time="7.651" classname="Florida._57_Void_Interstore_Transfer"/>
  <testcase name="Valut_Open_Drawer" time="27.915" classname="Florida._57_Void_Interstore_Transfer"/>
  <testcase name="Inter_Strore_Transfer" time="161.820" classname="Florida._57_Void_Interstore_Transfer"/>
  <testcase name="StroreLogin" time="27.886" classname="Florida._57_Void_Interstore_Transfer"/>
</testsuite> <!-- Florida._57_Void_Interstore_Transfer -->
