<?xml version="1.0" encoding="UTF-8"?>
<!-- Generated by org.testng.reporters.JUnitReportReporter -->
<testsuite hostname="RGUDLA7LT" name="Framework._50_Void_TTL_Loan_Payment" tests="3" failures="0" timestamp="29 Feb 2016 19:40:06 GMT" time="330.153" errors="0">
  <testcase name="Void_TTL_Loan_Payment" time="292.893" classname="Framework._50_Void_TTL_Loan_Payment"/>
  <testcase name="StroreLogin" time="28.038" classname="Framework._50_Void_TTL_Loan_Payment"/>
  <testcase name="Url_search" time="9.222" classname="Framework._50_Void_TTL_Loan_Payment"/>
</testsuite> <!-- Framework._50_Void_TTL_Loan_Payment -->
