<?xml version="1.0" encoding="UTF-8"?>
<!-- Generated by org.testng.reporters.JUnitReportReporter -->
<testsuite hostname="NKOTIKALAPUDI7LT" name="VA._4_a_Verify_Loan_Amt_VA" tests="3" failures="0" timestamp="1 Aug 2016 20:33:35 GMT" time="132.719" errors="0">
  <testcase name="Verify_Loan_Amt_VA" time="107.633" classname="VA._4_a_Verify_Loan_Amt_VA"/>
  <testcase name="StroreLogin" time="14.323" classname="VA._4_a_Verify_Loan_Amt_VA"/>
  <testcase name="Url_search" time="10.763" classname="VA._4_a_Verify_Loan_Amt_VA"/>
</testsuite> <!-- VA._4_a_Verify_Loan_Amt_VA -->
