<?xml version="1.0" encoding="UTF-8"?>
<!-- Generated by org.testng.reporters.JUnitReportReporter -->
<testsuite hostname="GARIMA7LT" name="aml_regression.test" tests="4" failures="0" timestamp="25 Apr 2017 20:25:12 GMT" time="42.775" errors="0">
  <testcase name="_5_Reportsgeneration" time="10.333" classname="aml_regression.test"/>
  <testcase name="_3_store_login" time="10.513" classname="aml_regression.test"/>
  <testcase name="_4_RapidPay_disenrollment" time="9.902" classname="aml_regression.test"/>
  <testcase name="_1_navigate_to_eCashURL" time="12.027" classname="aml_regression.test"/>
</testsuite> <!-- aml_regression.test -->
