<?xml version="1.0" encoding="UTF-8"?>
<!-- Generated by org.testng.reporters.JUnitReportReporter -->
<testsuite hostname="NKOTIKALAPUDI7LT" name="VA._45_Void_Loan_Payment" tests="3" failures="0" timestamp="1 Aug 2016 20:33:35 GMT" time="338.948" errors="0">
  <testcase name="Url_search" time="10.124" classname="VA._45_Void_Loan_Payment"/>
  <testcase name="StroreLogin" time="28.315" classname="VA._45_Void_Loan_Payment"/>
  <testcase name="Void_Loan_Payment" time="300.509" classname="VA._45_Void_Loan_Payment"/>
</testsuite> <!-- VA._45_Void_Loan_Payment -->
