<?xml version="1.0" encoding="UTF-8"?>
<!-- Generated by org.testng.reporters.JUnitReportReporter -->
<testsuite hostname="GARIMA7LT" name="Virginia.test1" tests="1" failures="0" timestamp="29 Mar 2017 20:30:51 GMT" time="12.485" errors="0">
  <testcase name="Businessdatechange" time="12.485" classname="Virginia.test1"/>
</testsuite> <!-- Virginia.test1 -->
