<?xml version="1.0" encoding="UTF-8"?>
<!-- Generated by org.testng.reporters.JUnitReportReporter -->
<testsuite hostname="RGUDLA7LT" name="Framework.Void_xcode_Petty_cash_61" tests="3" failures="0" timestamp="20 Jan 2016 14:28:00 GMT" time="79.578" errors="0">
  <testcase name="xcode_Petty_No_Cust_No_Cart" time="50.115" classname="Framework.Void_xcode_Petty_cash_61"/>
  <testcase name="Open_Drawer" time="22.115" classname="Framework.Void_xcode_Petty_cash_61"/>
  <testcase name="StroreLogin" time="7.348" classname="Framework.Void_xcode_Petty_cash_61"/>
</testsuite> <!-- Framework.Void_xcode_Petty_cash_61 -->
