<?xml version="1.0" encoding="UTF-8"?>
<!-- Generated by org.testng.reporters.JUnitReportReporter -->
<testsuite hostname="RGUDLA7LT" name="Florida._4_b_Verify_Loan_Amt_FL" tests="3" failures="0" timestamp="1 Mar 2016 20:34:09 GMT" time="122.885" errors="0">
  <testcase name="StroreLogin" time="6.622" classname="Florida._4_b_Verify_Loan_Amt_FL"/>
  <testcase name="Url_search" time="9.565" classname="Florida._4_b_Verify_Loan_Amt_FL"/>
  <testcase name="Void_Loan_Amt_FL" time="106.698" classname="Florida._4_b_Verify_Loan_Amt_FL"/>
</testsuite> <!-- Florida._4_b_Verify_Loan_Amt_FL -->
