<?xml version="1.0" encoding="UTF-8"?>
<!-- Generated by org.testng.reporters.JUnitReportReporter -->
<testsuite hostname="RGUDLA7LT" name="Framework.MO_No_Customer" tests="2" failures="0" timestamp="7 Oct 2015 20:18:22 GMT" time="26.594" errors="0">
  <testcase name="misc_Cust_Money_Order_withcart" time="20.760" classname="Framework.MO_No_Customer"/>
  <testcase name="StroreLogin" time="5.834" classname="Framework.MO_No_Customer"/>
</testsuite> <!-- Framework.MO_No_Customer -->
