<?xml version="1.0" encoding="UTF-8"?>
<!-- Generated by org.testng.reporters.JUnitReportReporter -->
<testsuite hostname="RGUDLA7LT" name="Framework.Void_TTL_Loan_Payoff_52" tests="4" failures="0" timestamp="21 Jan 2016 17:58:39 GMT" time="297.014" errors="0">
  <testcase name="Resicnd" time="222.426" classname="Framework.Void_TTL_Loan_Payoff_52"/>
  <testcase name="newcustomer" time="32.679" classname="Framework.Void_TTL_Loan_Payoff_52"/>
  <testcase name="StroreLogin" time="20.017" classname="Framework.Void_TTL_Loan_Payoff_52"/>
  <testcase name="Open_Drawer" time="21.892" classname="Framework.Void_TTL_Loan_Payoff_52"/>
</testsuite> <!-- Framework.Void_TTL_Loan_Payoff_52 -->
