<?xml version="1.0" encoding="UTF-8"?>
<!-- Generated by org.testng.reporters.JUnitReportReporter -->
<testsuite hostname="RKOTTI7LT" name="Ohio._61_Void_xcode_Petty_cash" tests="4" failures="0" timestamp="11 May 2016 19:33:12 GMT" time="123.516" errors="0">
  <testcase name="Url_search" time="8.028" classname="Ohio._61_Void_xcode_Petty_cash"/>
  <testcase name="Open_Drawer" time="27.393" classname="Ohio._61_Void_xcode_Petty_cash"/>
  <testcase name="StroreLogin" time="8.792" classname="Ohio._61_Void_xcode_Petty_cash"/>
  <testcase name="xcode_Petty_No_Cust_No_Cart" time="79.303" classname="Ohio._61_Void_xcode_Petty_cash"/>
</testsuite> <!-- Ohio._61_Void_xcode_Petty_cash -->
