<?xml version="1.0" encoding="UTF-8"?>
<!-- Generated by org.testng.reporters.JUnitReportReporter -->
<testsuite hostname="RGUDLA7LT" name="Framework._39_Void_Fax" tests="6" failures="0" timestamp="10 Feb 2016 19:06:47 GMT" time="288.689" errors="0">
  <testcase name="Open_Drawer" time="20.612" classname="Framework._39_Void_Fax"/>
  <testcase name="Fax_No_Cust_with_Cart" time="54.189" classname="Framework._39_Void_Fax"/>
  <testcase name="Fax_No_Cust_No_Cart" time="56.350" classname="Framework._39_Void_Fax"/>
  <testcase name="Fax_With_Cust_with_Cart" time="76.048" classname="Framework._39_Void_Fax"/>
  <testcase name="Fax_with_Cust_No_Cart" time="74.440" classname="Framework._39_Void_Fax"/>
  <testcase name="StroreLogin" time="7.050" classname="Framework._39_Void_Fax"/>
</testsuite> <!-- Framework._39_Void_Fax -->
