<?xml version="1.0" encoding="UTF-8"?>
<!-- Generated by org.testng.reporters.JUnitReportReporter -->
<testsuite hostname="GARIMA7LT" name="California.Create_EPP" tests="6" failures="0" timestamp="23 Jun 2017 18:33:17 GMT" time="282.224" errors="0">
  <testcase name="Url_search" time="11.442" classname="California.Create_EPP"/>
  <testcase name="_2_store_login" time="10.070" classname="California.Create_EPP"/>
  <testcase name="_3_newcustomer_Creation" time="168.493" classname="California.Create_EPP"/>
  <testcase name="BusinessdatebacktoOriginal" time="22.932" classname="California.Create_EPP"/>
  <testcase name="ChkEPPERA" time="54.670" classname="California.Create_EPP"/>
  <testcase name="_1_admin_login" time="14.617" classname="California.Create_EPP"/>
</testsuite> <!-- California.Create_EPP -->
