<?xml version="1.0" encoding="UTF-8"?>
<!-- Generated by org.testng.reporters.JUnitReportReporter -->
<testsuite hostname="RKOTTI7LT" name="Ohio._32_Void_WU_Send" tests="7" failures="0" timestamp="11 May 2016 19:33:12 GMT" time="493.471" errors="0">
  <testcase name="Url_search" time="6.666" classname="Ohio._32_Void_WU_Send"/>
  <testcase name="StroreLogin" time="9.981" classname="Ohio._32_Void_WU_Send"/>
  <testcase name="Open_Drawer" time="27.711" classname="Ohio._32_Void_WU_Send"/>
  <testcase name="WU_Send_No_Cust_with_Cart" time="103.383" classname="Ohio._32_Void_WU_Send"/>
  <testcase name="WU_Send_No_Cust_No_Cart" time="104.220" classname="Ohio._32_Void_WU_Send"/>
  <testcase name="WU_Send_With_Cust_with_Cart" time="121.945" classname="Ohio._32_Void_WU_Send"/>
  <testcase name="WU_Send_with_Cust_No_Cart" time="119.565" classname="Ohio._32_Void_WU_Send"/>
</testsuite> <!-- Ohio._32_Void_WU_Send -->
