<?xml version="1.0" encoding="UTF-8"?>
<!-- Generated by org.testng.reporters.JUnitReportReporter -->
<testsuite hostname="GARIMA7LT" name="virginia_regression._01_Create_PRA_14" tests="7" failures="0" timestamp="5 Jun 2017 12:38:27 GMT" time="277.347" errors="0">
  <testcase name="_3_teller_login" time="9.589" classname="virginia_regression._01_Create_PRA_14"/>
  <testcase name="_6_businessdatebacktoOriginal" time="2.252" classname="virginia_regression._01_Create_PRA_14"/>
  <testcase name="_1_admin_login" time="14.429" classname="virginia_regression._01_Create_PRA_14"/>
  <testcase name="_7_logout_admin" time="6.762" classname="virginia_regression._01_Create_PRA_14"/>
  <testcase name="_2_navigate_to_eCashURL" time="7.975" classname="virginia_regression._01_Create_PRA_14"/>
  <testcase name="_5_PRA_Creation" time="231.858" classname="virginia_regression._01_Create_PRA_14"/>
  <testcase name="_8_logout_teller" time="4.482" classname="virginia_regression._01_Create_PRA_14"/>
</testsuite> <!-- virginia_regression._01_Create_PRA_14 -->
