<?xml version="1.0" encoding="UTF-8"?>
<!-- Generated by org.testng.reporters.JUnitReportReporter -->
<testsuite hostname="RGUDLA7LT" name="Framework.Void_Loan_Origination_44" tests="4" failures="0" timestamp="29 Jan 2016 18:07:18 GMT" time="172.557" errors="0">
  <testcase name="StroreLogin" time="26.098" classname="Framework.Void_Loan_Origination_44"/>
  <testcase name="newcustomer" time="42.054" classname="Framework.Void_Loan_Origination_44"/>
  <testcase name="Open_Drawer" time="18.414" classname="Framework.Void_Loan_Origination_44"/>
  <testcase name="Resicnd" time="85.991" classname="Framework.Void_Loan_Origination_44"/>
</testsuite> <!-- Framework.Void_Loan_Origination_44 -->
