<?xml version="1.0" encoding="UTF-8"?>
<!-- Generated by org.testng.reporters.JUnitReportReporter -->
<testsuite hostname="RKOTTI7LT" name="Tennesse.Current_SystemDate" tests="2" failures="2" timestamp="28 Jun 2016 17:25:04 GMT" time="58.435" errors="0">
  <testcase name="Url_search" time="53.049" classname="Tennesse.Current_SystemDate">
    <failure type="org.openqa.selenium.WebDriverException" message="Failed to connect to binary FirefoxBinary(C:\Program Files (x86)\Mozilla Firefox\firefox.exe) on port 7055; process output follows: 
Recursive scan of {972ce4c6-7e08-4474-a285-3208198ce6fd}
1467134652637	DeferredSave.extensions.json	DEBUG	Save changes
1467134652637	addons.xpi	DEBUG	Updating database with changes to installed add-ons
1467134652638	addons.xpi-utils	DEBUG	Updating add-on states
1467134652638	addons.xpi-utils	DEBUG	Writing add-ons list
1467134652644	addons.xpi	DEBUG	Registering manifest for C:\Program Files (x86)\Mozilla Firefox\browser\features\e10srollout@mozilla.org.xpi
1467134652645	addons.xpi	DEBUG	Calling bootstrap method startup on e10srollout@mozilla.org version 1.0
1467134652645	addons.xpi	DEBUG	Registering manifest for C:\Program Files (x86)\Mozilla Firefox\browser\features\firefox@getpocket.com.xpi
1467134652645	addons.xpi	DEBUG	Calling bootstrap method startup on firefox@getpocket.com version 1.0.2
1467134652646	addons.xpi	DEBUG	Registering manifest for C:\Program Files (x86)\Mozilla Firefox\browser\features\loop@mozilla.org.xpi
1467134652647	addons.xpi	DEBUG	Calling bootstrap method startup on loop@mozilla.org version 1.3.2
1467134652668	addons.manager	DEBUG	Registering shutdown blocker for XPIProvider
1467134652669	addons.manager	DEBUG	Provider finished startup: XPIProvider
1467134652669	addons.manager	DEBUG	Starting provider: LightweightThemeManager
1467134652669	addons.manager	DEBUG	Registering shutdown blocker for LightweightThemeManager
1467134652669	addons.manager	DEBUG	Provider finished startup: LightweightThemeManager
1467134652669	addons.manager	DEBUG	Starting provider: GMPProvider
1467134652678	addons.manager	DEBUG	Registering shutdown blocker for GMPProvider
1467134652678	addons.manager	DEBUG	Provider finished startup: GMPProvider
1467134652678	addons.manager	DEBUG	Starting provider: PluginProvider
1467134652678	addons.manager	DEBUG	Registering shutdown blocker for PluginProvider
1467134652679	addons.manager	DEBUG	Provider finished startup: PluginProvider
1467134652679	addons.manager	DEBUG	Completed startup sequence
1467134654310	addons.manager	DEBUG	Starting provider: &lt;unnamed-provider&gt;
1467134654310	addons.manager	DEBUG	Registering shutdown blocker for &lt;unnamed-provider&gt;
1467134654310	addons.manager	DEBUG	Provider finished startup: &lt;unnamed-provider&gt;
1467134654311	DeferredSave.extensions.json	DEBUG	Starting write
1467134654715	addons.repository	DEBUG	No addons.json found.
1467134654716	DeferredSave.addons.json	DEBUG	Save changes
1467134654721	DeferredSave.addons.json	DEBUG	Starting timer
1467134654782	addons.manager	DEBUG	Starting provider: PreviousExperimentProvider
1467134654783	addons.manager	DEBUG	Registering shutdown blocker for PreviousExperimentProvider
1467134654783	addons.manager	DEBUG	Provider finished startup: PreviousExperimentProvider
1467134654786	DeferredSave.extensions.json	DEBUG	Write succeeded
1467134654787	addons.xpi-utils	DEBUG	XPI Database saved, setting schema version preference to 17
1467134654788	DeferredSave.addons.json	DEBUG	Starting write
1467134654812	DeferredSave.addons.json	DEBUG	Write succeeded
1467134697089	addons.xpi	DEBUG	Calling bootstrap method shutdown on e10srollout@mozilla.org version 1.0
1467134697090	addons.xpi	DEBUG	Calling bootstrap method shutdown on firefox@getpocket.com version 1.0.2
1467134697090	addons.xpi	DEBUG	Calling bootstrap method shutdown on loop@mozilla.org version 1.3.2
1467134697242	addons.manager	DEBUG	shutdown
1467134697243	addons.manager	DEBUG	Calling shutdown blocker for XPIProvider
1467134697243	addons.xpi	DEBUG	shutdown
1467134697244	addons.xpi-utils	DEBUG	shutdown
1467134697245	addons.manager	DEBUG	Calling shutdown blocker for LightweightThemeManager
1467134697246	addons.manager	DEBUG	Calling shutdown blocker for GMPProvider
1467134697248	addons.manager	DEBUG	Calling shutdown blocker for PluginProvider
1467134697249	addons.manager	DEBUG	Calling shutdown blocker for &lt;unnamed-provider&gt;
1467134697250	addons.manager	DEBUG	Calling shutdown blocker for PreviousExperimentProvider
1467134697254	addons.xpi	DEBUG	Notifying XPI shutdown observers
1467134697259	addons.manager	DEBUG	Async provider shutdown done

Build info: version: &#039;2.47.1&#039;, revision: &#039;411b314&#039;, time: &#039;2015-07-30 02:56:46&#039;
System info: host: &#039;RKOTTI7LT&#039;, ip: &#039;10.160.0.18&#039;, os.name: &#039;Windows 7&#039;, os.arch: &#039;amd64&#039;, os.version: &#039;6.1&#039;, java.version: &#039;1.8.0_71&#039;
Driver info: driver.version: FirefoxDriver">
      <![CDATA[org.openqa.selenium.WebDriverException: Failed to connect to binary FirefoxBinary(C:\Program Files (x86)\Mozilla Firefox\firefox.exe) on port 7055; process output follows: 
Recursive scan of {972ce4c6-7e08-4474-a285-3208198ce6fd}
1467134652637	DeferredSave.extensions.json	DEBUG	Save changes
1467134652637	addons.xpi	DEBUG	Updating database with changes to installed add-ons
1467134652638	addons.xpi-utils	DEBUG	Updating add-on states
1467134652638	addons.xpi-utils	DEBUG	Writing add-ons list
1467134652644	addons.xpi	DEBUG	Registering manifest for C:\Program Files (x86)\Mozilla Firefox\browser\features\e10srollout@mozilla.org.xpi
1467134652645	addons.xpi	DEBUG	Calling bootstrap method startup on e10srollout@mozilla.org version 1.0
1467134652645	addons.xpi	DEBUG	Registering manifest for C:\Program Files (x86)\Mozilla Firefox\browser\features\firefox@getpocket.com.xpi
1467134652645	addons.xpi	DEBUG	Calling bootstrap method startup on firefox@getpocket.com version 1.0.2
1467134652646	addons.xpi	DEBUG	Registering manifest for C:\Program Files (x86)\Mozilla Firefox\browser\features\loop@mozilla.org.xpi
1467134652647	addons.xpi	DEBUG	Calling bootstrap method startup on loop@mozilla.org version 1.3.2
1467134652668	addons.manager	DEBUG	Registering shutdown blocker for XPIProvider
1467134652669	addons.manager	DEBUG	Provider finished startup: XPIProvider
1467134652669	addons.manager	DEBUG	Starting provider: LightweightThemeManager
1467134652669	addons.manager	DEBUG	Registering shutdown blocker for LightweightThemeManager
1467134652669	addons.manager	DEBUG	Provider finished startup: LightweightThemeManager
1467134652669	addons.manager	DEBUG	Starting provider: GMPProvider
1467134652678	addons.manager	DEBUG	Registering shutdown blocker for GMPProvider
1467134652678	addons.manager	DEBUG	Provider finished startup: GMPProvider
1467134652678	addons.manager	DEBUG	Starting provider: PluginProvider
1467134652678	addons.manager	DEBUG	Registering shutdown blocker for PluginProvider
1467134652679	addons.manager	DEBUG	Provider finished startup: PluginProvider
1467134652679	addons.manager	DEBUG	Completed startup sequence
1467134654310	addons.manager	DEBUG	Starting provider: <unnamed-provider>
1467134654310	addons.manager	DEBUG	Registering shutdown blocker for <unnamed-provider>
1467134654310	addons.manager	DEBUG	Provider finished startup: <unnamed-provider>
1467134654311	DeferredSave.extensions.json	DEBUG	Starting write
1467134654715	addons.repository	DEBUG	No addons.json found.
1467134654716	DeferredSave.addons.json	DEBUG	Save changes
1467134654721	DeferredSave.addons.json	DEBUG	Starting timer
1467134654782	addons.manager	DEBUG	Starting provider: PreviousExperimentProvider
1467134654783	addons.manager	DEBUG	Registering shutdown blocker for PreviousExperimentProvider
1467134654783	addons.manager	DEBUG	Provider finished startup: PreviousExperimentProvider
1467134654786	DeferredSave.extensions.json	DEBUG	Write succeeded
1467134654787	addons.xpi-utils	DEBUG	XPI Database saved, setting schema version preference to 17
1467134654788	DeferredSave.addons.json	DEBUG	Starting write
1467134654812	DeferredSave.addons.json	DEBUG	Write succeeded
1467134697089	addons.xpi	DEBUG	Calling bootstrap method shutdown on e10srollout@mozilla.org version 1.0
1467134697090	addons.xpi	DEBUG	Calling bootstrap method shutdown on firefox@getpocket.com version 1.0.2
1467134697090	addons.xpi	DEBUG	Calling bootstrap method shutdown on loop@mozilla.org version 1.3.2
1467134697242	addons.manager	DEBUG	shutdown
1467134697243	addons.manager	DEBUG	Calling shutdown blocker for XPIProvider
1467134697243	addons.xpi	DEBUG	shutdown
1467134697244	addons.xpi-utils	DEBUG	shutdown
1467134697245	addons.manager	DEBUG	Calling shutdown blocker for LightweightThemeManager
1467134697246	addons.manager	DEBUG	Calling shutdown blocker for GMPProvider
1467134697248	addons.manager	DEBUG	Calling shutdown blocker for PluginProvider
1467134697249	addons.manager	DEBUG	Calling shutdown blocker for <unnamed-provider>
1467134697250	addons.manager	DEBUG	Calling shutdown blocker for PreviousExperimentProvider
1467134697254	addons.xpi	DEBUG	Notifying XPI shutdown observers
1467134697259	addons.manager	DEBUG	Async provider shutdown done

Build info: version: '2.47.1', revision: '411b314', time: '2015-07-30 02:56:46'
System info: host: 'RKOTTI7LT', ip: '10.160.0.18', os.name: 'Windows 7', os.arch: 'amd64', os.version: '6.1', java.version: '1.8.0_71'
Driver info: driver.version: FirefoxDriver
	at org.openqa.selenium.firefox.internal.NewProfileExtensionConnection.start(NewProfileExtensionConnection.java:134)
	at org.openqa.selenium.firefox.FirefoxDriver.startClient(FirefoxDriver.java:276)
	at org.openqa.selenium.remote.RemoteWebDriver.<init>(RemoteWebDriver.java:116)
	at org.openqa.selenium.firefox.FirefoxDriver.<init>(FirefoxDriver.java:223)
	at org.openqa.selenium.firefox.FirefoxDriver.<init>(FirefoxDriver.java:216)
	at org.openqa.selenium.firefox.FirefoxDriver.<init>(FirefoxDriver.java:212)
	at org.openqa.selenium.firefox.FirefoxDriver.<init>(FirefoxDriver.java:125)
	at Tennesse.Current_SystemDate.Url_search(Current_SystemDate.java:57)
	at sun.reflect.NativeMethodAccessorImpl.invoke0(Native Method)
	at sun.reflect.NativeMethodAccessorImpl.invoke(Unknown Source)
	at sun.reflect.DelegatingMethodAccessorImpl.invoke(Unknown Source)
	at java.lang.reflect.Method.invoke(Unknown Source)
	at org.testng.internal.MethodInvocationHelper.invokeMethod(MethodInvocationHelper.java:84)
	at org.testng.internal.Invoker.invokeMethod(Invoker.java:714)
	at org.testng.internal.Invoker.invokeTestMethod(Invoker.java:901)
	at org.testng.internal.Invoker.invokeTestMethods(Invoker.java:1231)
	at org.testng.internal.TestMethodWorker.invokeTestMethods(TestMethodWorker.java:127)
	at org.testng.internal.TestMethodWorker.run(TestMethodWorker.java:111)
	at org.testng.TestRunner.privateRun(TestRunner.java:767)
	at org.testng.TestRunner.run(TestRunner.java:617)
	at org.testng.SuiteRunner.runTest(SuiteRunner.java:334)
	at org.testng.SuiteRunner.runSequentially(SuiteRunner.java:329)
	at org.testng.SuiteRunner.privateRun(SuiteRunner.java:291)
	at org.testng.SuiteRunner.run(SuiteRunner.java:240)
	at org.testng.SuiteRunnerWorker.runSuite(SuiteRunnerWorker.java:52)
	at org.testng.SuiteRunnerWorker.run(SuiteRunnerWorker.java:86)
	at org.testng.TestNG.runSuitesSequentially(TestNG.java:1224)
	at org.testng.TestNG.runSuitesLocally(TestNG.java:1149)
	at org.testng.TestNG.run(TestNG.java:1057)
	at org.testng.remote.RemoteTestNG.run(RemoteTestNG.java:111)
	at org.testng.remote.RemoteTestNG.initAndRun(RemoteTestNG.java:204)
	at org.testng.remote.RemoteTestNG.main(RemoteTestNG.java:175)
Caused by: org.openqa.selenium.firefox.NotConnectedException: Unable to connect to host 127.0.0.1 on port 7055 after 45000 ms. Firefox console output:
Recursive scan of {972ce4c6-7e08-4474-a285-3208198ce6fd}
1467134652637	DeferredSave.extensions.json	DEBUG	Save changes
1467134652637	addons.xpi	DEBUG	Updating database with changes to installed add-ons
1467134652638	addons.xpi-utils	DEBUG	Updating add-on states
1467134652638	addons.xpi-utils	DEBUG	Writing add-ons list
1467134652644	addons.xpi	DEBUG	Registering manifest for C:\Program Files (x86)\Mozilla Firefox\browser\features\e10srollout@mozilla.org.xpi
1467134652645	addons.xpi	DEBUG	Calling bootstrap method startup on e10srollout@mozilla.org version 1.0
1467134652645	addons.xpi	DEBUG	Registering manifest for C:\Program Files (x86)\Mozilla Firefox\browser\features\firefox@getpocket.com.xpi
1467134652645	addons.xpi	DEBUG	Calling bootstrap method startup on firefox@getpocket.com version 1.0.2
1467134652646	addons.xpi	DEBUG	Registering manifest for C:\Program Files (x86)\Mozilla Firefox\browser\features\loop@mozilla.org.xpi
1467134652647	addons.xpi	DEBUG	Calling bootstrap method startup on loop@mozilla.org version 1.3.2
1467134652668	addons.manager	DEBUG	Registering shutdown blocker for XPIProvider
1467134652669	addons.manager	DEBUG	Provider finished startup: XPIProvider
1467134652669	addons.manager	DEBUG	Starting provider: LightweightThemeManager
1467134652669	addons.manager	DEBUG	Registering shutdown blocker for LightweightThemeManager
1467134652669	addons.manager	DEBUG	Provider finished startup: LightweightThemeManager
1467134652669	addons.manager	DEBUG	Starting provider: GMPProvider
1467134652678	addons.manager	DEBUG	Registering shutdown blocker for GMPProvider
1467134652678	addons.manager	DEBUG	Provider finished startup: GMPProvider
1467134652678	addons.manager	DEBUG	Starting provider: PluginProvider
1467134652678	addons.manager	DEBUG	Registering shutdown blocker for PluginProvider
1467134652679	addons.manager	DEBUG	Provider finished startup: PluginProvider
1467134652679	addons.manager	DEBUG	Completed startup sequence
1467134654310	addons.manager	DEBUG	Starting provider: <unnamed-provider>
1467134654310	addons.manager	DEBUG	Registering shutdown blocker for <unnamed-provider>
1467134654310	addons.manager	DEBUG	Provider finished startup: <unnamed-provider>
1467134654311	DeferredSave.extensions.json	DEBUG	Starting write
1467134654715	addons.repository	DEBUG	No addons.json found.
1467134654716	DeferredSave.addons.json	DEBUG	Save changes
1467134654721	DeferredSave.addons.json	DEBUG	Starting timer
1467134654782	addons.manager	DEBUG	Starting provider: PreviousExperimentProvider
1467134654783	addons.manager	DEBUG	Registering shutdown blocker for PreviousExperimentProvider
1467134654783	addons.manager	DEBUG	Provider finished startup: PreviousExperimentProvider
1467134654786	DeferredSave.extensions.json	DEBUG	Write succeeded
1467134654787	addons.xpi-utils	DEBUG	XPI Database saved, setting schema version preference to 17
1467134654788	DeferredSave.addons.json	DEBUG	Starting write
1467134654812	DeferredSave.addons.json	DEBUG	Write succeeded
1467134697089	addons.xpi	DEBUG	Calling bootstrap method shutdown on e10srollout@mozilla.org version 1.0
1467134697090	addons.xpi	DEBUG	Calling bootstrap method shutdown on firefox@getpocket.com version 1.0.2
1467134697090	addons.xpi	DEBUG	Calling bootstrap method shutdown on loop@mozilla.org version 1.3.2
1467134697242	addons.manager	DEBUG	shutdown
1467134697243	addons.manager	DEBUG	Calling shutdown blocker for XPIProvider
1467134697243	addons.xpi	DEBUG	shutdown
1467134697244	addons.xpi-utils	DEBUG	shutdown
1467134697245	addons.manager	DEBUG	Calling shutdown blocker for LightweightThemeManager
1467134697246	addons.manager	DEBUG	Calling shutdown blocker for GMPProvider
1467134697248	addons.manager	DEBUG	Calling shutdown blocker for PluginProvider
1467134697249	addons.manager	DEBUG	Calling shutdown blocker for <unnamed-provider>
1467134697250	addons.manager	DEBUG	Calling shutdown blocker for PreviousExperimentProvider
1467134697254	addons.xpi	DEBUG	Notifying XPI shutdown observers
1467134697259	addons.manager	DEBUG	Async provider shutdown done

	at org.openqa.selenium.firefox.internal.NewProfileExtensionConnection.start(NewProfileExtensionConnection.java:122)
	... 31 more
]]>
    </failure>
  </testcase> <!-- Url_search -->
  <testcase name="date" time="5.386" classname="Tennesse.Current_SystemDate">
    <failure type="java.lang.NullPointerException">
      <![CDATA[java.lang.NullPointerException
	at Functions.Function_Classes.field_clear(Function_Classes.java:35)
	at Tennesse.Current_SystemDate.date(Current_SystemDate.java:82)
	at sun.reflect.NativeMethodAccessorImpl.invoke0(Native Method)
	at sun.reflect.NativeMethodAccessorImpl.invoke(Unknown Source)
	at sun.reflect.DelegatingMethodAccessorImpl.invoke(Unknown Source)
	at java.lang.reflect.Method.invoke(Unknown Source)
	at org.testng.internal.MethodInvocationHelper.invokeMethod(MethodInvocationHelper.java:84)
	at org.testng.internal.Invoker.invokeMethod(Invoker.java:714)
	at org.testng.internal.Invoker.invokeTestMethod(Invoker.java:901)
	at org.testng.internal.Invoker.invokeTestMethods(Invoker.java:1231)
	at org.testng.internal.TestMethodWorker.invokeTestMethods(TestMethodWorker.java:127)
	at org.testng.internal.TestMethodWorker.run(TestMethodWorker.java:111)
	at org.testng.TestRunner.privateRun(TestRunner.java:767)
	at org.testng.TestRunner.run(TestRunner.java:617)
	at org.testng.SuiteRunner.runTest(SuiteRunner.java:334)
	at org.testng.SuiteRunner.runSequentially(SuiteRunner.java:329)
	at org.testng.SuiteRunner.privateRun(SuiteRunner.java:291)
	at org.testng.SuiteRunner.run(SuiteRunner.java:240)
	at org.testng.SuiteRunnerWorker.runSuite(SuiteRunnerWorker.java:52)
	at org.testng.SuiteRunnerWorker.run(SuiteRunnerWorker.java:86)
	at org.testng.TestNG.runSuitesSequentially(TestNG.java:1224)
	at org.testng.TestNG.runSuitesLocally(TestNG.java:1149)
	at org.testng.TestNG.run(TestNG.java:1057)
	at org.testng.remote.RemoteTestNG.run(RemoteTestNG.java:111)
	at org.testng.remote.RemoteTestNG.initAndRun(RemoteTestNG.java:204)
	at org.testng.remote.RemoteTestNG.main(RemoteTestNG.java:175)
]]>
    </failure>
  </testcase> <!-- date -->
</testsuite> <!-- Tennesse.Current_SystemDate -->
