<?xml version="1.0" encoding="UTF-8"?>
<!-- Generated by org.testng.reporters.JUnitReportReporter -->
<testsuite hostname="GARIMA7LT" name="indiana_regression._3_Verify_Max_Min_LoanAmount" tests="5" failures="0" timestamp="29 Jun 2017 18:27:29 GMT" time="86.253" errors="0">
  <testcase name="_2_teller_login" time="12.362" classname="indiana_regression._3_Verify_Max_Min_LoanAmount"/>
  <testcase name="_1_navigate_to_eCashURL" time="10.949" classname="indiana_regression._3_Verify_Max_Min_LoanAmount"/>
  <testcase name="_4_PRA_creation_MaxDraw" time="31.418" classname="indiana_regression._3_Verify_Max_Min_LoanAmount"/>
  <testcase name="_6_log_out" time="1.024" classname="indiana_regression._3_Verify_Max_Min_LoanAmount"/>
  <testcase name="_5_PRA_creation_MinDraw" time="30.500" classname="indiana_regression._3_Verify_Max_Min_LoanAmount"/>
</testsuite> <!-- indiana_regression._3_Verify_Max_Min_LoanAmount -->
