<?xml version="1.0" encoding="UTF-8"?>
<!-- Generated by org.testng.reporters.JUnitReportReporter -->
<testsuite hostname="RKOTTI7LT" name="Ohio._15_Verify_ATM_with_Cart" tests="4" failures="0" timestamp="11 May 2016 19:33:12 GMT" time="201.879" errors="0">
  <testcase name="ATM_With_Cust_with_Cart" time="139.977" classname="Ohio._15_Verify_ATM_with_Cart"/>
  <testcase name="Url_search" time="5.553" classname="Ohio._15_Verify_ATM_with_Cart"/>
  <testcase name="Open_Drawer" time="27.972" classname="Ohio._15_Verify_ATM_with_Cart"/>
  <testcase name="StroreLogin" time="28.377" classname="Ohio._15_Verify_ATM_with_Cart"/>
</testsuite> <!-- Ohio._15_Verify_ATM_with_Cart -->
