<?xml version="1.0" encoding="UTF-8"?>
<!-- Generated by org.testng.reporters.JUnitReportReporter -->
<testsuite hostname="GARIMA7LT" name="california_regression.Create_EPP" tests="6" failures="0" timestamp="27 Jun 2017 18:28:53 GMT" time="329.696" errors="0">
  <testcase name="_2_store_login" time="17.501" classname="california_regression.Create_EPP"/>
  <testcase name="Url_search" time="8.053" classname="california_regression.Create_EPP"/>
  <testcase name="BusinessdatebacktoOriginal" time="60.082" classname="california_regression.Create_EPP"/>
  <testcase name="_1_admin_login" time="12.658" classname="california_regression.Create_EPP"/>
  <testcase name="ChkEPPERA" time="54.027" classname="california_regression.Create_EPP"/>
  <testcase name="_3_newcustomer_Creation" time="177.375" classname="california_regression.Create_EPP"/>
</testsuite> <!-- california_regression.Create_EPP -->
