<?xml version="1.0" encoding="UTF-8"?>
<!-- Generated by org.testng.reporters.JUnitReportReporter -->
<testsuite hostname="RKOTTI7LT" name="Ohio._57_Void_Interstore_Transfer" tests="5" failures="0" timestamp="11 May 2016 19:33:12 GMT" time="284.067" errors="0">
  <testcase name="Valut_Open_Drawer" time="29.177" classname="Ohio._57_Void_Interstore_Transfer"/>
  <testcase name="Url_search" time="8.363" classname="Ohio._57_Void_Interstore_Transfer"/>
  <testcase name="StroreLogin" time="32.582" classname="Ohio._57_Void_Interstore_Transfer"/>
  <testcase name="Inter_Strore_Transfer" time="182.788" classname="Ohio._57_Void_Interstore_Transfer"/>
  <testcase name="Open_Drawer" time="31.157" classname="Ohio._57_Void_Interstore_Transfer"/>
</testsuite> <!-- Ohio._57_Void_Interstore_Transfer -->
