<?xml version="1.0" encoding="UTF-8"?>
<!-- Generated by org.testng.reporters.JUnitReportReporter -->
<testsuite hostname="RGUDLA7LT" name="Framework._34_Void_WU_MO_Sale" tests="6" failures="0" timestamp="19 Feb 2016 16:39:21 GMT" time="357.440" errors="0">
  <testcase name="Open_Drawer" time="18.623" classname="Framework._34_Void_WU_MO_Sale"/>
  <testcase name="MO_WU_with_Cust_No_Cart" time="81.081" classname="Framework._34_Void_WU_MO_Sale"/>
  <testcase name="MO_WU_No_Cust_with_Cart" time="74.812" classname="Framework._34_Void_WU_MO_Sale"/>
  <testcase name="MO_WU_With_Cust_with_Cart" time="94.459" classname="Framework._34_Void_WU_MO_Sale"/>
  <testcase name="MO_WU_No_Cust_No_Cart" time="68.060" classname="Framework._34_Void_WU_MO_Sale"/>
  <testcase name="StroreLogin" time="20.405" classname="Framework._34_Void_WU_MO_Sale"/>
</testsuite> <!-- Framework._34_Void_WU_MO_Sale -->
