<?xml version="1.0" encoding="UTF-8"?>
<!-- Generated by org.testng.reporters.JUnitReportReporter -->
<testsuite hostname="RGUDLA7LT" name="Framework._30_Void_Deposited_Check" tests="3" failures="0" timestamp="1 Mar 2016 15:09:38 GMT" time="196.445" errors="0">
  <testcase name="Url_search" time="10.782" classname="Framework._30_Void_Deposited_Check"/>
  <testcase name="Deposit_Check_Void" time="176.745" classname="Framework._30_Void_Deposited_Check"/>
  <testcase name="StroreLogin" time="8.918" classname="Framework._30_Void_Deposited_Check"/>
</testsuite> <!-- Framework._30_Void_Deposited_Check -->
