<?xml version="1.0" encoding="UTF-8"?>
<!-- Generated by org.testng.reporters.JUnitReportReporter -->
<testsuite hostname="GARIMA7LT" name="Virginia_Regression.Create_LOC_ThreshholdMaxAmount_Credit" tests="5" failures="0" timestamp="28 Mar 2017 20:27:31 GMT" time="512.822" errors="0">
  <testcase name="log_out" time="4.986" classname="Virginia_Regression.Create_LOC_ThreshholdMaxAmount_Credit"/>
  <testcase name="newcustomer_Creation" time="49.994" classname="Virginia_Regression.Create_LOC_ThreshholdMaxAmount_Credit"/>
  <testcase name="LOC_Creation_ThreshholdDraw" time="433.641" classname="Virginia_Regression.Create_LOC_ThreshholdMaxAmount_Credit"/>
  <testcase name="Navigate_to_EcashURL" time="14.520" classname="Virginia_Regression.Create_LOC_ThreshholdMaxAmount_Credit"/>
  <testcase name="StroreLogin" time="9.681" classname="Virginia_Regression.Create_LOC_ThreshholdMaxAmount_Credit"/>
</testsuite> <!-- Virginia_Regression.Create_LOC_ThreshholdMaxAmount_Credit -->
