<?xml version="1.0" encoding="UTF-8"?>
<!-- Generated by org.testng.reporters.JUnitReportReporter -->
<testsuite hostname="RGUDLA7LT" name="Framework._1_2_Verify_Loans_Fees_TN_PRA_1_PRA_2" tests="3" failures="0" timestamp="24 Feb 2016 19:24:11 GMT" time="436.849" errors="0">
  <testcase name="Verify_Loan_Resicnd_PRA1_PRA2" time="400.775" classname="Framework._1_2_Verify_Loans_Fees_TN_PRA_1_PRA_2"/>
  <testcase name="StroreLogin" time="28.347" classname="Framework._1_2_Verify_Loans_Fees_TN_PRA_1_PRA_2"/>
  <testcase name="Url_search" time="7.727" classname="Framework._1_2_Verify_Loans_Fees_TN_PRA_1_PRA_2"/>
</testsuite> <!-- Framework._1_2_Verify_Loans_Fees_TN_PRA_1_PRA_2 -->
