<?xml version="1.0" encoding="UTF-8"?>
<!-- Generated by org.testng.reporters.JUnitReportReporter -->
<testsuite hostname="RGUDLA7LT" name="Framework._61_Void_xcode_Petty_cash" tests="4" failures="0" timestamp="29 Feb 2016 18:55:11 GMT" time="122.854" errors="0">
  <testcase name="StroreLogin" time="10.504" classname="Framework._61_Void_xcode_Petty_cash"/>
  <testcase name="Open_Drawer" time="23.602" classname="Framework._61_Void_xcode_Petty_cash"/>
  <testcase name="xcode_Petty_No_Cust_No_Cart" time="80.445" classname="Framework._61_Void_xcode_Petty_cash"/>
  <testcase name="Url_search" time="8.303" classname="Framework._61_Void_xcode_Petty_cash"/>
</testsuite> <!-- Framework._61_Void_xcode_Petty_cash -->
