<?xml version="1.0" encoding="UTF-8"?>
<!-- Generated by org.testng.reporters.JUnitReportReporter -->
<testsuite hostname="RGUDLA7LT" name="Framework.Void_Insight_Cardload_43" tests="4" failures="0" timestamp="20 Jan 2016 20:49:04 GMT" time="186.552" errors="0">
  <testcase name="Insight_with_Cust_No_Cart" time="81.500" classname="Framework.Void_Insight_Cardload_43"/>
  <testcase name="Open_Drawer" time="18.325" classname="Framework.Void_Insight_Cardload_43"/>
  <testcase name="Insight_With_Cust_with_Cart" time="79.347" classname="Framework.Void_Insight_Cardload_43"/>
  <testcase name="StroreLogin" time="7.380" classname="Framework.Void_Insight_Cardload_43"/>
</testsuite> <!-- Framework.Void_Insight_Cardload_43 -->
