<?xml version="1.0" encoding="UTF-8"?>
<!-- Generated by org.testng.reporters.JUnitReportReporter -->
<testsuite hostname="GARIMA7LT" name="Virginia_Regression._4_Verify_Available_Credit_PostRP_Unenrollment" tests="7" failures="0" timestamp="10 Apr 2017 20:13:55 GMT" time="85.220" errors="0">
  <testcase name="AdminLogin" time="15.528" classname="Virginia_Regression._4_Verify_Available_Credit_PostRP_Unenrollment"/>
  <testcase name="RapidPay_Unenrollment" time="32.069" classname="Virginia_Regression._4_Verify_Available_Credit_PostRP_Unenrollment"/>
  <testcase name="Navigate_to_EcashURL" time="12.008" classname="Virginia_Regression._4_Verify_Available_Credit_PostRP_Unenrollment"/>
  <testcase name="void_loan" time="2.995" classname="Virginia_Regression._4_Verify_Available_Credit_PostRP_Unenrollment"/>
  <testcase name="log_out_admin" time="7.598" classname="Virginia_Regression._4_Verify_Available_Credit_PostRP_Unenrollment"/>
  <testcase name="StroreLogin" time="10.048" classname="Virginia_Regression._4_Verify_Available_Credit_PostRP_Unenrollment"/>
  <testcase name="log_out_teller" time="4.974" classname="Virginia_Regression._4_Verify_Available_Credit_PostRP_Unenrollment"/>
</testsuite> <!-- Virginia_Regression._4_Verify_Available_Credit_PostRP_Unenrollment -->
