<?xml version="1.0" encoding="UTF-8"?>
<!-- Generated by org.testng.reporters.JUnitReportReporter -->
<testsuite hostname="RKOTTI7LT" name="VA._37_Void_sale_Copies" tests="7" failures="0" timestamp="30 Jun 2016 14:12:36 GMT" time="348.856" errors="0">
  <testcase name="Copies_No_Cust_with_Cart" time="65.795" classname="VA._37_Void_sale_Copies"/>
  <testcase name="Copies_No_Cust_No_Cart" time="64.893" classname="VA._37_Void_sale_Copies"/>
  <testcase name="Copies_With_Cust_with_Cart" time="91.101" classname="VA._37_Void_sale_Copies"/>
  <testcase name="Url_search" time="9.058" classname="VA._37_Void_sale_Copies"/>
  <testcase name="StroreLogin" time="7.067" classname="VA._37_Void_sale_Copies"/>
  <testcase name="Copies_with_Cust_No_Cart" time="87.975" classname="VA._37_Void_sale_Copies"/>
  <testcase name="Open_Drawer" time="22.967" classname="VA._37_Void_sale_Copies"/>
</testsuite> <!-- VA._37_Void_sale_Copies -->
