<?xml version="1.0" encoding="UTF-8"?>
<!-- Generated by org.testng.reporters.JUnitReportReporter -->
<testsuite hostname="GARIMA7LT" name="aml_regression._3_AML_CTR_TestScenarios" tests="5" failures="0" timestamp="29 Jun 2017 15:45:05 GMT" time="1054.765" errors="0">
  <testcase name="_5_CloseBrowser" time="3.547" classname="aml_regression._3_AML_CTR_TestScenarios"/>
  <testcase name="_2_store_login" time="11.526" classname="aml_regression._3_AML_CTR_TestScenarios"/>
  <testcase name="_1_navigate_to_eCashURL" time="9.221" classname="aml_regression._3_AML_CTR_TestScenarios"/>
  <testcase name="_3_admin_login" time="18.419" classname="aml_regression._3_AML_CTR_TestScenarios"/>
  <testcase name="_4_AML" time="1012.052" classname="aml_regression._3_AML_CTR_TestScenarios"/>
</testsuite> <!-- aml_regression._3_AML_CTR_TestScenarios -->
