<?xml version="1.0" encoding="UTF-8"?>
<!-- Generated by org.testng.reporters.JUnitReportReporter -->
<testsuite hostname="RKOTTI7LT" name="Florida._43_Void_Insight_Cardload" tests="5" failures="0" timestamp="7 Sep 2016 15:33:48 GMT" time="242.347" errors="0">
  <testcase name="Insight_with_Cust_No_Cart" time="97.711" classname="Florida._43_Void_Insight_Cardload"/>
  <testcase name="Open_Drawer" time="28.747" classname="Florida._43_Void_Insight_Cardload"/>
  <testcase name="StroreLogin" time="7.537" classname="Florida._43_Void_Insight_Cardload"/>
  <testcase name="Url_search" time="5.905" classname="Florida._43_Void_Insight_Cardload"/>
  <testcase name="Insight_With_Cust_with_Cart" time="102.447" classname="Florida._43_Void_Insight_Cardload"/>
</testsuite> <!-- Florida._43_Void_Insight_Cardload -->
