<?xml version="1.0" encoding="UTF-8"?>
<!-- Generated by org.testng.reporters.JUnitReportReporter -->
<testsuite hostname="RGUDLA7LT" name="Framework.Void_Loan_Payment_45" tests="4" failures="0" timestamp="20 Jan 2016 21:21:15 GMT" time="241.101" errors="0">
  <testcase name="StroreLogin" time="20.015" classname="Framework.Void_Loan_Payment_45"/>
  <testcase name="newcustomer" time="34.279" classname="Framework.Void_Loan_Payment_45"/>
  <testcase name="Open_Drawer" time="17.570" classname="Framework.Void_Loan_Payment_45"/>
  <testcase name="Resicnd" time="169.237" classname="Framework.Void_Loan_Payment_45"/>
</testsuite> <!-- Framework.Void_Loan_Payment_45 -->
