<?xml version="1.0" encoding="UTF-8"?>
<!-- Generated by org.testng.reporters.JUnitReportReporter -->
<testsuite hostname="RGUDLA7LT" name="Framework._40_Void_Notary" tests="6" failures="0" timestamp="10 Feb 2016 19:16:10 GMT" time="290.769" errors="0">
  <testcase name="Notary_No_Cust_with_Cart" time="55.292" classname="Framework._40_Void_Notary"/>
  <testcase name="Open_Drawer" time="20.537" classname="Framework._40_Void_Notary"/>
  <testcase name="Notary_With_Cust_with_Cart" time="76.445" classname="Framework._40_Void_Notary"/>
  <testcase name="Notary_with_Cust_No_Cart" time="74.319" classname="Framework._40_Void_Notary"/>
  <testcase name="StroreLogin" time="7.404" classname="Framework._40_Void_Notary"/>
  <testcase name="Notary_No_Cust_No_Cart" time="56.772" classname="Framework._40_Void_Notary"/>
</testsuite> <!-- Framework._40_Void_Notary -->
