<?xml version="1.0" encoding="UTF-8"?>
<!-- Generated by org.testng.reporters.JUnitReportReporter -->
<testsuite hostname="GARIMA7LT" name="virginia_regression._05_Create_EPP_DueDate_28" tests="8" failures="0" timestamp="26 Jun 2017 20:20:03 GMT" time="331.563" errors="0">
  <testcase name="_4_new_4_PRAs_Creation" time="174.174" classname="virginia_regression._05_Create_EPP_DueDate_28"/>
  <testcase name="_1_admin_login" time="14.915" classname="virginia_regression._05_Create_EPP_DueDate_28"/>
  <testcase name="_8_logout_store" time="4.476" classname="virginia_regression._05_Create_EPP_DueDate_28"/>
  <testcase name="_2_navigate_to_eCashURL" time="23.049" classname="virginia_regression._05_Create_EPP_DueDate_28"/>
  <testcase name="_5_EPP_ON_BEFORE_AFTER_Origination_DueDate" time="60.039" classname="virginia_regression._05_Create_EPP_DueDate_28"/>
  <testcase name="_3_teller_login" time="41.789" classname="virginia_regression._05_Create_EPP_DueDate_28"/>
  <testcase name="_6_businessdatebacktoOriginal" time="6.828" classname="virginia_regression._05_Create_EPP_DueDate_28"/>
  <testcase name="_7_logout_admin" time="6.293" classname="virginia_regression._05_Create_EPP_DueDate_28"/>
</testsuite> <!-- virginia_regression._05_Create_EPP_DueDate_28 -->
