<?xml version="1.0" encoding="UTF-8"?>
<!-- Generated by org.testng.reporters.JUnitReportReporter -->
<testsuite hostname="GARIMA7LT" name="aml_regression._1_MoneyOrder" tests="4" failures="0" timestamp="27 Apr 2017 14:26:48 GMT" time="49.181" errors="0">
  <testcase name="_3_store_login" time="12.428" classname="aml_regression._1_MoneyOrder"/>
  <testcase name="_5_Reportsgeneration" time="13.986" classname="aml_regression._1_MoneyOrder"/>
  <testcase name="_1_navigate_to_eCashURL" time="12.110" classname="aml_regression._1_MoneyOrder"/>
  <testcase name="_4_RapidPay_disenrollment" time="10.657" classname="aml_regression._1_MoneyOrder"/>
</testsuite> <!-- aml_regression._1_MoneyOrder -->
