<?xml version="1.0" encoding="UTF-8"?>
<!-- Generated by org.testng.reporters.JUnitReportReporter -->
<testsuite hostname="RGUDLA7LT" name="Framework.Void_WU_BillPay_42" tests="6" failures="0" timestamp="20 Jan 2016 20:42:39 GMT" time="295.723" errors="0">
  <testcase name="Open_Drawer" time="18.672" classname="Framework.Void_WU_BillPay_42"/>
  <testcase name="WU_BillPay_with_Cust_No_Cart" time="79.549" classname="Framework.Void_WU_BillPay_42"/>
  <testcase name="WU_Billpay_No_Cust_with_Cart" time="60.423" classname="Framework.Void_WU_BillPay_42"/>
  <testcase name="WU_Billpay_With_Cust_with_Cart" time="70.984" classname="Framework.Void_WU_BillPay_42"/>
  <testcase name="WU_Billpay__No_Cust_No_Cart" time="59.286" classname="Framework.Void_WU_BillPay_42"/>
  <testcase name="StroreLogin" time="6.809" classname="Framework.Void_WU_BillPay_42"/>
</testsuite> <!-- Framework.Void_WU_BillPay_42 -->
