<?xml version="1.0" encoding="UTF-8"?>
<!-- Generated by org.testng.reporters.JUnitReportReporter -->
<testsuite hostname="RGUDLA7LT" name="Framework.Void_sale_Copies_37" tests="6" failures="0" timestamp="28 Jan 2016 18:26:38 GMT" time="284.912" errors="0">
  <testcase name="Copies_With_Cust_with_Cart" time="70.753" classname="Framework.Void_sale_Copies_37"/>
  <testcase name="Open_Drawer" time="19.093" classname="Framework.Void_sale_Copies_37"/>
  <testcase name="Copies_No_Cust_with_Cart" time="54.445" classname="Framework.Void_sale_Copies_37"/>
  <testcase name="Copies_No_Cust_No_Cart" time="54.601" classname="Framework.Void_sale_Copies_37"/>
  <testcase name="Copies_with_Cust_No_Cart" time="73.581" classname="Framework.Void_sale_Copies_37"/>
  <testcase name="StroreLogin" time="12.439" classname="Framework.Void_sale_Copies_37"/>
</testsuite> <!-- Framework.Void_sale_Copies_37 -->
