<?xml version="1.0" encoding="UTF-8"?>
<!-- Generated by org.testng.reporters.JUnitReportReporter -->
<testsuite hostname="RKOTTI7LT" name="VA._39_Void_Fax" tests="7" failures="0" timestamp="30 Jun 2016 14:12:35 GMT" time="361.693" errors="0">
  <testcase name="Open_Drawer" time="24.600" classname="VA._39_Void_Fax"/>
  <testcase name="Fax_No_Cust_No_Cart" time="67.623" classname="VA._39_Void_Fax"/>
  <testcase name="Fax_No_Cust_with_Cart" time="67.582" classname="VA._39_Void_Fax"/>
  <testcase name="Fax_with_Cust_No_Cart" time="90.162" classname="VA._39_Void_Fax"/>
  <testcase name="StroreLogin" time="6.883" classname="VA._39_Void_Fax"/>
  <testcase name="Fax_With_Cust_with_Cart" time="94.627" classname="VA._39_Void_Fax"/>
  <testcase name="Url_search" time="10.216" classname="VA._39_Void_Fax"/>
</testsuite> <!-- VA._39_Void_Fax -->
