<?xml version="1.0" encoding="UTF-8"?>
<!-- Generated by org.testng.reporters.JUnitReportReporter -->
<testsuite hostname="RGUDLA7LT" name="Framework.Void_Deposit_Check_30" tests="4" failures="0" timestamp="1 Dec 2015 19:05:53 GMT" time="110.693" errors="0">
  <testcase name="StroreLogin" time="6.406" classname="Framework.Void_Deposit_Check_30"/>
  <testcase name="Open_Drawer" time="21.101" classname="Framework.Void_Deposit_Check_30"/>
  <testcase name="newcustomer" time="30.707" classname="Framework.Void_Deposit_Check_30"/>
  <testcase name="Void_Deposit_Check" time="52.479" classname="Framework.Void_Deposit_Check_30"/>
</testsuite> <!-- Framework.Void_Deposit_Check_30 -->
