<?xml version="1.0" encoding="UTF-8"?>
<!-- Generated by org.testng.reporters.JUnitReportReporter -->
<testsuite hostname="RGUDLA7LT" name="Florida._47_Void_Loan_Payoff" tests="3" failures="0" timestamp="1 Mar 2016 20:56:11 GMT" time="325.669" errors="0">
  <testcase name="StroreLogin" time="32.207" classname="Florida._47_Void_Loan_Payoff"/>
  <testcase name="Resicnd" time="283.838" classname="Florida._47_Void_Loan_Payoff"/>
  <testcase name="Url_search" time="9.624" classname="Florida._47_Void_Loan_Payoff"/>
</testsuite> <!-- Florida._47_Void_Loan_Payoff -->
