<?xml version="1.0" encoding="UTF-8"?>
<!-- Generated by org.testng.reporters.JUnitReportReporter -->
<testsuite hostname="RGUDLA7LT" name="Framework._12_Verify_Loan_under18_Years" tests="3" failures="0" timestamp="24 Feb 2016 19:24:11 GMT" time="152.784" errors="0">
  <testcase name="StroreLogin" time="9.599" classname="Framework._12_Verify_Loan_under18_Years"/>
  <testcase name="Url_search" time="9.887" classname="Framework._12_Verify_Loan_under18_Years"/>
  <testcase name="Customer_creation_Age_Verification" time="133.298" classname="Framework._12_Verify_Loan_under18_Years"/>
</testsuite> <!-- Framework._12_Verify_Loan_under18_Years -->
