<?xml version="1.0" encoding="UTF-8"?>
<!-- Generated by org.testng.reporters.JUnitReportReporter -->
<testsuite hostname="RKOTTI7LT" name="Tennesse._46_Void_Rescind_Loan" tests="3" failures="0" timestamp="31 Mar 2016 14:46:19 GMT" time="90.415" errors="0">
  <testcase name="Void_Resicnd_Loan" time="77.790" classname="Tennesse._46_Void_Rescind_Loan"/>
  <testcase name="Url_search" time="5.742" classname="Tennesse._46_Void_Rescind_Loan"/>
  <testcase name="StroreLogin" time="6.883" classname="Tennesse._46_Void_Rescind_Loan"/>
</testsuite> <!-- Tennesse._46_Void_Rescind_Loan -->
