<?xml version="1.0" encoding="UTF-8"?>
<!-- Generated by org.testng.reporters.JUnitReportReporter -->
<testsuite hostname="RKOTTI7LT" name="Ohio._33_Void_WU_Receive" tests="7" failures="0" timestamp="11 May 2016 19:33:12 GMT" time="419.362" errors="0">
  <testcase name="Url_search" time="5.986" classname="Ohio._33_Void_WU_Receive"/>
  <testcase name="StroreLogin" time="8.807" classname="Ohio._33_Void_WU_Receive"/>
  <testcase name="WU_Receive_With_Cust_with_Cart" time="108.233" classname="Ohio._33_Void_WU_Receive"/>
  <testcase name="Open_Drawer" time="26.246" classname="Ohio._33_Void_WU_Receive"/>
  <testcase name="WU_Receive_with_Cust_No_Cart" time="103.186" classname="Ohio._33_Void_WU_Receive"/>
  <testcase name="WU_Receive_No_Cust_No_Cart" time="80.446" classname="Ohio._33_Void_WU_Receive"/>
  <testcase name="WU_Receive_No_Cust_with_Cart" time="86.458" classname="Ohio._33_Void_WU_Receive"/>
</testsuite> <!-- Ohio._33_Void_WU_Receive -->
