<?xml version="1.0" encoding="UTF-8"?>
<!-- Generated by org.testng.reporters.JUnitReportReporter -->
<testsuite hostname="RGUDLA7LT" name="Framework._48_Void_Chargeoff" tests="3" failures="0" timestamp="25 Feb 2016 18:52:48 GMT" time="131.527" errors="0">
  <testcase name="StroreLogin" time="29.253" classname="Framework._48_Void_Chargeoff"/>
  <testcase name="Url_search" time="7.065" classname="Framework._48_Void_Chargeoff"/>
  <testcase name="Void_Loan_Chargeoff" time="95.209" classname="Framework._48_Void_Chargeoff"/>
</testsuite> <!-- Framework._48_Void_Chargeoff -->
