<?xml version="1.0" encoding="UTF-8"?>
<!-- Generated by org.testng.reporters.JUnitReportReporter -->
<testsuite hostname="RKOTTI7LT" name="Ohio.Current_SystemDate" tests="2" failures="0" timestamp="1 Jul 2016 13:38:51 GMT" time="82.650" errors="0">
  <testcase name="date" time="67.541" classname="Ohio.Current_SystemDate"/>
  <testcase name="Url_search" time="15.109" classname="Ohio.Current_SystemDate"/>
</testsuite> <!-- Ohio.Current_SystemDate -->
