<?xml version="1.0" encoding="UTF-8"?>
<!-- Generated by org.testng.reporters.JUnitReportReporter -->
<testsuite hostname="RKOTTI7LT" name="Florida._58_Void_Corporate" tests="4" failures="0" timestamp="7 Sep 2016 15:33:48 GMT" time="238.037" errors="0">
  <testcase name="Void_Trx_Corporate" time="187.781" classname="Florida._58_Void_Corporate"/>
  <testcase name="Url_search" time="5.748" classname="Florida._58_Void_Corporate"/>
  <testcase name="StroreLogin" time="15.892" classname="Florida._58_Void_Corporate"/>
  <testcase name="Open_Drawer" time="28.616" classname="Florida._58_Void_Corporate"/>
</testsuite> <!-- Florida._58_Void_Corporate -->
