<?xml version="1.0" encoding="UTF-8"?>
<!-- Generated by org.testng.reporters.JUnitReportReporter -->
<testsuite hostname="GARIMA7LT" name="virginia_regression._03_Create_EPP_14" tests="8" failures="0" timestamp="14 Jun 2017 15:09:16 GMT" time="329.209" errors="0">
  <testcase name="_8_logout_teller" time="4.508" classname="virginia_regression._03_Create_EPP_14"/>
  <testcase name="_3_teller_login" time="42.544" classname="virginia_regression._03_Create_EPP_14"/>
  <testcase name="_5_EPP_BEFORE_ON_AFTER_OriDate" time="65.213" classname="virginia_regression._03_Create_EPP_14"/>
  <testcase name="_1_admin_login" time="14.199" classname="virginia_regression._03_Create_EPP_14"/>
  <testcase name="_2_navigate_to_eCashURL" time="7.506" classname="virginia_regression._03_Create_EPP_14"/>
  <testcase name="_6_businessdatebacktoOriginal" time="7.569" classname="virginia_regression._03_Create_EPP_14"/>
  <testcase name="_7_logout_admin" time="5.015" classname="virginia_regression._03_Create_EPP_14"/>
  <testcase name="_4_new_4_PRAs_Creation" time="182.655" classname="virginia_regression._03_Create_EPP_14"/>
</testsuite> <!-- virginia_regression._03_Create_EPP_14 -->
