<?xml version="1.0" encoding="UTF-8"?>
<!-- Generated by org.testng.reporters.JUnitReportReporter -->
<testsuite hostname="GARIMA7LT" name="virginia_regression._04_Create_EPP_28" tests="8" failures="0" timestamp="14 Jun 2017 15:18:22 GMT" time="314.472" errors="0">
  <testcase name="_4_new_4_PRAs_Creation" time="179.504" classname="virginia_regression._04_Create_EPP_28"/>
  <testcase name="_3_teller_login" time="39.245" classname="virginia_regression._04_Create_EPP_28"/>
  <testcase name="_8_logout_store" time="4.504" classname="virginia_regression._04_Create_EPP_28"/>
  <testcase name="_1_admin_login" time="17.711" classname="virginia_regression._04_Create_EPP_28"/>
  <testcase name="_2_navigate_to_eCashURL" time="7.845" classname="virginia_regression._04_Create_EPP_28"/>
  <testcase name="_7_logout_admin" time="5.006" classname="virginia_regression._04_Create_EPP_28"/>
  <testcase name="_5_EPP_ON_BEFORE_AFTER_Origination_DueDate" time="54.461" classname="virginia_regression._04_Create_EPP_28"/>
  <testcase name="_6_businessdatebacktoOriginal" time="6.196" classname="virginia_regression._04_Create_EPP_28"/>
</testsuite> <!-- virginia_regression._04_Create_EPP_28 -->
