<?xml version="1.0" encoding="UTF-8"?>
<!-- Generated by org.testng.reporters.JUnitReportReporter -->
<testsuite hostname="RGUDLA7LT" name="Framework.Verify_Loan_under18_Years_12" tests="2" failures="0" timestamp="21 Jan 2016 18:18:47 GMT" time="85.835" errors="0">
  <testcase name="newcustomer" time="79.309" classname="Framework.Verify_Loan_under18_Years_12"/>
  <testcase name="StroreLogin" time="6.526" classname="Framework.Verify_Loan_under18_Years_12"/>
</testsuite> <!-- Framework.Verify_Loan_under18_Years_12 -->
