<?xml version="1.0" encoding="UTF-8"?>
<!-- Generated by org.testng.reporters.JUnitReportReporter -->
<testsuite hostname="RGUDLA7LT" name="Framework.Void_Rescind_46" tests="4" failures="0" timestamp="25 Nov 2015 15:32:50 GMT" time="122.852" errors="0">
  <testcase name="StroreLogin" time="6.546" classname="Framework.Void_Rescind_46"/>
  <testcase name="Resicnd" time="58.927" classname="Framework.Void_Rescind_46"/>
  <testcase name="Open_Drawer" time="21.184" classname="Framework.Void_Rescind_46"/>
  <testcase name="newcustomer" time="36.195" classname="Framework.Void_Rescind_46"/>
</testsuite> <!-- Framework.Void_Rescind_46 -->
