<?xml version="1.0" encoding="UTF-8"?>
<!-- Generated by org.testng.reporters.JUnitReportReporter -->
<testsuite hostname="RKOTTI7LT" name="Tennesse._48_Void_Chargeoff" tests="3" failures="0" timestamp="31 Mar 2016 14:46:19 GMT" time="129.800" errors="0">
  <testcase name="Void_Loan_Chargeoff" time="95.541" classname="Tennesse._48_Void_Chargeoff"/>
  <testcase name="StroreLogin" time="29.022" classname="Tennesse._48_Void_Chargeoff"/>
  <testcase name="Url_search" time="5.237" classname="Tennesse._48_Void_Chargeoff"/>
</testsuite> <!-- Tennesse._48_Void_Chargeoff -->
