<?xml version="1.0" encoding="UTF-8"?>
<!-- Generated by org.testng.reporters.JUnitReportReporter -->
<testsuite hostname="RGUDLA7LT" name="Framework._15_Verify_ATM_with_Cart" tests="3" failures="0" timestamp="10 Feb 2016 21:21:57 GMT" time="116.604" errors="0">
  <testcase name="Open_Drawer" time="18.924" classname="Framework._15_Verify_ATM_with_Cart"/>
  <testcase name="Charity_With_Cust_with_Cart" time="77.442" classname="Framework._15_Verify_ATM_with_Cart"/>
  <testcase name="StroreLogin" time="20.238" classname="Framework._15_Verify_ATM_with_Cart"/>
</testsuite> <!-- Framework._15_Verify_ATM_with_Cart -->
