<?xml version="1.0" encoding="UTF-8"?>
<!-- Generated by org.testng.reporters.JUnitReportReporter -->
<testsuite hostname="NKOTIKALAPUDI7LT" name="VA._48_Void_Chargeoff" tests="3" failures="0" timestamp="1 Aug 2016 20:33:35 GMT" time="141.445" errors="0">
  <testcase name="StroreLogin" time="28.404" classname="VA._48_Void_Chargeoff"/>
  <testcase name="Void_Loan_Chargeoff" time="102.143" classname="VA._48_Void_Chargeoff"/>
  <testcase name="Url_search" time="10.898" classname="VA._48_Void_Chargeoff"/>
</testsuite> <!-- VA._48_Void_Chargeoff -->
