<?xml version="1.0" encoding="UTF-8"?>
<!-- Generated by org.testng.reporters.JUnitReportReporter -->
<testsuite hostname="RGUDLA7LT" name="Framework.Void_xcode_Petty_cash" tests="3" failures="0" timestamp="28 Oct 2015 13:57:41 GMT" time="73.756" errors="0">
  <testcase name="StroreLogin" time="7.379" classname="Framework.Void_xcode_Petty_cash"/>
  <testcase name="Open_Drawer" time="17.643" classname="Framework.Void_xcode_Petty_cash"/>
  <testcase name="xcode_No_Cust_No_Cart" time="48.734" classname="Framework.Void_xcode_Petty_cash"/>
</testsuite> <!-- Framework.Void_xcode_Petty_cash -->
