<?xml version="1.0" encoding="UTF-8"?>
<!-- Generated by org.testng.reporters.JUnitReportReporter -->
<testsuite hostname="RGUDLA7LT" name="Framework.Void_WU_Receive_33" tests="6" failures="0" timestamp="20 Jan 2016 18:51:26 GMT" time="288.539" errors="0">
  <testcase name="WU_Receive_with_Cust_No_Cart" time="76.580" classname="Framework.Void_WU_Receive_33"/>
  <testcase name="Open_Drawer" time="17.980" classname="Framework.Void_WU_Receive_33"/>
  <testcase name="WU_Receive_No_Cust_with_Cart" time="58.530" classname="Framework.Void_WU_Receive_33"/>
  <testcase name="WU_Receive_No_Cust_No_Cart" time="55.323" classname="Framework.Void_WU_Receive_33"/>
  <testcase name="WU_Receive_With_Cust_with_Cart" time="74.224" classname="Framework.Void_WU_Receive_33"/>
  <testcase name="StroreLogin" time="5.902" classname="Framework.Void_WU_Receive_33"/>
</testsuite> <!-- Framework.Void_WU_Receive_33 -->
