<?xml version="1.0" encoding="UTF-8"?>
<!-- Generated by org.testng.reporters.JUnitReportReporter -->
<testsuite hostname="RGUDLA7LT" name="Framework._47_Void_Loan_Payoff" tests="3" failures="0" timestamp="1 Mar 2016 14:53:51 GMT" time="278.046" errors="0">
  <testcase name="Url_search" time="10.701" classname="Framework._47_Void_Loan_Payoff"/>
  <testcase name="StroreLogin" time="21.151" classname="Framework._47_Void_Loan_Payoff"/>
  <testcase name="Void_Loan_Payoff" time="246.194" classname="Framework._47_Void_Loan_Payoff"/>
</testsuite> <!-- Framework._47_Void_Loan_Payoff -->
