<?xml version="1.0" encoding="UTF-8"?>
<!-- Generated by org.testng.reporters.JUnitReportReporter -->
<testsuite hostname="RKOTTI7LT" name="VA._34_Void_WU_MO_Sale" tests="7" failures="0" timestamp="30 Jun 2016 14:12:36 GMT" time="366.449" errors="0">
  <testcase name="StroreLogin" time="21.115" classname="VA._34_Void_WU_MO_Sale"/>
  <testcase name="Url_search" time="9.623" classname="VA._34_Void_WU_MO_Sale"/>
  <testcase name="MO_WU_With_Cust_with_Cart" time="95.356" classname="VA._34_Void_WU_MO_Sale"/>
  <testcase name="MO_WU_with_Cust_No_Cart" time="79.361" classname="VA._34_Void_WU_MO_Sale"/>
  <testcase name="MO_WU_No_Cust_with_Cart" time="73.295" classname="VA._34_Void_WU_MO_Sale"/>
  <testcase name="MO_WU_No_Cust_No_Cart" time="68.293" classname="VA._34_Void_WU_MO_Sale"/>
  <testcase name="Open_Drawer" time="19.406" classname="VA._34_Void_WU_MO_Sale"/>
</testsuite> <!-- VA._34_Void_WU_MO_Sale -->
