<?xml version="1.0" encoding="UTF-8"?>
<!-- Generated by org.testng.reporters.JUnitReportReporter -->
<testsuite hostname="RGUDLA7LT" name="Florida._44_Void_Loan_Origination" tests="3" failures="0" timestamp="1 Mar 2016 20:40:28 GMT" time="171.954" errors="0">
  <testcase name="StroreLogin" time="27.532" classname="Florida._44_Void_Loan_Origination"/>
  <testcase name="Url_search" time="10.131" classname="Florida._44_Void_Loan_Origination"/>
  <testcase name="Resicnd" time="134.291" classname="Florida._44_Void_Loan_Origination"/>
</testsuite> <!-- Florida._44_Void_Loan_Origination -->
