<?xml version="1.0" encoding="UTF-8"?>
<!-- Generated by org.testng.reporters.JUnitReportReporter -->
<testsuite hostname="RGUDLA7LT" name="Framework._52_Void_TTL_Loan_Payoff" tests="3" failures="0" timestamp="29 Feb 2016 19:53:16 GMT" time="281.543" errors="0">
  <testcase name="StroreLogin" time="27.930" classname="Framework._52_Void_TTL_Loan_Payoff"/>
  <testcase name="Url_search" time="7.449" classname="Framework._52_Void_TTL_Loan_Payoff"/>
  <testcase name="Void_TTL_Loan_Payment" time="246.164" classname="Framework._52_Void_TTL_Loan_Payoff"/>
</testsuite> <!-- Framework._52_Void_TTL_Loan_Payoff -->
