<?xml version="1.0" encoding="UTF-8"?>
<!-- Generated by org.testng.reporters.JUnitReportReporter -->
<testsuite hostname="RKOTTI7LT" name="Ohio._39_Void_Fax" tests="7" failures="0" timestamp="11 May 2016 19:33:12 GMT" time="364.379" errors="0">
  <testcase name="Fax_No_Cust_No_Cart" time="68.032" classname="Ohio._39_Void_Fax"/>
  <testcase name="Fax_with_Cust_No_Cart" time="89.684" classname="Ohio._39_Void_Fax"/>
  <testcase name="StroreLogin" time="6.645" classname="Ohio._39_Void_Fax"/>
  <testcase name="Fax_No_Cust_with_Cart" time="68.892" classname="Ohio._39_Void_Fax"/>
  <testcase name="Open_Drawer" time="23.965" classname="Ohio._39_Void_Fax"/>
  <testcase name="Url_search" time="12.975" classname="Ohio._39_Void_Fax"/>
  <testcase name="Fax_With_Cust_with_Cart" time="94.186" classname="Ohio._39_Void_Fax"/>
</testsuite> <!-- Ohio._39_Void_Fax -->
