<?xml version="1.0" encoding="UTF-8"?>
<!-- Generated by org.testng.reporters.JUnitReportReporter -->
<testsuite hostname="RGUDLA7LT" name="Framework.Current_SystemDate" tests="2" failures="0" timestamp="1 Mar 2016 13:40:55 GMT" time="59.496" errors="0">
  <testcase name="date" time="51.630" classname="Framework.Current_SystemDate"/>
  <testcase name="Url_search" time="7.866" classname="Framework.Current_SystemDate"/>
</testsuite> <!-- Framework.Current_SystemDate -->
