<?xml version="1.0" encoding="UTF-8"?>
<!-- Generated by org.testng.reporters.JUnitReportReporter -->
<testsuite hostname="GARIMA7LT" name="aml_regression._2_NA_AML_Scenarios" tests="4" failures="0" timestamp="15 May 2017 18:54:17 GMT" time="135.135" errors="0">
  <testcase name="_2_store_login" time="10.641" classname="aml_regression._2_NA_AML_Scenarios"/>
  <testcase name="_1_navigate_to_eCashURL" time="11.838" classname="aml_regression._2_NA_AML_Scenarios"/>
  <testcase name="_4_AML" time="95.576" classname="aml_regression._2_NA_AML_Scenarios"/>
  <testcase name="_3_admin_login" time="17.080" classname="aml_regression._2_NA_AML_Scenarios"/>
</testsuite> <!-- aml_regression._2_NA_AML_Scenarios -->
