<?xml version="1.0" encoding="UTF-8"?>
<!-- Generated by org.testng.reporters.JUnitReportReporter -->
<testsuite hostname="RGUDLA7LT" name="Framework._4_b_Verify_Loan_Amt_FL" tests="4" failures="0" timestamp="11 Feb 2016 17:16:15 GMT" time="140.127" errors="0">
  <testcase name="Void_Loan_Amt_FL" time="80.236" classname="Framework._4_b_Verify_Loan_Amt_FL"/>
  <testcase name="newcustomer" time="32.118" classname="Framework._4_b_Verify_Loan_Amt_FL"/>
  <testcase name="StroreLogin" time="7.161" classname="Framework._4_b_Verify_Loan_Amt_FL"/>
  <testcase name="Open_Drawer" time="20.612" classname="Framework._4_b_Verify_Loan_Amt_FL"/>
</testsuite> <!-- Framework._4_b_Verify_Loan_Amt_FL -->
