<?xml version="1.0" encoding="UTF-8"?>
<!-- Generated by org.testng.reporters.JUnitReportReporter -->
<testsuite hostname="GARIMA7LT" name="virginia_regression._9_Verify_RP_Contractual_LateStatus" tests="11" failures="0" timestamp="27 Jun 2017 17:23:27 GMT" time="150.132" errors="0">
  <testcase name="_3_storelogin" time="24.370" classname="virginia_regression._9_Verify_RP_Contractual_LateStatus"/>
  <testcase name="_9_admin_logout" time="38.943" classname="virginia_regression._9_Verify_RP_Contractual_LateStatus"/>
  <testcase name="_4_newLOC_creation" time="15.285" classname="virginia_regression._9_Verify_RP_Contractual_LateStatus"/>
  <testcase name="_7_businessdate_et_contractualduedate" time="4.436" classname="virginia_regression._9_Verify_RP_Contractual_LateStatus"/>
  <testcase name="_1_businessdatechange" time="13.949" classname="virginia_regression._9_Verify_RP_Contractual_LateStatus"/>
  <testcase name="_2_navigate_to_eCashURL" time="29.186" classname="virginia_regression._9_Verify_RP_Contractual_LateStatus"/>
  <testcase name="_6_busineesdate_gt_rapidpayduedate" time="4.675" classname="virginia_regression._9_Verify_RP_Contractual_LateStatus"/>
  <testcase name="_8_busineesdate_gt_contractualduedate" time="4.011" classname="virginia_regression._9_Verify_RP_Contractual_LateStatus"/>
  <testcase name="_5_busineesdate_et_rapidpayduedate" time="7.207" classname="virginia_regression._9_Verify_RP_Contractual_LateStatus"/>
  <testcase name="_10_void_loan" time="3.362" classname="virginia_regression._9_Verify_RP_Contractual_LateStatus"/>
  <testcase name="_11_teller_logout" time="4.708" classname="virginia_regression._9_Verify_RP_Contractual_LateStatus"/>
</testsuite> <!-- virginia_regression._9_Verify_RP_Contractual_LateStatus -->
