<?xml version="1.0" encoding="UTF-8"?>
<!-- Generated by org.testng.reporters.JUnitReportReporter -->
<testsuite hostname="RGUDLA7LT" name="Framework.Void_Loan_Payoff_47" tests="4" failures="0" timestamp="21 Jan 2016 15:44:26 GMT" time="239.412" errors="0">
  <testcase name="Resicnd" time="165.320" classname="Framework.Void_Loan_Payoff_47"/>
  <testcase name="newcustomer" time="33.299" classname="Framework.Void_Loan_Payoff_47"/>
  <testcase name="StroreLogin" time="19.585" classname="Framework.Void_Loan_Payoff_47"/>
  <testcase name="Open_Drawer" time="21.208" classname="Framework.Void_Loan_Payoff_47"/>
</testsuite> <!-- Framework.Void_Loan_Payoff_47 -->
