<?xml version="1.0" encoding="UTF-8"?>
<!-- Generated by org.testng.reporters.JUnitReportReporter -->
<testsuite hostname="RKOTTI7LT" name="VA._57_Void_Interstore_Transfer" tests="5" failures="0" timestamp="30 Jun 2016 14:12:35 GMT" time="263.688" errors="0">
  <testcase name="StroreLogin" time="32.840" classname="VA._57_Void_Interstore_Transfer"/>
  <testcase name="Inter_Strore_Transfer" time="183.247" classname="VA._57_Void_Interstore_Transfer"/>
  <testcase name="Valut_Open_Drawer" time="14.226" classname="VA._57_Void_Interstore_Transfer"/>
  <testcase name="Open_Drawer" time="26.669" classname="VA._57_Void_Interstore_Transfer"/>
  <testcase name="Url_search" time="6.706" classname="VA._57_Void_Interstore_Transfer"/>
</testsuite> <!-- VA._57_Void_Interstore_Transfer -->
