<?xml version="1.0" encoding="UTF-8"?>
<!-- Generated by org.testng.reporters.JUnitReportReporter -->
<testsuite hostname="GARIMA7LT" name="aml_regression._3_AML_CTR_Test_Scenarios" tests="5" failures="0" timestamp="23 May 2017 20:16:05 GMT" time="1022.383" errors="0">
  <testcase name="_1_navigate_to_eCashURL" time="32.491" classname="aml_regression._3_AML_CTR_Test_Scenarios"/>
  <testcase name="_3_admin_login" time="19.327" classname="aml_regression._3_AML_CTR_Test_Scenarios"/>
  <testcase name="_2_store_login" time="12.717" classname="aml_regression._3_AML_CTR_Test_Scenarios"/>
  <testcase name="_5_CloseBrowser" time="5.286" classname="aml_regression._3_AML_CTR_Test_Scenarios"/>
  <testcase name="_4_AML" time="952.562" classname="aml_regression._3_AML_CTR_Test_Scenarios"/>
</testsuite> <!-- aml_regression._3_AML_CTR_Test_Scenarios -->
