<?xml version="1.0" encoding="UTF-8"?>
<!-- Generated by org.testng.reporters.JUnitReportReporter -->
<testsuite hostname="GARIMA7LT" name="Virginia_Regression.Verify_LOC_RPPay_Draw_Cdt_Eql" tests="4" failures="0" timestamp="28 Mar 2017 20:27:31 GMT" time="494.258" errors="0">
  <testcase name="Navigate_to_EcashURL" time="11.596" classname="Virginia_Regression.Verify_LOC_RPPay_Draw_Cdt_Eql"/>
  <testcase name="log_out" time="6.257" classname="Virginia_Regression.Verify_LOC_RPPay_Draw_Cdt_Eql"/>
  <testcase name="StroreLogin" time="9.660" classname="Virginia_Regression.Verify_LOC_RPPay_Draw_Cdt_Eql"/>
  <testcase name="LOC_RPDraw_equals_Credit" time="466.745" classname="Virginia_Regression.Verify_LOC_RPPay_Draw_Cdt_Eql"/>
</testsuite> <!-- Virginia_Regression.Verify_LOC_RPPay_Draw_Cdt_Eql -->
