<?xml version="1.0" encoding="UTF-8"?>
<!-- Generated by org.testng.reporters.JUnitReportReporter -->
<testsuite hostname="RGUDLA7LT" name="Framework.test" tests="3" failures="0" timestamp="23 Feb 2016 16:17:31 GMT" time="349.758" errors="0">
  <testcase name="StroreLogin" time="29.279" classname="Framework.test"/>
  <testcase name="Title_Loan_Payment" time="312.477" classname="Framework.test"/>
  <testcase name="Url_search" time="8.002" classname="Framework.test"/>
</testsuite> <!-- Framework.test -->
