<?xml version="1.0" encoding="UTF-8"?>
<!-- Generated by org.testng.reporters.JUnitReportReporter -->
<testsuite hostname="RKOTTI7LT" name="VA._43_Void_Insight_Cardload" tests="5" failures="0" timestamp="30 Jun 2016 14:12:36 GMT" time="270.219" errors="0">
  <testcase name="StroreLogin" time="8.953" classname="VA._43_Void_Insight_Cardload"/>
  <testcase name="Open_Drawer" time="26.796" classname="VA._43_Void_Insight_Cardload"/>
  <testcase name="Insight_with_Cust_No_Cart" time="111.133" classname="VA._43_Void_Insight_Cardload"/>
  <testcase name="Url_search" time="6.097" classname="VA._43_Void_Insight_Cardload"/>
  <testcase name="Insight_With_Cust_with_Cart" time="117.240" classname="VA._43_Void_Insight_Cardload"/>
</testsuite> <!-- VA._43_Void_Insight_Cardload -->
