<?xml version="1.0" encoding="UTF-8"?>
<!-- Generated by org.testng.reporters.JUnitReportReporter -->
<testsuite hostname="GARIMA7LT" name="aml_regression.AML_Reports" tests="3" failures="0" timestamp="17 May 2017 15:35:13 GMT" time="56.340" errors="0">
  <testcase name="_2_store_login" time="12.600" classname="aml_regression.AML_Reports"/>
  <testcase name="_1_navigate_to_eCashURL" time="16.167" classname="aml_regression.AML_Reports"/>
  <testcase name="_5_ReportsValidation" time="27.573" classname="aml_regression.AML_Reports"/>
</testsuite> <!-- aml_regression.AML_Reports -->
