<?xml version="1.0" encoding="UTF-8"?>
<!-- Generated by org.testng.reporters.JUnitReportReporter -->
<testsuite hostname="RGUDLA7LT" name="Framework.Verify_Multiple_Loans_TN_5_a" tests="4" failures="0" timestamp="22 Jan 2016 21:13:33 GMT" time="149.372" errors="0">
  <testcase name="newcustomer" time="34.034" classname="Framework.Verify_Multiple_Loans_TN_5_a"/>
  <testcase name="Loan_Orgination" time="85.667" classname="Framework.Verify_Multiple_Loans_TN_5_a"/>
  <testcase name="StroreLogin" time="7.516" classname="Framework.Verify_Multiple_Loans_TN_5_a"/>
  <testcase name="Open_Drawer" time="22.155" classname="Framework.Verify_Multiple_Loans_TN_5_a"/>
</testsuite> <!-- Framework.Verify_Multiple_Loans_TN_5_a -->
