<?xml version="1.0" encoding="UTF-8"?>
<!-- Generated by org.testng.reporters.JUnitReportReporter -->
<testsuite hostname="GARIMA7LT" name="aml_regression._3_AML_TestScenarios" tests="4" failures="0" timestamp="15 May 2017 19:21:36 GMT" time="1156.342" errors="0">
  <testcase name="_2_store_login" time="10.736" classname="aml_regression._3_AML_TestScenarios"/>
  <testcase name="_4_AML" time="1116.368" classname="aml_regression._3_AML_TestScenarios"/>
  <testcase name="_1_navigate_to_eCashURL" time="11.850" classname="aml_regression._3_AML_TestScenarios"/>
  <testcase name="_3_admin_login" time="17.388" classname="aml_regression._3_AML_TestScenarios"/>
</testsuite> <!-- aml_regression._3_AML_TestScenarios -->
