<?xml version="1.0" encoding="UTF-8"?>
<!-- Generated by org.testng.reporters.JUnitReportReporter -->
<testsuite hostname="RGUDLA7LT" name="Framework.Void_Insigt_Cardload_43" tests="4" failures="0" timestamp="5 Nov 2015 14:55:15 GMT" time="186.125" errors="0">
  <testcase name="StroreLogin" time="6.894" classname="Framework.Void_Insigt_Cardload_43"/>
  <testcase name="Insight_with_Cust_No_Cart" time="81.772" classname="Framework.Void_Insigt_Cardload_43"/>
  <testcase name="Open_Drawer" time="18.632" classname="Framework.Void_Insigt_Cardload_43"/>
  <testcase name="Insight_With_Cust_with_Cart" time="78.827" classname="Framework.Void_Insigt_Cardload_43"/>
</testsuite> <!-- Framework.Void_Insigt_Cardload_43 -->
