<?xml version="1.0" encoding="UTF-8"?>
<!-- Generated by org.testng.reporters.JUnitReportReporter -->
<testsuite hostname="NKOTIKALAPUDI7LT" name="VA._47_Void_Loan_Payoff" tests="3" failures="0" timestamp="1 Aug 2016 20:33:35 GMT" time="307.553" errors="0">
  <testcase name="StroreLogin" time="20.215" classname="VA._47_Void_Loan_Payoff"/>
  <testcase name="Void_Loan_Payoff" time="276.674" classname="VA._47_Void_Loan_Payoff"/>
  <testcase name="Url_search" time="10.664" classname="VA._47_Void_Loan_Payoff"/>
</testsuite> <!-- VA._47_Void_Loan_Payoff -->
