<?xml version="1.0" encoding="UTF-8"?>
<!-- Generated by org.testng.reporters.JUnitReportReporter -->
<testsuite hostname="RGUDLA7LT" name="Framework._49_Void_TTL_Loan_Origination" tests="5" failures="0" timestamp="29 Feb 2016 19:40:06 GMT" time="205.713" errors="0">
  <testcase name="Open_Drawer" time="20.429" classname="Framework._49_Void_TTL_Loan_Origination"/>
  <testcase name="newcustomer" time="34.608" classname="Framework._49_Void_TTL_Loan_Origination"/>
  <testcase name="StroreLogin" time="21.844" classname="Framework._49_Void_TTL_Loan_Origination"/>
  <testcase name="Void_TTL_Loan_Origination" time="120.912" classname="Framework._49_Void_TTL_Loan_Origination"/>
  <testcase name="Url_search" time="7.920" classname="Framework._49_Void_TTL_Loan_Origination"/>
</testsuite> <!-- Framework._49_Void_TTL_Loan_Origination -->
