<?xml version="1.0" encoding="UTF-8"?>
<!-- Generated by org.testng.reporters.JUnitReportReporter -->
<testsuite hostname="RGUDLA7LT" name="Framework._33_Void_WU_Receive" tests="6" failures="0" timestamp="19 Feb 2016 16:39:21 GMT" time="418.149" errors="0">
  <testcase name="StroreLogin" time="9.087" classname="Framework._33_Void_WU_Receive"/>
  <testcase name="WU_Receive_With_Cust_with_Cart" time="108.683" classname="Framework._33_Void_WU_Receive"/>
  <testcase name="WU_Receive_with_Cust_No_Cart" time="103.398" classname="Framework._33_Void_WU_Receive"/>
  <testcase name="WU_Receive_No_Cust_No_Cart" time="81.628" classname="Framework._33_Void_WU_Receive"/>
  <testcase name="Open_Drawer" time="27.080" classname="Framework._33_Void_WU_Receive"/>
  <testcase name="WU_Receive_No_Cust_with_Cart" time="88.273" classname="Framework._33_Void_WU_Receive"/>
</testsuite> <!-- Framework._33_Void_WU_Receive -->
