<?xml version="1.0" encoding="UTF-8"?>
<!-- Generated by org.testng.reporters.JUnitReportReporter -->
<testsuite hostname="RKOTTI7LT" name="Ohio._18_Verify_WU_Send_over_Threshold" tests="4" failures="0" timestamp="30 Jun 2016 14:50:33 GMT" time="280.219" errors="0">
  <testcase name="Open_Drawer" time="25.522" classname="Ohio._18_Verify_WU_Send_over_Threshold"/>
  <testcase name="WU_Send_over_Threshold" time="227.889" classname="Ohio._18_Verify_WU_Send_over_Threshold"/>
  <testcase name="Url_search" time="5.246" classname="Ohio._18_Verify_WU_Send_over_Threshold"/>
  <testcase name="StroreLogin" time="21.562" classname="Ohio._18_Verify_WU_Send_over_Threshold"/>
</testsuite> <!-- Ohio._18_Verify_WU_Send_over_Threshold -->
