<?xml version="1.0" encoding="UTF-8"?>
<!-- Generated by org.testng.reporters.JUnitReportReporter -->
<testsuite hostname="GARIMA7LT" name="Virginia.Verify_LOC_RPAmt_Draw_100_to_5000" tests="5" failures="0" timestamp="24 Mar 2017 17:59:47 GMT" time="451.164" errors="0">
  <testcase name="StroreLogin" time="10.010" classname="Virginia.Verify_LOC_RPAmt_Draw_100_to_5000"/>
  <testcase name="LOCPrincipal_Creation" time="364.323" classname="Virginia.Verify_LOC_RPAmt_Draw_100_to_5000"/>
  <testcase name="Url_search" time="13.827" classname="Virginia.Verify_LOC_RPAmt_Draw_100_to_5000"/>
  <testcase name="newcustomer_Creation" time="48.493" classname="Virginia.Verify_LOC_RPAmt_Draw_100_to_5000"/>
  <testcase name="newloan_Creation" time="14.511" classname="Virginia.Verify_LOC_RPAmt_Draw_100_to_5000"/>
</testsuite> <!-- Virginia.Verify_LOC_RPAmt_Draw_100_to_5000 -->
