<?xml version="1.0" encoding="UTF-8"?>
<!-- Generated by org.testng.reporters.JUnitReportReporter -->
<testsuite hostname="RGUDLA7LT" name="Framework.Void_Rescind_Loan_46" tests="4" failures="0" timestamp="20 Jan 2016 21:51:35 GMT" time="114.018" errors="0">
  <testcase name="Resicnd" time="58.722" classname="Framework.Void_Rescind_Loan_46"/>
  <testcase name="StroreLogin" time="7.580" classname="Framework.Void_Rescind_Loan_46"/>
  <testcase name="Open_Drawer" time="18.602" classname="Framework.Void_Rescind_Loan_46"/>
  <testcase name="newcustomer" time="29.114" classname="Framework.Void_Rescind_Loan_46"/>
</testsuite> <!-- Framework.Void_Rescind_Loan_46 -->
