<?xml version="1.0" encoding="UTF-8"?>
<!-- Generated by org.testng.reporters.JUnitReportReporter -->
<testsuite hostname="GARIMA7LT" name="Virginia.Verify_Available_Credit_PostRP_Unenrollment" tests="4" failures="0" timestamp="28 Mar 2017 17:39:48 GMT" time="48.306" errors="0">
  <testcase name="RapidPay_Unenrollment" time="21.418" classname="Virginia.Verify_Available_Credit_PostRP_Unenrollment"/>
  <testcase name="Navigate_to_EcashURL" time="11.879" classname="Virginia.Verify_Available_Credit_PostRP_Unenrollment"/>
  <testcase name="StroreLogin" time="10.064" classname="Virginia.Verify_Available_Credit_PostRP_Unenrollment"/>
  <testcase name="log_out" time="4.945" classname="Virginia.Verify_Available_Credit_PostRP_Unenrollment"/>
</testsuite> <!-- Virginia.Verify_Available_Credit_PostRP_Unenrollment -->
