<?xml version="1.0" encoding="UTF-8"?>
<!-- Generated by org.testng.reporters.JUnitReportReporter -->
<testsuite hostname="GARIMA7LT" name="aml_regression._2_CTR_TestScenarios" tests="5" failures="0" timestamp="27 Jun 2017 20:55:10 GMT" time="1245.969" errors="0">
  <testcase name="_2_store_login" time="10.901" classname="aml_regression._2_CTR_TestScenarios"/>
  <testcase name="_1_navigate_to_eCashURL" time="35.516" classname="aml_regression._2_CTR_TestScenarios"/>
  <testcase name="_3_admin_login" time="17.508" classname="aml_regression._2_CTR_TestScenarios"/>
  <testcase name="_4_AML" time="1176.721" classname="aml_regression._2_CTR_TestScenarios"/>
  <testcase name="_5_CloseBrowser" time="5.323" classname="aml_regression._2_CTR_TestScenarios"/>
</testsuite> <!-- aml_regression._2_CTR_TestScenarios -->
