<?xml version="1.0" encoding="UTF-8"?>
<!-- Generated by org.testng.reporters.JUnitReportReporter -->
<testsuite hostname="GARIMA7LT" name="virginia_regression._04_Create_EPP_14_28_31" tests="7" failures="0" timestamp="14 Jun 2017 16:15:02 GMT" time="871.607" errors="0">
  <testcase name="_3_teller_login" time="45.527" classname="virginia_regression._04_Create_EPP_14_28_31"/>
  <testcase name="_7_logout_admin" time="5.512" classname="virginia_regression._04_Create_EPP_14_28_31"/>
  <testcase name="_1_admin_login" time="17.752" classname="virginia_regression._04_Create_EPP_14_28_31"/>
  <testcase name="_8_logout_teller" time="1.031" classname="virginia_regression._04_Create_EPP_14_28_31"/>
  <testcase name="_6_businessdatebacktoOriginal" time="3.342" classname="virginia_regression._04_Create_EPP_14_28_31"/>
  <testcase name="_2_navigate_to_eCashURL" time="7.361" classname="virginia_regression._04_Create_EPP_14_28_31"/>
  <testcase name="_5_PRA_Creation" time="791.082" classname="virginia_regression._04_Create_EPP_14_28_31"/>
</testsuite> <!-- virginia_regression._04_Create_EPP_14_28_31 -->
