<?xml version="1.0" encoding="UTF-8"?>
<!-- Generated by org.testng.reporters.JUnitReportReporter -->
<testsuite hostname="RGUDLA7LT" name="Framework.Void_Chargeoff_48" tests="4" failures="0" timestamp="21 Jan 2016 15:47:40 GMT" time="133.688" errors="0">
  <testcase name="Resicnd" time="59.516" classname="Framework.Void_Chargeoff_48"/>
  <testcase name="newcustomer" time="33.400" classname="Framework.Void_Chargeoff_48"/>
  <testcase name="StroreLogin" time="19.885" classname="Framework.Void_Chargeoff_48"/>
  <testcase name="Open_Drawer" time="20.887" classname="Framework.Void_Chargeoff_48"/>
</testsuite> <!-- Framework.Void_Chargeoff_48 -->
