<?xml version="1.0" encoding="UTF-8"?>
<!-- Generated by org.testng.reporters.JUnitReportReporter -->
<testsuite hostname="RGUDLA7LT" name="Framework._32_Void_WU_Send" tests="6" failures="0" timestamp="19 Feb 2016 16:39:21 GMT" time="498.952" errors="0">
  <testcase name="WU_Send_with_Cust_No_Cart" time="120.905" classname="Framework._32_Void_WU_Send"/>
  <testcase name="StroreLogin" time="11.063" classname="Framework._32_Void_WU_Send"/>
  <testcase name="WU_Send_No_Cust_with_Cart" time="105.380" classname="Framework._32_Void_WU_Send"/>
  <testcase name="Open_Drawer" time="27.943" classname="Framework._32_Void_WU_Send"/>
  <testcase name="WU_Send_No_Cust_No_Cart" time="112.149" classname="Framework._32_Void_WU_Send"/>
  <testcase name="WU_Send_With_Cust_with_Cart" time="121.512" classname="Framework._32_Void_WU_Send"/>
</testsuite> <!-- Framework._32_Void_WU_Send -->
