<?xml version="1.0" encoding="UTF-8"?>
<!-- Generated by org.testng.reporters.JUnitReportReporter -->
<testsuite hostname="GARIMA7LT" name="aml_regression._5_ReportVerification" tests="3" failures="0" timestamp="23 May 2017 17:45:40 GMT" time="47.693" errors="0">
  <testcase name="_5_ReportsValidation" time="29.033" classname="aml_regression._5_ReportVerification"/>
  <testcase name="_2_store_login" time="10.941" classname="aml_regression._5_ReportVerification"/>
  <testcase name="_1_navigate_to_eCashURL" time="7.719" classname="aml_regression._5_ReportVerification"/>
</testsuite> <!-- aml_regression._5_ReportVerification -->
