<?xml version="1.0" encoding="UTF-8"?>
<!-- Generated by org.testng.reporters.JUnitReportReporter -->
<testsuite hostname="RKOTTI7LT" name="VA._41_Void_Stamps" tests="7" failures="0" timestamp="30 Jun 2016 14:12:35 GMT" time="409.943" errors="0">
  <testcase name="Stamps_No_Cust_No_Cart" time="79.953" classname="VA._41_Void_Stamps"/>
  <testcase name="StroreLogin" time="8.911" classname="VA._41_Void_Stamps"/>
  <testcase name="Stamps_With_Cust_with_Cart" time="105.110" classname="VA._41_Void_Stamps"/>
  <testcase name="Open_Drawer" time="26.537" classname="VA._41_Void_Stamps"/>
  <testcase name="Url_search" time="10.647" classname="VA._41_Void_Stamps"/>
  <testcase name="Stamps_No_Cust_with_Cart" time="79.750" classname="VA._41_Void_Stamps"/>
  <testcase name="Stamps_with_Cust_No_Cart" time="99.035" classname="VA._41_Void_Stamps"/>
</testsuite> <!-- VA._41_Void_Stamps -->
