<?xml version="1.0" encoding="UTF-8"?>
<!-- Generated by org.testng.reporters.JUnitReportReporter -->
<testsuite hostname="GARIMA7LT" name="aml_regression._1_AML_TestScenarios" tests="5" failures="0" timestamp="26 Jun 2017 16:00:03 GMT" time="1343.554" errors="0">
  <testcase name="_2_store_login" time="11.144" classname="aml_regression._1_AML_TestScenarios"/>
  <testcase name="_1_navigate_to_eCashURL" time="8.477" classname="aml_regression._1_AML_TestScenarios"/>
  <testcase name="_3_admin_login" time="161.122" classname="aml_regression._1_AML_TestScenarios"/>
  <testcase name="_5_CloseBrowser" time="5.300" classname="aml_regression._1_AML_TestScenarios"/>
  <testcase name="_4_AML" time="1157.511" classname="aml_regression._1_AML_TestScenarios"/>
</testsuite> <!-- aml_regression._1_AML_TestScenarios -->
