<?xml version="1.0" encoding="UTF-8"?>
<!-- Generated by org.testng.reporters.JUnitReportReporter -->
<testsuite hostname="RGUDLA7LT" name="Framework.Verify_Patial_Full_Loan_Amt_9_10" tests="4" failures="0" timestamp="26 Jan 2016 15:04:23 GMT" time="253.648" errors="0">
  <testcase name="Resicnd" time="175.622" classname="Framework.Verify_Patial_Full_Loan_Amt_9_10"/>
  <testcase name="newcustomer" time="36.392" classname="Framework.Verify_Patial_Full_Loan_Amt_9_10"/>
  <testcase name="StroreLogin" time="20.090" classname="Framework.Verify_Patial_Full_Loan_Amt_9_10"/>
  <testcase name="Open_Drawer" time="21.544" classname="Framework.Verify_Patial_Full_Loan_Amt_9_10"/>
</testsuite> <!-- Framework.Verify_Patial_Full_Loan_Amt_9_10 -->
