<?xml version="1.0" encoding="UTF-8"?>
<!-- Generated by org.testng.reporters.JUnitReportReporter -->
<testsuite hostname="RGUDLA7LT" name="Framework.Multi_Customer_Creation" tests="2" failures="2" timestamp="23 Dec 2015 18:04:19 GMT" time="0.000" errors="0">
  <testcase name="StroreLogin" time="0.000" classname="Framework.Multi_Customer_Creation">
    <failure type="org.openqa.selenium.WebDriverException" message="Failed to connect to binary FirefoxBinary(C:\Program Files (x86)\Mozilla Firefox\firefox.exe) on port 7055; process output follows: 
85-3208198ce6fd}&quot;,&quot;syncGUID&quot;:&quot;EpqIX4oDstTm&quot;,&quot;location&quot;:&quot;app-global&quot;,&quot;version&quot;:&quot;43.0.2&quot;,&quot;type&quot;:&quot;theme&quot;,&quot;internalName&quot;:&quot;classic/1.0&quot;,&quot;updateURL&quot;:null,&quot;updateKey&quot;:null,&quot;optionsURL&quot;:null,&quot;optionsType&quot;:null,&quot;aboutURL&quot;:null,&quot;iconURL&quot;:null,&quot;icon64URL&quot;:null,&quot;defaultLocale&quot;:{&quot;name&quot;:&quot;Default&quot;,&quot;description&quot;:&quot;The default theme.&quot;,&quot;creator&quot;:&quot;Mozilla&quot;,&quot;homepageURL&quot;:null,&quot;contributors&quot;:[&quot;Mozilla Contributors&quot;]},&quot;visible&quot;:true,&quot;active&quot;:true,&quot;userDisabled&quot;:false,&quot;appDisabled&quot;:false,&quot;descriptor&quot;:&quot;C:\\Program Files (x86)\\Mozilla Firefox\\browser\\extensions\\{972ce4c6-7e08-4474-a285-3208198ce6fd}&quot;,&quot;installDate&quot;:1450887638120,&quot;updateDate&quot;:1450887638120,&quot;applyBackgroundUpdates&quot;:1,&quot;skinnable&quot;:true,&quot;size&quot;:24172,&quot;sourceURI&quot;:null,&quot;releaseNotesURI&quot;:null,&quot;softDisabled&quot;:false,&quot;foreignInstall&quot;:false,&quot;hasBinaryComponents&quot;:false,&quot;strictCompatibility&quot;:true,&quot;locales&quot;:[],&quot;targetApplications&quot;:[{&quot;id&quot;:&quot;{ec8030f7-c20a-464f-9b0e-13a3a9e97384}&quot;,&quot;minVersion&quot;:&quot;43.0.2&quot;,&quot;maxVersion&quot;:&quot;43.0.2&quot;}],&quot;targetPlatforms&quot;:[]}
1450893813108	addons.xpi	DEBUG	getModTime: Recursive scan of {972ce4c6-7e08-4474-a285-3208198ce6fd}
1450893813109	DeferredSave.extensions.json	DEBUG	Save changes
1450893813110	addons.xpi	DEBUG	Updating database with changes to installed add-ons
1450893813110	addons.xpi-utils	DEBUG	Updating add-on states
1450893813111	addons.xpi-utils	DEBUG	Writing add-ons list
1450893813138	addons.manager	DEBUG	Registering shutdown blocker for XPIProvider
1450893813139	addons.manager	DEBUG	Provider finished startup: XPIProvider
1450893813139	addons.manager	DEBUG	Starting provider: LightweightThemeManager
1450893813139	addons.manager	DEBUG	Registering shutdown blocker for LightweightThemeManager
1450893813139	addons.manager	DEBUG	Provider finished startup: LightweightThemeManager
1450893813140	addons.manager	DEBUG	Starting provider: GMPProvider
1450893813147	addons.manager	DEBUG	Registering shutdown blocker for GMPProvider
1450893813147	addons.manager	DEBUG	Provider finished startup: GMPProvider
1450893813147	addons.manager	DEBUG	Starting provider: PluginProvider
1450893813148	addons.manager	DEBUG	Registering shutdown blocker for PluginProvider
1450893813148	addons.manager	DEBUG	Provider finished startup: PluginProvider
1450893813148	addons.manager	DEBUG	Completed startup sequence
1450893815431	addons.manager	DEBUG	Starting provider: &lt;unnamed-provider&gt;
1450893815431	addons.manager	DEBUG	Registering shutdown blocker for &lt;unnamed-provider&gt;
1450893815431	addons.manager	DEBUG	Provider finished startup: &lt;unnamed-provider&gt;
1450893817066	DeferredSave.extensions.json	DEBUG	Starting write
1450893817406	addons.repository	DEBUG	No addons.json found.
1450893817407	DeferredSave.addons.json	DEBUG	Save changes
1450893817410	DeferredSave.addons.json	DEBUG	Starting timer
1450893817421	addons.manager	DEBUG	Starting provider: PreviousExperimentProvider
1450893817421	addons.manager	DEBUG	Registering shutdown blocker for PreviousExperimentProvider
1450893817421	addons.manager	DEBUG	Provider finished startup: PreviousExperimentProvider
1450893817432	DeferredSave.extensions.json	DEBUG	Write succeeded
1450893817432	addons.xpi-utils	DEBUG	XPI Database saved, setting schema version preference to 17
1450893817582	DeferredSave.addons.json	DEBUG	Starting write
1450893818923	DeferredSave.addons.json	DEBUG	Write succeeded
1450893825192	addons.manager	DEBUG	shutdown
1450893825193	addons.manager	DEBUG	Calling shutdown blocker for XPIProvider
1450893825193	addons.xpi	DEBUG	shutdown
1450893825193	addons.xpi-utils	DEBUG	shutdown
1450893825193	addons.manager	DEBUG	Calling shutdown blocker for LightweightThemeManager
1450893825193	addons.manager	DEBUG	Calling shutdown blocker for GMPProvider
1450893825194	addons.manager	DEBUG	Calling shutdown blocker for PluginProvider
1450893825195	addons.manager	DEBUG	Calling shutdown blocker for &lt;unnamed-provider&gt;
1450893825195	addons.manager	DEBUG	Calling shutdown blocker for PreviousExperimentProvider
1450893825197	addons.xpi	DEBUG	Notifying XPI shutdown observers
1450893825200	addons.manager	DEBUG	Async provider shutdown done

Build info: version: &#039;2.47.1&#039;, revision: &#039;411b314&#039;, time: &#039;2015-07-30 02:56:46&#039;
System info: host: &#039;RGUDLA7LT&#039;, ip: &#039;10.160.0.36&#039;, os.name: &#039;Windows 7&#039;, os.arch: &#039;amd64&#039;, os.version: &#039;6.1&#039;, java.version: &#039;1.8.0_60&#039;
Driver info: driver.version: FirefoxDriver">
      <![CDATA[org.openqa.selenium.WebDriverException: Failed to connect to binary FirefoxBinary(C:\Program Files (x86)\Mozilla Firefox\firefox.exe) on port 7055; process output follows: 
85-3208198ce6fd}","syncGUID":"EpqIX4oDstTm","location":"app-global","version":"43.0.2","type":"theme","internalName":"classic/1.0","updateURL":null,"updateKey":null,"optionsURL":null,"optionsType":null,"aboutURL":null,"iconURL":null,"icon64URL":null,"defaultLocale":{"name":"Default","description":"The default theme.","creator":"Mozilla","homepageURL":null,"contributors":["Mozilla Contributors"]},"visible":true,"active":true,"userDisabled":false,"appDisabled":false,"descriptor":"C:\\Program Files (x86)\\Mozilla Firefox\\browser\\extensions\\{972ce4c6-7e08-4474-a285-3208198ce6fd}","installDate":1450887638120,"updateDate":1450887638120,"applyBackgroundUpdates":1,"skinnable":true,"size":24172,"sourceURI":null,"releaseNotesURI":null,"softDisabled":false,"foreignInstall":false,"hasBinaryComponents":false,"strictCompatibility":true,"locales":[],"targetApplications":[{"id":"{ec8030f7-c20a-464f-9b0e-13a3a9e97384}","minVersion":"43.0.2","maxVersion":"43.0.2"}],"targetPlatforms":[]}
1450893813108	addons.xpi	DEBUG	getModTime: Recursive scan of {972ce4c6-7e08-4474-a285-3208198ce6fd}
1450893813109	DeferredSave.extensions.json	DEBUG	Save changes
1450893813110	addons.xpi	DEBUG	Updating database with changes to installed add-ons
1450893813110	addons.xpi-utils	DEBUG	Updating add-on states
1450893813111	addons.xpi-utils	DEBUG	Writing add-ons list
1450893813138	addons.manager	DEBUG	Registering shutdown blocker for XPIProvider
1450893813139	addons.manager	DEBUG	Provider finished startup: XPIProvider
1450893813139	addons.manager	DEBUG	Starting provider: LightweightThemeManager
1450893813139	addons.manager	DEBUG	Registering shutdown blocker for LightweightThemeManager
1450893813139	addons.manager	DEBUG	Provider finished startup: LightweightThemeManager
1450893813140	addons.manager	DEBUG	Starting provider: GMPProvider
1450893813147	addons.manager	DEBUG	Registering shutdown blocker for GMPProvider
1450893813147	addons.manager	DEBUG	Provider finished startup: GMPProvider
1450893813147	addons.manager	DEBUG	Starting provider: PluginProvider
1450893813148	addons.manager	DEBUG	Registering shutdown blocker for PluginProvider
1450893813148	addons.manager	DEBUG	Provider finished startup: PluginProvider
1450893813148	addons.manager	DEBUG	Completed startup sequence
1450893815431	addons.manager	DEBUG	Starting provider: <unnamed-provider>
1450893815431	addons.manager	DEBUG	Registering shutdown blocker for <unnamed-provider>
1450893815431	addons.manager	DEBUG	Provider finished startup: <unnamed-provider>
1450893817066	DeferredSave.extensions.json	DEBUG	Starting write
1450893817406	addons.repository	DEBUG	No addons.json found.
1450893817407	DeferredSave.addons.json	DEBUG	Save changes
1450893817410	DeferredSave.addons.json	DEBUG	Starting timer
1450893817421	addons.manager	DEBUG	Starting provider: PreviousExperimentProvider
1450893817421	addons.manager	DEBUG	Registering shutdown blocker for PreviousExperimentProvider
1450893817421	addons.manager	DEBUG	Provider finished startup: PreviousExperimentProvider
1450893817432	DeferredSave.extensions.json	DEBUG	Write succeeded
1450893817432	addons.xpi-utils	DEBUG	XPI Database saved, setting schema version preference to 17
1450893817582	DeferredSave.addons.json	DEBUG	Starting write
1450893818923	DeferredSave.addons.json	DEBUG	Write succeeded
1450893825192	addons.manager	DEBUG	shutdown
1450893825193	addons.manager	DEBUG	Calling shutdown blocker for XPIProvider
1450893825193	addons.xpi	DEBUG	shutdown
1450893825193	addons.xpi-utils	DEBUG	shutdown
1450893825193	addons.manager	DEBUG	Calling shutdown blocker for LightweightThemeManager
1450893825193	addons.manager	DEBUG	Calling shutdown blocker for GMPProvider
1450893825194	addons.manager	DEBUG	Calling shutdown blocker for PluginProvider
1450893825195	addons.manager	DEBUG	Calling shutdown blocker for <unnamed-provider>
1450893825195	addons.manager	DEBUG	Calling shutdown blocker for PreviousExperimentProvider
1450893825197	addons.xpi	DEBUG	Notifying XPI shutdown observers
1450893825200	addons.manager	DEBUG	Async provider shutdown done

Build info: version: '2.47.1', revision: '411b314', time: '2015-07-30 02:56:46'
System info: host: 'RGUDLA7LT', ip: '10.160.0.36', os.name: 'Windows 7', os.arch: 'amd64', os.version: '6.1', java.version: '1.8.0_60'
Driver info: driver.version: FirefoxDriver
	at org.openqa.selenium.firefox.internal.NewProfileExtensionConnection.start(NewProfileExtensionConnection.java:134)
	at org.openqa.selenium.firefox.FirefoxDriver.startClient(FirefoxDriver.java:276)
	at org.openqa.selenium.remote.RemoteWebDriver.<init>(RemoteWebDriver.java:116)
	at org.openqa.selenium.firefox.FirefoxDriver.<init>(FirefoxDriver.java:223)
	at org.openqa.selenium.firefox.FirefoxDriver.<init>(FirefoxDriver.java:216)
	at org.openqa.selenium.firefox.FirefoxDriver.<init>(FirefoxDriver.java:212)
	at org.openqa.selenium.firefox.FirefoxDriver.<init>(FirefoxDriver.java:125)
	at Framework.AML_Multi_Customer_Loan_Creation.Url_search(AML_Multi_Customer_Loan_Creation.java:40)
	at sun.reflect.NativeMethodAccessorImpl.invoke0(Native Method)
	at sun.reflect.NativeMethodAccessorImpl.invoke(Unknown Source)
	at sun.reflect.DelegatingMethodAccessorImpl.invoke(Unknown Source)
	at java.lang.reflect.Method.invoke(Unknown Source)
	at org.testng.internal.MethodInvocationHelper.invokeMethod(MethodInvocationHelper.java:84)
	at org.testng.internal.Invoker.invokeConfigurationMethod(Invoker.java:564)
	at org.testng.internal.Invoker.invokeConfigurations(Invoker.java:213)
	at org.testng.internal.Invoker.invokeConfigurations(Invoker.java:138)
	at org.testng.TestRunner.beforeRun(TestRunner.java:641)
	at org.testng.TestRunner.run(TestRunner.java:609)
	at org.testng.SuiteRunner.runTest(SuiteRunner.java:334)
	at org.testng.SuiteRunner.runSequentially(SuiteRunner.java:329)
	at org.testng.SuiteRunner.privateRun(SuiteRunner.java:291)
	at org.testng.SuiteRunner.run(SuiteRunner.java:240)
	at org.testng.SuiteRunnerWorker.runSuite(SuiteRunnerWorker.java:52)
	at org.testng.SuiteRunnerWorker.run(SuiteRunnerWorker.java:86)
	at org.testng.TestNG.runSuitesSequentially(TestNG.java:1224)
	at org.testng.TestNG.runSuitesLocally(TestNG.java:1149)
	at org.testng.TestNG.run(TestNG.java:1057)
	at org.testng.remote.RemoteTestNG.run(RemoteTestNG.java:111)
	at org.testng.remote.RemoteTestNG.initAndRun(RemoteTestNG.java:204)
	at org.testng.remote.RemoteTestNG.main(RemoteTestNG.java:175)
Caused by: org.openqa.selenium.firefox.NotConnectedException: Unable to connect to host 127.0.0.1 on port 7055 after 45000 ms. Firefox console output:
85-3208198ce6fd}","syncGUID":"EpqIX4oDstTm","location":"app-global","version":"43.0.2","type":"theme","internalName":"classic/1.0","updateURL":null,"updateKey":null,"optionsURL":null,"optionsType":null,"aboutURL":null,"iconURL":null,"icon64URL":null,"defaultLocale":{"name":"Default","description":"The default theme.","creator":"Mozilla","homepageURL":null,"contributors":["Mozilla Contributors"]},"visible":true,"active":true,"userDisabled":false,"appDisabled":false,"descriptor":"C:\\Program Files (x86)\\Mozilla Firefox\\browser\\extensions\\{972ce4c6-7e08-4474-a285-3208198ce6fd}","installDate":1450887638120,"updateDate":1450887638120,"applyBackgroundUpdates":1,"skinnable":true,"size":24172,"sourceURI":null,"releaseNotesURI":null,"softDisabled":false,"foreignInstall":false,"hasBinaryComponents":false,"strictCompatibility":true,"locales":[],"targetApplications":[{"id":"{ec8030f7-c20a-464f-9b0e-13a3a9e97384}","minVersion":"43.0.2","maxVersion":"43.0.2"}],"targetPlatforms":[]}
1450893813108	addons.xpi	DEBUG	getModTime: Recursive scan of {972ce4c6-7e08-4474-a285-3208198ce6fd}
1450893813109	DeferredSave.extensions.json	DEBUG	Save changes
1450893813110	addons.xpi	DEBUG	Updating database with changes to installed add-ons
1450893813110	addons.xpi-utils	DEBUG	Updating add-on states
1450893813111	addons.xpi-utils	DEBUG	Writing add-ons list
1450893813138	addons.manager	DEBUG	Registering shutdown blocker for XPIProvider
1450893813139	addons.manager	DEBUG	Provider finished startup: XPIProvider
1450893813139	addons.manager	DEBUG	Starting provider: LightweightThemeManager
1450893813139	addons.manager	DEBUG	Registering shutdown blocker for LightweightThemeManager
1450893813139	addons.manager	DEBUG	Provider finished startup: LightweightThemeManager
1450893813140	addons.manager	DEBUG	Starting provider: GMPProvider
1450893813147	addons.manager	DEBUG	Registering shutdown blocker for GMPProvider
1450893813147	addons.manager	DEBUG	Provider finished startup: GMPProvider
1450893813147	addons.manager	DEBUG	Starting provider: PluginProvider
1450893813148	addons.manager	DEBUG	Registering shutdown blocker for PluginProvider
1450893813148	addons.manager	DEBUG	Provider finished startup: PluginProvider
1450893813148	addons.manager	DEBUG	Completed startup sequence
1450893815431	addons.manager	DEBUG	Starting provider: <unnamed-provider>
1450893815431	addons.manager	DEBUG	Registering shutdown blocker for <unnamed-provider>
1450893815431	addons.manager	DEBUG	Provider finished startup: <unnamed-provider>
1450893817066	DeferredSave.extensions.json	DEBUG	Starting write
1450893817406	addons.repository	DEBUG	No addons.json found.
1450893817407	DeferredSave.addons.json	DEBUG	Save changes
1450893817410	DeferredSave.addons.json	DEBUG	Starting timer
1450893817421	addons.manager	DEBUG	Starting provider: PreviousExperimentProvider
1450893817421	addons.manager	DEBUG	Registering shutdown blocker for PreviousExperimentProvider
1450893817421	addons.manager	DEBUG	Provider finished startup: PreviousExperimentProvider
1450893817432	DeferredSave.extensions.json	DEBUG	Write succeeded
1450893817432	addons.xpi-utils	DEBUG	XPI Database saved, setting schema version preference to 17
1450893817582	DeferredSave.addons.json	DEBUG	Starting write
1450893818923	DeferredSave.addons.json	DEBUG	Write succeeded
1450893825192	addons.manager	DEBUG	shutdown
1450893825193	addons.manager	DEBUG	Calling shutdown blocker for XPIProvider
1450893825193	addons.xpi	DEBUG	shutdown
1450893825193	addons.xpi-utils	DEBUG	shutdown
1450893825193	addons.manager	DEBUG	Calling shutdown blocker for LightweightThemeManager
1450893825193	addons.manager	DEBUG	Calling shutdown blocker for GMPProvider
1450893825194	addons.manager	DEBUG	Calling shutdown blocker for PluginProvider
1450893825195	addons.manager	DEBUG	Calling shutdown blocker for <unnamed-provider>
1450893825195	addons.manager	DEBUG	Calling shutdown blocker for PreviousExperimentProvider
1450893825197	addons.xpi	DEBUG	Notifying XPI shutdown observers
1450893825200	addons.manager	DEBUG	Async provider shutdown done

	at org.openqa.selenium.firefox.internal.NewProfileExtensionConnection.start(NewProfileExtensionConnection.java:122)
	... 29 more
]]>
    </failure>
  </testcase> <!-- StroreLogin -->
  <testcase name="newcustomer" time="0.000" classname="Framework.Multi_Customer_Creation">
    <failure type="org.openqa.selenium.WebDriverException" message="Failed to connect to binary FirefoxBinary(C:\Program Files (x86)\Mozilla Firefox\firefox.exe) on port 7055; process output follows: 
85-3208198ce6fd}&quot;,&quot;syncGUID&quot;:&quot;EpqIX4oDstTm&quot;,&quot;location&quot;:&quot;app-global&quot;,&quot;version&quot;:&quot;43.0.2&quot;,&quot;type&quot;:&quot;theme&quot;,&quot;internalName&quot;:&quot;classic/1.0&quot;,&quot;updateURL&quot;:null,&quot;updateKey&quot;:null,&quot;optionsURL&quot;:null,&quot;optionsType&quot;:null,&quot;aboutURL&quot;:null,&quot;iconURL&quot;:null,&quot;icon64URL&quot;:null,&quot;defaultLocale&quot;:{&quot;name&quot;:&quot;Default&quot;,&quot;description&quot;:&quot;The default theme.&quot;,&quot;creator&quot;:&quot;Mozilla&quot;,&quot;homepageURL&quot;:null,&quot;contributors&quot;:[&quot;Mozilla Contributors&quot;]},&quot;visible&quot;:true,&quot;active&quot;:true,&quot;userDisabled&quot;:false,&quot;appDisabled&quot;:false,&quot;descriptor&quot;:&quot;C:\\Program Files (x86)\\Mozilla Firefox\\browser\\extensions\\{972ce4c6-7e08-4474-a285-3208198ce6fd}&quot;,&quot;installDate&quot;:1450887638120,&quot;updateDate&quot;:1450887638120,&quot;applyBackgroundUpdates&quot;:1,&quot;skinnable&quot;:true,&quot;size&quot;:24172,&quot;sourceURI&quot;:null,&quot;releaseNotesURI&quot;:null,&quot;softDisabled&quot;:false,&quot;foreignInstall&quot;:false,&quot;hasBinaryComponents&quot;:false,&quot;strictCompatibility&quot;:true,&quot;locales&quot;:[],&quot;targetApplications&quot;:[{&quot;id&quot;:&quot;{ec8030f7-c20a-464f-9b0e-13a3a9e97384}&quot;,&quot;minVersion&quot;:&quot;43.0.2&quot;,&quot;maxVersion&quot;:&quot;43.0.2&quot;}],&quot;targetPlatforms&quot;:[]}
1450893813108	addons.xpi	DEBUG	getModTime: Recursive scan of {972ce4c6-7e08-4474-a285-3208198ce6fd}
1450893813109	DeferredSave.extensions.json	DEBUG	Save changes
1450893813110	addons.xpi	DEBUG	Updating database with changes to installed add-ons
1450893813110	addons.xpi-utils	DEBUG	Updating add-on states
1450893813111	addons.xpi-utils	DEBUG	Writing add-ons list
1450893813138	addons.manager	DEBUG	Registering shutdown blocker for XPIProvider
1450893813139	addons.manager	DEBUG	Provider finished startup: XPIProvider
1450893813139	addons.manager	DEBUG	Starting provider: LightweightThemeManager
1450893813139	addons.manager	DEBUG	Registering shutdown blocker for LightweightThemeManager
1450893813139	addons.manager	DEBUG	Provider finished startup: LightweightThemeManager
1450893813140	addons.manager	DEBUG	Starting provider: GMPProvider
1450893813147	addons.manager	DEBUG	Registering shutdown blocker for GMPProvider
1450893813147	addons.manager	DEBUG	Provider finished startup: GMPProvider
1450893813147	addons.manager	DEBUG	Starting provider: PluginProvider
1450893813148	addons.manager	DEBUG	Registering shutdown blocker for PluginProvider
1450893813148	addons.manager	DEBUG	Provider finished startup: PluginProvider
1450893813148	addons.manager	DEBUG	Completed startup sequence
1450893815431	addons.manager	DEBUG	Starting provider: &lt;unnamed-provider&gt;
1450893815431	addons.manager	DEBUG	Registering shutdown blocker for &lt;unnamed-provider&gt;
1450893815431	addons.manager	DEBUG	Provider finished startup: &lt;unnamed-provider&gt;
1450893817066	DeferredSave.extensions.json	DEBUG	Starting write
1450893817406	addons.repository	DEBUG	No addons.json found.
1450893817407	DeferredSave.addons.json	DEBUG	Save changes
1450893817410	DeferredSave.addons.json	DEBUG	Starting timer
1450893817421	addons.manager	DEBUG	Starting provider: PreviousExperimentProvider
1450893817421	addons.manager	DEBUG	Registering shutdown blocker for PreviousExperimentProvider
1450893817421	addons.manager	DEBUG	Provider finished startup: PreviousExperimentProvider
1450893817432	DeferredSave.extensions.json	DEBUG	Write succeeded
1450893817432	addons.xpi-utils	DEBUG	XPI Database saved, setting schema version preference to 17
1450893817582	DeferredSave.addons.json	DEBUG	Starting write
1450893818923	DeferredSave.addons.json	DEBUG	Write succeeded
1450893825192	addons.manager	DEBUG	shutdown
1450893825193	addons.manager	DEBUG	Calling shutdown blocker for XPIProvider
1450893825193	addons.xpi	DEBUG	shutdown
1450893825193	addons.xpi-utils	DEBUG	shutdown
1450893825193	addons.manager	DEBUG	Calling shutdown blocker for LightweightThemeManager
1450893825193	addons.manager	DEBUG	Calling shutdown blocker for GMPProvider
1450893825194	addons.manager	DEBUG	Calling shutdown blocker for PluginProvider
1450893825195	addons.manager	DEBUG	Calling shutdown blocker for &lt;unnamed-provider&gt;
1450893825195	addons.manager	DEBUG	Calling shutdown blocker for PreviousExperimentProvider
1450893825197	addons.xpi	DEBUG	Notifying XPI shutdown observers
1450893825200	addons.manager	DEBUG	Async provider shutdown done

Build info: version: &#039;2.47.1&#039;, revision: &#039;411b314&#039;, time: &#039;2015-07-30 02:56:46&#039;
System info: host: &#039;RGUDLA7LT&#039;, ip: &#039;10.160.0.36&#039;, os.name: &#039;Windows 7&#039;, os.arch: &#039;amd64&#039;, os.version: &#039;6.1&#039;, java.version: &#039;1.8.0_60&#039;
Driver info: driver.version: FirefoxDriver">
      <![CDATA[org.openqa.selenium.WebDriverException: Failed to connect to binary FirefoxBinary(C:\Program Files (x86)\Mozilla Firefox\firefox.exe) on port 7055; process output follows: 
85-3208198ce6fd}","syncGUID":"EpqIX4oDstTm","location":"app-global","version":"43.0.2","type":"theme","internalName":"classic/1.0","updateURL":null,"updateKey":null,"optionsURL":null,"optionsType":null,"aboutURL":null,"iconURL":null,"icon64URL":null,"defaultLocale":{"name":"Default","description":"The default theme.","creator":"Mozilla","homepageURL":null,"contributors":["Mozilla Contributors"]},"visible":true,"active":true,"userDisabled":false,"appDisabled":false,"descriptor":"C:\\Program Files (x86)\\Mozilla Firefox\\browser\\extensions\\{972ce4c6-7e08-4474-a285-3208198ce6fd}","installDate":1450887638120,"updateDate":1450887638120,"applyBackgroundUpdates":1,"skinnable":true,"size":24172,"sourceURI":null,"releaseNotesURI":null,"softDisabled":false,"foreignInstall":false,"hasBinaryComponents":false,"strictCompatibility":true,"locales":[],"targetApplications":[{"id":"{ec8030f7-c20a-464f-9b0e-13a3a9e97384}","minVersion":"43.0.2","maxVersion":"43.0.2"}],"targetPlatforms":[]}
1450893813108	addons.xpi	DEBUG	getModTime: Recursive scan of {972ce4c6-7e08-4474-a285-3208198ce6fd}
1450893813109	DeferredSave.extensions.json	DEBUG	Save changes
1450893813110	addons.xpi	DEBUG	Updating database with changes to installed add-ons
1450893813110	addons.xpi-utils	DEBUG	Updating add-on states
1450893813111	addons.xpi-utils	DEBUG	Writing add-ons list
1450893813138	addons.manager	DEBUG	Registering shutdown blocker for XPIProvider
1450893813139	addons.manager	DEBUG	Provider finished startup: XPIProvider
1450893813139	addons.manager	DEBUG	Starting provider: LightweightThemeManager
1450893813139	addons.manager	DEBUG	Registering shutdown blocker for LightweightThemeManager
1450893813139	addons.manager	DEBUG	Provider finished startup: LightweightThemeManager
1450893813140	addons.manager	DEBUG	Starting provider: GMPProvider
1450893813147	addons.manager	DEBUG	Registering shutdown blocker for GMPProvider
1450893813147	addons.manager	DEBUG	Provider finished startup: GMPProvider
1450893813147	addons.manager	DEBUG	Starting provider: PluginProvider
1450893813148	addons.manager	DEBUG	Registering shutdown blocker for PluginProvider
1450893813148	addons.manager	DEBUG	Provider finished startup: PluginProvider
1450893813148	addons.manager	DEBUG	Completed startup sequence
1450893815431	addons.manager	DEBUG	Starting provider: <unnamed-provider>
1450893815431	addons.manager	DEBUG	Registering shutdown blocker for <unnamed-provider>
1450893815431	addons.manager	DEBUG	Provider finished startup: <unnamed-provider>
1450893817066	DeferredSave.extensions.json	DEBUG	Starting write
1450893817406	addons.repository	DEBUG	No addons.json found.
1450893817407	DeferredSave.addons.json	DEBUG	Save changes
1450893817410	DeferredSave.addons.json	DEBUG	Starting timer
1450893817421	addons.manager	DEBUG	Starting provider: PreviousExperimentProvider
1450893817421	addons.manager	DEBUG	Registering shutdown blocker for PreviousExperimentProvider
1450893817421	addons.manager	DEBUG	Provider finished startup: PreviousExperimentProvider
1450893817432	DeferredSave.extensions.json	DEBUG	Write succeeded
1450893817432	addons.xpi-utils	DEBUG	XPI Database saved, setting schema version preference to 17
1450893817582	DeferredSave.addons.json	DEBUG	Starting write
1450893818923	DeferredSave.addons.json	DEBUG	Write succeeded
1450893825192	addons.manager	DEBUG	shutdown
1450893825193	addons.manager	DEBUG	Calling shutdown blocker for XPIProvider
1450893825193	addons.xpi	DEBUG	shutdown
1450893825193	addons.xpi-utils	DEBUG	shutdown
1450893825193	addons.manager	DEBUG	Calling shutdown blocker for LightweightThemeManager
1450893825193	addons.manager	DEBUG	Calling shutdown blocker for GMPProvider
1450893825194	addons.manager	DEBUG	Calling shutdown blocker for PluginProvider
1450893825195	addons.manager	DEBUG	Calling shutdown blocker for <unnamed-provider>
1450893825195	addons.manager	DEBUG	Calling shutdown blocker for PreviousExperimentProvider
1450893825197	addons.xpi	DEBUG	Notifying XPI shutdown observers
1450893825200	addons.manager	DEBUG	Async provider shutdown done

Build info: version: '2.47.1', revision: '411b314', time: '2015-07-30 02:56:46'
System info: host: 'RGUDLA7LT', ip: '10.160.0.36', os.name: 'Windows 7', os.arch: 'amd64', os.version: '6.1', java.version: '1.8.0_60'
Driver info: driver.version: FirefoxDriver
	at org.openqa.selenium.firefox.internal.NewProfileExtensionConnection.start(NewProfileExtensionConnection.java:134)
	at org.openqa.selenium.firefox.FirefoxDriver.startClient(FirefoxDriver.java:276)
	at org.openqa.selenium.remote.RemoteWebDriver.<init>(RemoteWebDriver.java:116)
	at org.openqa.selenium.firefox.FirefoxDriver.<init>(FirefoxDriver.java:223)
	at org.openqa.selenium.firefox.FirefoxDriver.<init>(FirefoxDriver.java:216)
	at org.openqa.selenium.firefox.FirefoxDriver.<init>(FirefoxDriver.java:212)
	at org.openqa.selenium.firefox.FirefoxDriver.<init>(FirefoxDriver.java:125)
	at Framework.AML_Multi_Customer_Loan_Creation.Url_search(AML_Multi_Customer_Loan_Creation.java:40)
	at sun.reflect.NativeMethodAccessorImpl.invoke0(Native Method)
	at sun.reflect.NativeMethodAccessorImpl.invoke(Unknown Source)
	at sun.reflect.DelegatingMethodAccessorImpl.invoke(Unknown Source)
	at java.lang.reflect.Method.invoke(Unknown Source)
	at org.testng.internal.MethodInvocationHelper.invokeMethod(MethodInvocationHelper.java:84)
	at org.testng.internal.Invoker.invokeConfigurationMethod(Invoker.java:564)
	at org.testng.internal.Invoker.invokeConfigurations(Invoker.java:213)
	at org.testng.internal.Invoker.invokeConfigurations(Invoker.java:138)
	at org.testng.TestRunner.beforeRun(TestRunner.java:641)
	at org.testng.TestRunner.run(TestRunner.java:609)
	at org.testng.SuiteRunner.runTest(SuiteRunner.java:334)
	at org.testng.SuiteRunner.runSequentially(SuiteRunner.java:329)
	at org.testng.SuiteRunner.privateRun(SuiteRunner.java:291)
	at org.testng.SuiteRunner.run(SuiteRunner.java:240)
	at org.testng.SuiteRunnerWorker.runSuite(SuiteRunnerWorker.java:52)
	at org.testng.SuiteRunnerWorker.run(SuiteRunnerWorker.java:86)
	at org.testng.TestNG.runSuitesSequentially(TestNG.java:1224)
	at org.testng.TestNG.runSuitesLocally(TestNG.java:1149)
	at org.testng.TestNG.run(TestNG.java:1057)
	at org.testng.remote.RemoteTestNG.run(RemoteTestNG.java:111)
	at org.testng.remote.RemoteTestNG.initAndRun(RemoteTestNG.java:204)
	at org.testng.remote.RemoteTestNG.main(RemoteTestNG.java:175)
Caused by: org.openqa.selenium.firefox.NotConnectedException: Unable to connect to host 127.0.0.1 on port 7055 after 45000 ms. Firefox console output:
85-3208198ce6fd}","syncGUID":"EpqIX4oDstTm","location":"app-global","version":"43.0.2","type":"theme","internalName":"classic/1.0","updateURL":null,"updateKey":null,"optionsURL":null,"optionsType":null,"aboutURL":null,"iconURL":null,"icon64URL":null,"defaultLocale":{"name":"Default","description":"The default theme.","creator":"Mozilla","homepageURL":null,"contributors":["Mozilla Contributors"]},"visible":true,"active":true,"userDisabled":false,"appDisabled":false,"descriptor":"C:\\Program Files (x86)\\Mozilla Firefox\\browser\\extensions\\{972ce4c6-7e08-4474-a285-3208198ce6fd}","installDate":1450887638120,"updateDate":1450887638120,"applyBackgroundUpdates":1,"skinnable":true,"size":24172,"sourceURI":null,"releaseNotesURI":null,"softDisabled":false,"foreignInstall":false,"hasBinaryComponents":false,"strictCompatibility":true,"locales":[],"targetApplications":[{"id":"{ec8030f7-c20a-464f-9b0e-13a3a9e97384}","minVersion":"43.0.2","maxVersion":"43.0.2"}],"targetPlatforms":[]}
1450893813108	addons.xpi	DEBUG	getModTime: Recursive scan of {972ce4c6-7e08-4474-a285-3208198ce6fd}
1450893813109	DeferredSave.extensions.json	DEBUG	Save changes
1450893813110	addons.xpi	DEBUG	Updating database with changes to installed add-ons
1450893813110	addons.xpi-utils	DEBUG	Updating add-on states
1450893813111	addons.xpi-utils	DEBUG	Writing add-ons list
1450893813138	addons.manager	DEBUG	Registering shutdown blocker for XPIProvider
1450893813139	addons.manager	DEBUG	Provider finished startup: XPIProvider
1450893813139	addons.manager	DEBUG	Starting provider: LightweightThemeManager
1450893813139	addons.manager	DEBUG	Registering shutdown blocker for LightweightThemeManager
1450893813139	addons.manager	DEBUG	Provider finished startup: LightweightThemeManager
1450893813140	addons.manager	DEBUG	Starting provider: GMPProvider
1450893813147	addons.manager	DEBUG	Registering shutdown blocker for GMPProvider
1450893813147	addons.manager	DEBUG	Provider finished startup: GMPProvider
1450893813147	addons.manager	DEBUG	Starting provider: PluginProvider
1450893813148	addons.manager	DEBUG	Registering shutdown blocker for PluginProvider
1450893813148	addons.manager	DEBUG	Provider finished startup: PluginProvider
1450893813148	addons.manager	DEBUG	Completed startup sequence
1450893815431	addons.manager	DEBUG	Starting provider: <unnamed-provider>
1450893815431	addons.manager	DEBUG	Registering shutdown blocker for <unnamed-provider>
1450893815431	addons.manager	DEBUG	Provider finished startup: <unnamed-provider>
1450893817066	DeferredSave.extensions.json	DEBUG	Starting write
1450893817406	addons.repository	DEBUG	No addons.json found.
1450893817407	DeferredSave.addons.json	DEBUG	Save changes
1450893817410	DeferredSave.addons.json	DEBUG	Starting timer
1450893817421	addons.manager	DEBUG	Starting provider: PreviousExperimentProvider
1450893817421	addons.manager	DEBUG	Registering shutdown blocker for PreviousExperimentProvider
1450893817421	addons.manager	DEBUG	Provider finished startup: PreviousExperimentProvider
1450893817432	DeferredSave.extensions.json	DEBUG	Write succeeded
1450893817432	addons.xpi-utils	DEBUG	XPI Database saved, setting schema version preference to 17
1450893817582	DeferredSave.addons.json	DEBUG	Starting write
1450893818923	DeferredSave.addons.json	DEBUG	Write succeeded
1450893825192	addons.manager	DEBUG	shutdown
1450893825193	addons.manager	DEBUG	Calling shutdown blocker for XPIProvider
1450893825193	addons.xpi	DEBUG	shutdown
1450893825193	addons.xpi-utils	DEBUG	shutdown
1450893825193	addons.manager	DEBUG	Calling shutdown blocker for LightweightThemeManager
1450893825193	addons.manager	DEBUG	Calling shutdown blocker for GMPProvider
1450893825194	addons.manager	DEBUG	Calling shutdown blocker for PluginProvider
1450893825195	addons.manager	DEBUG	Calling shutdown blocker for <unnamed-provider>
1450893825195	addons.manager	DEBUG	Calling shutdown blocker for PreviousExperimentProvider
1450893825197	addons.xpi	DEBUG	Notifying XPI shutdown observers
1450893825200	addons.manager	DEBUG	Async provider shutdown done

	at org.openqa.selenium.firefox.internal.NewProfileExtensionConnection.start(NewProfileExtensionConnection.java:122)
	... 29 more
]]>
    </failure>
  </testcase> <!-- newcustomer -->
</testsuite> <!-- Framework.Multi_Customer_Creation -->
