<?xml version="1.0" encoding="UTF-8"?>
<!-- Generated by org.testng.reporters.JUnitReportReporter -->
<testsuite hostname="RGUDLA7LT" name="Framework.Void_Deposited_Check_30" tests="4" failures="0" timestamp="27 Jan 2016 21:13:56 GMT" time="192.515" errors="0">
  <testcase name="newcustomer" time="41.735" classname="Framework.Void_Deposited_Check_30"/>
  <testcase name="Loan_Creation" time="121.824" classname="Framework.Void_Deposited_Check_30"/>
  <testcase name="Open_Drawer" time="21.984" classname="Framework.Void_Deposited_Check_30"/>
  <testcase name="StroreLogin" time="6.972" classname="Framework.Void_Deposited_Check_30"/>
</testsuite> <!-- Framework.Void_Deposited_Check_30 -->
