<?xml version="1.0" encoding="UTF-8"?>
<!-- Generated by org.testng.reporters.JUnitReportReporter -->
<testsuite hostname="RGUDLA7LT" name="Framework._59_Void_xcode_Misc_Cash" tests="7" failures="0" timestamp="29 Feb 2016 18:53:00 GMT" time="429.322" errors="0">
  <testcase name="xcode_With_Cust_with_Cart" time="111.028" classname="Framework._59_Void_xcode_Misc_Cash"/>
  <testcase name="xcode_No_Cust_with_Cart" time="80.690" classname="Framework._59_Void_xcode_Misc_Cash"/>
  <testcase name="StroreLogin" time="9.389" classname="Framework._59_Void_xcode_Misc_Cash"/>
  <testcase name="xcode_No_Cust_No_Cart" time="86.776" classname="Framework._59_Void_xcode_Misc_Cash"/>
  <testcase name="Open_Drawer" time="23.239" classname="Framework._59_Void_xcode_Misc_Cash"/>
  <testcase name="xcode_with_Cust_No_Cart" time="106.431" classname="Framework._59_Void_xcode_Misc_Cash"/>
  <testcase name="Url_search" time="11.769" classname="Framework._59_Void_xcode_Misc_Cash"/>
</testsuite> <!-- Framework._59_Void_xcode_Misc_Cash -->
