<?xml version="1.0" encoding="UTF-8"?>
<!-- Generated by org.testng.reporters.JUnitReportReporter -->
<testsuite hostname="RGUDLA7LT" name="Framework._21_Verify_Insight_CardLoad_Threshold" tests="4" failures="0" timestamp="29 Feb 2016 20:45:52 GMT" time="271.427" errors="0">
  <testcase name="Insight_Cardload_Threshold" time="211.515" classname="Framework._21_Verify_Insight_CardLoad_Threshold"/>
  <testcase name="Open_Drawer" time="29.131" classname="Framework._21_Verify_Insight_CardLoad_Threshold"/>
  <testcase name="StroreLogin" time="21.994" classname="Framework._21_Verify_Insight_CardLoad_Threshold"/>
  <testcase name="Url_search" time="8.787" classname="Framework._21_Verify_Insight_CardLoad_Threshold"/>
</testsuite> <!-- Framework._21_Verify_Insight_CardLoad_Threshold -->
