<?xml version="1.0" encoding="UTF-8"?>
<!-- Generated by org.testng.reporters.JUnitReportReporter -->
<testsuite hostname="RGUDLA7LT" name="Framework._38_Void_Envelopes" tests="6" failures="0" timestamp="10 Feb 2016 18:57:06 GMT" time="289.462" errors="0">
  <testcase name="Envelopes_No_Cust_No_Cart" time="56.454" classname="Framework._38_Void_Envelopes"/>
  <testcase name="Open_Drawer" time="20.644" classname="Framework._38_Void_Envelopes"/>
  <testcase name="Envelopes_No_Cust_with_Cart" time="55.445" classname="Framework._38_Void_Envelopes"/>
  <testcase name="Envelopes_With_Cust_with_Cart" time="75.312" classname="Framework._38_Void_Envelopes"/>
  <testcase name="Envelopes_with_Cust_No_Cart" time="74.411" classname="Framework._38_Void_Envelopes"/>
  <testcase name="StroreLogin" time="7.196" classname="Framework._38_Void_Envelopes"/>
</testsuite> <!-- Framework._38_Void_Envelopes -->
