<?xml version="1.0" encoding="UTF-8"?>
<!-- Generated by org.testng.reporters.JUnitReportReporter -->
<testsuite hostname="GARIMA7LT" name="virginia_regression._03_Create_EPP_14_28_31" tests="7" failures="0" timestamp="26 Jun 2017 20:20:03 GMT" time="856.846" errors="0">
  <testcase name="_2_navigate_to_eCashURL" time="26.891" classname="virginia_regression._03_Create_EPP_14_28_31"/>
  <testcase name="_3_teller_login" time="10.981" classname="virginia_regression._03_Create_EPP_14_28_31"/>
  <testcase name="_5_EPP_Creation" time="794.606" classname="virginia_regression._03_Create_EPP_14_28_31"/>
  <testcase name="_6_businessdatebacktoOriginal" time="3.593" classname="virginia_regression._03_Create_EPP_14_28_31"/>
  <testcase name="_7_logout_admin" time="6.671" classname="virginia_regression._03_Create_EPP_14_28_31"/>
  <testcase name="_8_logout_teller" time="1.019" classname="virginia_regression._03_Create_EPP_14_28_31"/>
  <testcase name="_1_admin_login" time="13.085" classname="virginia_regression._03_Create_EPP_14_28_31"/>
</testsuite> <!-- virginia_regression._03_Create_EPP_14_28_31 -->
