<?xml version="1.0" encoding="UTF-8"?>
<!-- Generated by org.testng.reporters.JUnitReportReporter -->
<testsuite hostname="RGUDLA7LT" name="Framework._42_Void_WU_BillPay" tests="6" failures="0" timestamp="10 Feb 2016 19:40:31 GMT" time="316.227" errors="0">
  <testcase name="Open_Drawer" time="22.925" classname="Framework._42_Void_WU_BillPay"/>
  <testcase name="WU_BillPay_with_Cust_No_Cart" time="79.547" classname="Framework._42_Void_WU_BillPay"/>
  <testcase name="WU_Billpay_No_Cust_with_Cart" time="63.641" classname="Framework._42_Void_WU_BillPay"/>
  <testcase name="WU_Billpay__No_Cust_No_Cart" time="65.152" classname="Framework._42_Void_WU_BillPay"/>
  <testcase name="StroreLogin" time="8.763" classname="Framework._42_Void_WU_BillPay"/>
  <testcase name="WU_Billpay_With_Cust_with_Cart" time="76.199" classname="Framework._42_Void_WU_BillPay"/>
</testsuite> <!-- Framework._42_Void_WU_BillPay -->
