<?xml version="1.0" encoding="UTF-8"?>
<!-- Generated by org.testng.reporters.JUnitReportReporter -->
<testsuite hostname="RGUDLA7LT" name="Framework._19_Verify_WU_Receiv_over_Threshold" tests="4" failures="0" timestamp="29 Feb 2016 20:45:52 GMT" time="286.687" errors="0">
  <testcase name="WU_Receive_over_Threshold" time="226.119" classname="Framework._19_Verify_WU_Receiv_over_Threshold"/>
  <testcase name="Open_Drawer" time="26.638" classname="Framework._19_Verify_WU_Receiv_over_Threshold"/>
  <testcase name="StroreLogin" time="21.452" classname="Framework._19_Verify_WU_Receiv_over_Threshold"/>
  <testcase name="Url_search" time="12.478" classname="Framework._19_Verify_WU_Receiv_over_Threshold"/>
</testsuite> <!-- Framework._19_Verify_WU_Receiv_over_Threshold -->
