<?xml version="1.0" encoding="UTF-8"?>
<!-- Generated by org.testng.reporters.JUnitReportReporter -->
<testsuite hostname="NKOTIKALAPUDI7LT" name="VA.Current_SystemDate" tests="2" failures="0" timestamp="1 Aug 2016 20:33:35 GMT" time="67.535" errors="0">
  <testcase name="date" time="52.505" classname="VA.Current_SystemDate"/>
  <testcase name="Url_search" time="15.030" classname="VA.Current_SystemDate"/>
</testsuite> <!-- VA.Current_SystemDate -->
