<?xml version="1.0" encoding="UTF-8"?>
<!-- Generated by org.testng.reporters.JUnitReportReporter -->
<testsuite hostname="RGUDLA7LT" name="Framework._37_Void_sale_Copies" tests="6" failures="0" timestamp="10 Feb 2016 18:46:09 GMT" time="288.047" errors="0">
  <testcase name="Open_Drawer" time="20.073" classname="Framework._37_Void_sale_Copies"/>
  <testcase name="Copies_No_Cust_with_Cart" time="54.710" classname="Framework._37_Void_sale_Copies"/>
  <testcase name="Copies_No_Cust_No_Cart" time="54.942" classname="Framework._37_Void_sale_Copies"/>
  <testcase name="Copies_With_Cust_with_Cart" time="76.562" classname="Framework._37_Void_sale_Copies"/>
  <testcase name="Copies_with_Cust_No_Cart" time="74.774" classname="Framework._37_Void_sale_Copies"/>
  <testcase name="StroreLogin" time="6.986" classname="Framework._37_Void_sale_Copies"/>
</testsuite> <!-- Framework._37_Void_sale_Copies -->
