<?xml version="1.0" encoding="UTF-8"?>
<!-- Generated by org.testng.reporters.JUnitReportReporter -->
<testsuite hostname="GARIMA7LT" name="Virginia.Create_EPP_28" tests="5" failures="0" timestamp="15 Mar 2017 15:19:57 GMT" time="907.778" errors="0">
  <testcase name="ChkEPPERA" time="340.430" classname="Virginia.Create_EPP_28"/>
  <testcase name="Url_search" time="10.835" classname="Virginia.Create_EPP_28"/>
  <testcase name="StroreLogin" time="15.135" classname="Virginia.Create_EPP_28"/>
  <testcase name="BusinessdatebacktoOriginal" time="32.113" classname="Virginia.Create_EPP_28"/>
  <testcase name="newcustomer_Creation" time="509.265" classname="Virginia.Create_EPP_28"/>
</testsuite> <!-- Virginia.Create_EPP_28 -->
