<?xml version="1.0" encoding="UTF-8"?>
<!-- Generated by org.testng.reporters.JUnitReportReporter -->
<testsuite hostname="GARIMA7LT" name="Virginia.Create_LOC_MaximumAmount_Credit" tests="4" failures="0" timestamp="20 Mar 2017 20:42:38 GMT" time="673.438" errors="0">
  <testcase name="StroreLogin" time="9.823" classname="Virginia.Create_LOC_MaximumAmount_Credit"/>
  <testcase name="Url_search" time="11.871" classname="Virginia.Create_LOC_MaximumAmount_Credit"/>
  <testcase name="newcustomer_Creation" time="54.854" classname="Virginia.Create_LOC_MaximumAmount_Credit"/>
  <testcase name="newloan_Creation" time="596.890" classname="Virginia.Create_LOC_MaximumAmount_Credit"/>
</testsuite> <!-- Virginia.Create_LOC_MaximumAmount_Credit -->
