<?xml version="1.0" encoding="UTF-8"?>
<!-- Generated by org.testng.reporters.JUnitReportReporter -->
<testsuite hostname="RGUDLA7LT" name="Framework.mainclass" tests="2" failures="0" timestamp="6 Oct 2015 20:39:28 GMT" time="16.869" errors="0">
  <testcase name="StroreLogin" time="6.718" classname="Framework.mainclass"/>
  <testcase name="bank_Details" time="10.151" classname="Framework.mainclass"/>
</testsuite> <!-- Framework.mainclass -->
