<?xml version="1.0" encoding="UTF-8"?>
<!-- Generated by org.testng.reporters.JUnitReportReporter -->
<testsuite hostname="GARIMA7LT" name="virginia_regression._6_DecreaseCreditLimit" tests="9" failures="0" timestamp="27 Jun 2017 14:28:43 GMT" time="96.890" errors="0">
  <testcase name="_7_decreaseCreditLimittoMinimumAmount" time="21.361" classname="virginia_regression._6_DecreaseCreditLimit"/>
  <testcase name="_6_admin_login" time="9.652" classname="virginia_regression._6_DecreaseCreditLimit"/>
  <testcase name="_1_navigate_to_eCashteller" time="10.757" classname="virginia_regression._6_DecreaseCreditLimit"/>
  <testcase name="_9_log_out" time="1.033" classname="virginia_regression._6_DecreaseCreditLimit"/>
  <testcase name="_4_log_out_teller" time="4.556" classname="virginia_regression._6_DecreaseCreditLimit"/>
  <testcase name="_3_newLOCcreation_$5000initialCreditLimit" time="19.603" classname="virginia_regression._6_DecreaseCreditLimit"/>
  <testcase name="_2_teller_login" time="12.815" classname="virginia_regression._6_DecreaseCreditLimit"/>
  <testcase name="_8_void_loan" time="5.083" classname="virginia_regression._6_DecreaseCreditLimit"/>
  <testcase name="_5_navigate_to_eCash_as_Admin" time="12.030" classname="virginia_regression._6_DecreaseCreditLimit"/>
</testsuite> <!-- virginia_regression._6_DecreaseCreditLimit -->
