<?xml version="1.0" encoding="UTF-8"?>
<!-- Generated by org.testng.reporters.JUnitReportReporter -->
<testsuite hostname="GARIMA7LT" name="Michigan.Create_EPP" tests="8" failures="0" timestamp="12 Apr 2017 13:46:46 GMT" time="223.922" errors="0">
  <testcase name="logout_admin" time="7.262" classname="Michigan.Create_EPP"/>
  <testcase name="newcustomer_Creation" time="114.749" classname="Michigan.Create_EPP"/>
  <testcase name="EPP_BEFORE_ON_AFTER_OriDate" time="41.162" classname="Michigan.Create_EPP"/>
  <testcase name="BusinessdatebacktoOriginal" time="4.048" classname="Michigan.Create_EPP"/>
  <testcase name="dateadmin_login" time="14.822" classname="Michigan.Create_EPP"/>
  <testcase name="Url_search" time="20.125" classname="Michigan.Create_EPP"/>
  <testcase name="logout_store" time="5.448" classname="Michigan.Create_EPP"/>
  <testcase name="StroreLogin" time="16.306" classname="Michigan.Create_EPP"/>
</testsuite> <!-- Michigan.Create_EPP -->
