<?xml version="1.0" encoding="UTF-8"?>
<!-- Generated by org.testng.reporters.JUnitReportReporter -->
<testsuite hostname="RKOTTI7LT" name="VA._38_Void_Envelopes" tests="7" failures="0" timestamp="30 Jun 2016 14:12:36 GMT" time="348.082" errors="0">
  <testcase name="Open_Drawer" time="22.865" classname="VA._38_Void_Envelopes"/>
  <testcase name="Envelopes_No_Cust_with_Cart" time="65.858" classname="VA._38_Void_Envelopes"/>
  <testcase name="Envelopes_With_Cust_with_Cart" time="91.870" classname="VA._38_Void_Envelopes"/>
  <testcase name="Url_search" time="9.334" classname="VA._38_Void_Envelopes"/>
  <testcase name="Envelopes_with_Cust_No_Cart" time="87.022" classname="VA._38_Void_Envelopes"/>
  <testcase name="StroreLogin" time="6.491" classname="VA._38_Void_Envelopes"/>
  <testcase name="Envelopes_No_Cust_No_Cart" time="64.642" classname="VA._38_Void_Envelopes"/>
</testsuite> <!-- VA._38_Void_Envelopes -->
