<?xml version="1.0" encoding="UTF-8"?>
<!-- Generated by org.testng.reporters.JUnitReportReporter -->
<testsuite hostname="RGUDLA7LT" name="Framework.Void_Charity_36" tests="6" failures="0" timestamp="20 Jan 2016 20:06:51 GMT" time="283.561" errors="0">
  <testcase name="Charity_With_Cust_with_Cart" time="71.681" classname="Framework.Void_Charity_36"/>
  <testcase name="Charity_No_Cust_No_Cart" time="56.520" classname="Framework.Void_Charity_36"/>
  <testcase name="Open_Drawer" time="17.941" classname="Framework.Void_Charity_36"/>
  <testcase name="Charity_No_Cust_with_Cart" time="55.087" classname="Framework.Void_Charity_36"/>
  <testcase name="StroreLogin" time="8.078" classname="Framework.Void_Charity_36"/>
  <testcase name="Charity_with_Cust_No_Cart" time="74.254" classname="Framework.Void_Charity_36"/>
</testsuite> <!-- Framework.Void_Charity_36 -->
