<?xml version="1.0" encoding="UTF-8"?>
<!-- Generated by org.testng.reporters.JUnitReportReporter -->
<testsuite hostname="RGUDLA7LT" name="Framework._45_Void_Loan_Payment" tests="3" failures="0" timestamp="26 Feb 2016 16:10:07 GMT" time="326.136" errors="0">
  <testcase name="StroreLogin" time="28.978" classname="Framework._45_Void_Loan_Payment"/>
  <testcase name="Void_Loan_Payment" time="286.423" classname="Framework._45_Void_Loan_Payment"/>
  <testcase name="Url_search" time="10.735" classname="Framework._45_Void_Loan_Payment"/>
</testsuite> <!-- Framework._45_Void_Loan_Payment -->
