<?xml version="1.0" encoding="UTF-8"?>
<!-- Generated by org.testng.reporters.JUnitReportReporter -->
<testsuite hostname="RGUDLA7LT" name="Framework.Void_Stamps_41" tests="6" failures="0" timestamp="20 Jan 2016 20:37:04 GMT" time="282.561" errors="0">
  <testcase name="Stamps_No_Cust_No_Cart" time="55.776" classname="Framework.Void_Stamps_41"/>
  <testcase name="Open_Drawer" time="17.381" classname="Framework.Void_Stamps_41"/>
  <testcase name="Stamps_With_Cust_with_Cart" time="72.337" classname="Framework.Void_Stamps_41"/>
  <testcase name="Stamps_No_Cust_with_Cart" time="55.924" classname="Framework.Void_Stamps_41"/>
  <testcase name="StroreLogin" time="7.380" classname="Framework.Void_Stamps_41"/>
  <testcase name="Stamps_with_Cust_No_Cart" time="73.763" classname="Framework.Void_Stamps_41"/>
</testsuite> <!-- Framework.Void_Stamps_41 -->
