<?xml version="1.0" encoding="UTF-8"?>
<!-- Generated by org.testng.reporters.JUnitReportReporter -->
<testsuite hostname="GARIMA7LT" name="aml_regression._5_AML_CTR_Test_Scenarios" tests="4" failures="0" timestamp="15 May 2017 20:31:13 GMT" time="924.042" errors="0">
  <testcase name="_2_store_login" time="11.006" classname="aml_regression._5_AML_CTR_Test_Scenarios"/>
  <testcase name="_1_navigate_to_eCashURL" time="8.683" classname="aml_regression._5_AML_CTR_Test_Scenarios"/>
  <testcase name="_3_admin_login" time="18.349" classname="aml_regression._5_AML_CTR_Test_Scenarios"/>
  <testcase name="_4_AML" time="886.004" classname="aml_regression._5_AML_CTR_Test_Scenarios"/>
</testsuite> <!-- aml_regression._5_AML_CTR_Test_Scenarios -->
