<?xml version="1.0" encoding="UTF-8"?>
<!-- Generated by org.testng.reporters.JUnitReportReporter -->
<testsuite hostname="GARIMA7LT" name="virginia_regression._13_Verify_AvlbCredit_UpdateRP" tests="5" failures="0" timestamp="27 Jun 2017 17:55:06 GMT" time="352.547" errors="0">
  <testcase name="_1_navigate_to_eCashURL" time="8.094" classname="virginia_regression._13_Verify_AvlbCredit_UpdateRP"/>
  <testcase name="_5_teller_logout" time="4.872" classname="virginia_regression._13_Verify_AvlbCredit_UpdateRP"/>
  <testcase name="_4_UpdateRapidPay_AvlbCdt_100to5000" time="304.524" classname="virginia_regression._13_Verify_AvlbCredit_UpdateRP"/>
  <testcase name="_2_teller_login" time="9.592" classname="virginia_regression._13_Verify_AvlbCredit_UpdateRP"/>
  <testcase name="_3_newcustomer_Creation" time="25.465" classname="virginia_regression._13_Verify_AvlbCredit_UpdateRP"/>
</testsuite> <!-- virginia_regression._13_Verify_AvlbCredit_UpdateRP -->
