<?xml version="1.0" encoding="UTF-8"?>
<!-- Generated by org.testng.reporters.JUnitReportReporter -->
<testsuite hostname="GARIMA7LT" name="virginia_regression._10_Verify_Promise_Kept_Update" tests="11" failures="0" timestamp="17 Apr 2017 15:50:20 GMT" time="179.590" errors="0">
  <testcase name="_4_LOC_Creation" time="41.303" classname="virginia_regression._10_Verify_Promise_Kept_Update"/>
  <testcase name="_5_businssdate_rolledforward_beyond_duedate" time="4.624" classname="virginia_regression._10_Verify_Promise_Kept_Update"/>
  <testcase name="_2_teller_login" time="18.960" classname="virginia_regression._10_Verify_Promise_Kept_Update"/>
  <testcase name="_6_appointment_creation" time="12.108" classname="virginia_regression._10_Verify_Promise_Kept_Update"/>
  <testcase name="_1_navigate_to_eCashURL" time="10.824" classname="virginia_regression._10_Verify_Promise_Kept_Update"/>
  <testcase name="_11_log_out_teller" time="2.782" classname="virginia_regression._10_Verify_Promise_Kept_Update"/>
  <testcase name="_7_businessdate_rolledforward_3days_priortoapptdt" time="10.801" classname="virginia_regression._10_Verify_Promise_Kept_Update"/>
  <testcase name="_10_businessdatebacktoOriginal" time="11.008" classname="virginia_regression._10_Verify_Promise_Kept_Update"/>
  <testcase name="_8_businessdate_rolledforward_2days_priortoapptdt" time="22.287" classname="virginia_regression._10_Verify_Promise_Kept_Update"/>
  <testcase name="_9_businessdate_rolledforward_toapptdt" time="30.594" classname="virginia_regression._10_Verify_Promise_Kept_Update"/>
  <testcase name="_3_businessdatechange" time="14.299" classname="virginia_regression._10_Verify_Promise_Kept_Update"/>
</testsuite> <!-- virginia_regression._10_Verify_Promise_Kept_Update -->
