<?xml version="1.0" encoding="UTF-8"?>
<!-- Generated by org.testng.reporters.JUnitReportReporter -->
<testsuite hostname="RGUDLA7LT" name="Framework.COPY_Void_WU_Send_33" tests="3" failures="0" timestamp="3 Nov 2015 16:20:25 GMT" time="100.654" errors="0">
  <testcase name="StroreLogin" time="9.265" classname="Framework.COPY_Void_WU_Send_33"/>
  <testcase name="xcode_No_Cust_No_Cart" time="70.704" classname="Framework.COPY_Void_WU_Send_33"/>
  <testcase name="Open_Drawer" time="20.685" classname="Framework.COPY_Void_WU_Send_33"/>
</testsuite> <!-- Framework.COPY_Void_WU_Send_33 -->
