<?xml version="1.0" encoding="UTF-8"?>
<!-- Generated by org.testng.reporters.JUnitReportReporter -->
<testsuite hostname="GARIMA7LT" name="virginia_regression._4_Verify_Available_Credit_PostRP_disenrollment" tests="7" failures="1" timestamp="27 Jun 2017 15:14:06 GMT" time="106.650" errors="0">
  <testcase name="_6_log_out_admin" time="4.593" classname="virginia_regression._4_Verify_Available_Credit_PostRP_disenrollment"/>
  <testcase name="_1_navigate_to_eCashURL" time="27.551" classname="virginia_regression._4_Verify_Available_Credit_PostRP_disenrollment"/>
  <testcase name="_4_RapidPay_disenrollment" time="29.545" classname="virginia_regression._4_Verify_Available_Credit_PostRP_disenrollment">
    <failure type="java.io.FileNotFoundException" message="C:\Excel\VA_LOC_AvlbCdtPostUnenrollment.xls (The process cannot access the file because it is being used by another process)">
      <![CDATA[java.io.FileNotFoundException: C:\Excel\VA_LOC_AvlbCdtPostUnenrollment.xls (The process cannot access the file because it is being used by another process)
	at java.io.FileOutputStream.open0(Native Method)
	at java.io.FileOutputStream.open(Unknown Source)
	at java.io.FileOutputStream.<init>(Unknown Source)
	at java.io.FileOutputStream.<init>(Unknown Source)
	at Utility.Utils.writeXL(Utils.java:216)
	at virginia_regression._4_Verify_Available_Credit_PostRP_disenrollment._4_RapidPay_disenrollment(_4_Verify_Available_Credit_PostRP_disenrollment.java:439)
	at sun.reflect.NativeMethodAccessorImpl.invoke0(Native Method)
	at sun.reflect.NativeMethodAccessorImpl.invoke(Unknown Source)
	at sun.reflect.DelegatingMethodAccessorImpl.invoke(Unknown Source)
	at java.lang.reflect.Method.invoke(Unknown Source)
	at org.testng.internal.MethodInvocationHelper.invokeMethod(MethodInvocationHelper.java:84)
	at org.testng.internal.Invoker.invokeMethod(Invoker.java:714)
	at org.testng.internal.Invoker.invokeTestMethod(Invoker.java:901)
	at org.testng.internal.Invoker.invokeTestMethods(Invoker.java:1231)
	at org.testng.internal.TestMethodWorker.invokeTestMethods(TestMethodWorker.java:127)
	at org.testng.internal.TestMethodWorker.run(TestMethodWorker.java:111)
	at org.testng.TestRunner.privateRun(TestRunner.java:767)
	at org.testng.TestRunner.run(TestRunner.java:617)
	at org.testng.SuiteRunner.runTest(SuiteRunner.java:334)
	at org.testng.SuiteRunner.runSequentially(SuiteRunner.java:329)
	at org.testng.SuiteRunner.privateRun(SuiteRunner.java:291)
	at org.testng.SuiteRunner.run(SuiteRunner.java:240)
	at org.testng.SuiteRunnerWorker.runSuite(SuiteRunnerWorker.java:52)
	at org.testng.SuiteRunnerWorker.run(SuiteRunnerWorker.java:86)
	at org.testng.TestNG.runSuitesSequentially(TestNG.java:1224)
	at org.testng.TestNG.runSuitesLocally(TestNG.java:1149)
	at org.testng.TestNG.run(TestNG.java:1057)
	at org.testng.remote.RemoteTestNG.run(RemoteTestNG.java:111)
	at org.testng.remote.RemoteTestNG.initAndRun(RemoteTestNG.java:204)
	at org.testng.remote.RemoteTestNG.main(RemoteTestNG.java:175)
]]>
    </failure>
  </testcase> <!-- _4_RapidPay_disenrollment -->
  <testcase name="_2_admin_login" time="15.273" classname="virginia_regression._4_Verify_Available_Credit_PostRP_disenrollment"/>
  <testcase name="_5_void_loan" time="3.600" classname="virginia_regression._4_Verify_Available_Credit_PostRP_disenrollment"/>
  <testcase name="_3_store_login" time="22.624" classname="virginia_regression._4_Verify_Available_Credit_PostRP_disenrollment"/>
  <testcase name="_7_log_out_teller" time="3.464" classname="virginia_regression._4_Verify_Available_Credit_PostRP_disenrollment"/>
</testsuite> <!-- virginia_regression._4_Verify_Available_Credit_PostRP_disenrollment -->
