<?xml version="1.0" encoding="UTF-8"?>
<!-- Generated by org.testng.reporters.JUnitReportReporter -->
<testsuite hostname="RKOTTI7LT" name="VA._35_Void_ATM_Sale" tests="5" failures="0" timestamp="30 Jun 2016 14:12:36 GMT" time="223.737" errors="0">
  <testcase name="StroreLogin" time="10.169" classname="VA._35_Void_ATM_Sale"/>
  <testcase name="Url_search" time="9.418" classname="VA._35_Void_ATM_Sale"/>
  <testcase name="Open_Drawer" time="24.392" classname="VA._35_Void_ATM_Sale"/>
  <testcase name="ATM_With_Cust_with_Cart" time="91.765" classname="VA._35_Void_ATM_Sale"/>
  <testcase name="ATM_with_Cust_No_Cart" time="87.993" classname="VA._35_Void_ATM_Sale"/>
</testsuite> <!-- VA._35_Void_ATM_Sale -->
