<?xml version="1.0" encoding="UTF-8"?>
<!-- Generated by org.testng.reporters.JUnitReportReporter -->
<testsuite hostname="RKOTTI7LT" name="Tennesse._50_Void_TTL_Loan_Payment" tests="3" failures="0" timestamp="30 Mar 2016 18:33:09 GMT" time="327.850" errors="0">
  <testcase name="Void_TTL_Loan_Payment" time="290.763" classname="Tennesse._50_Void_TTL_Loan_Payment"/>
  <testcase name="StroreLogin" time="27.496" classname="Tennesse._50_Void_TTL_Loan_Payment"/>
  <testcase name="Url_search" time="9.591" classname="Tennesse._50_Void_TTL_Loan_Payment"/>
</testsuite> <!-- Tennesse._50_Void_TTL_Loan_Payment -->
