<?xml version="1.0" encoding="UTF-8"?>
<!-- Generated by org.testng.reporters.JUnitReportReporter -->
<testsuite hostname="RGUDLA7LT" name="Framework.Void_Trx_Regional_Manager" tests="4" failures="0" timestamp="4 Nov 2015 19:22:47 GMT" time="101.901" errors="0">
  <testcase name="xcode_No_Cust_No_Cart" time="38.573" classname="Framework.Void_Trx_Regional_Manager"/>
  <testcase name="StroreLogin" time="6.372" classname="Framework.Void_Trx_Regional_Manager"/>
  <testcase name="Admin_StroreLogin" time="36.016" classname="Framework.Void_Trx_Regional_Manager"/>
  <testcase name="Open_Drawer" time="20.940" classname="Framework.Void_Trx_Regional_Manager"/>
</testsuite> <!-- Framework.Void_Trx_Regional_Manager -->
