<?xml version="1.0" encoding="UTF-8"?>
<!-- Generated by org.testng.reporters.JUnitReportReporter -->
<testsuite hostname="RGUDLA7LT" name="Framework._57_Void_Interstore_Transfer" tests="5" failures="0" timestamp="29 Feb 2016 18:06:48 GMT" time="292.514" errors="0">
  <testcase name="StroreLogin" time="33.449" classname="Framework._57_Void_Interstore_Transfer"/>
  <testcase name="Valut_Open_Drawer" time="33.862" classname="Framework._57_Void_Interstore_Transfer"/>
  <testcase name="Open_Drawer" time="30.189" classname="Framework._57_Void_Interstore_Transfer"/>
  <testcase name="Inter_Strore_Transfer" time="186.682" classname="Framework._57_Void_Interstore_Transfer"/>
  <testcase name="Url_search" time="8.332" classname="Framework._57_Void_Interstore_Transfer"/>
</testsuite> <!-- Framework._57_Void_Interstore_Transfer -->
