<?xml version="1.0" encoding="UTF-8"?>
<!-- Generated by org.testng.reporters.JUnitReportReporter -->
<testsuite hostname="GARIMA7LT" name="aml_regression._4_NA_TestScenarios" tests="5" failures="0" timestamp="22 Jun 2017 14:20:47 GMT" time="851.497" errors="0">
  <testcase name="_2_store_login" time="11.417" classname="aml_regression._4_NA_TestScenarios"/>
  <testcase name="_5_CloseBrowser" time="5.299" classname="aml_regression._4_NA_TestScenarios"/>
  <testcase name="_1_navigate_to_eCashURL" time="7.613" classname="aml_regression._4_NA_TestScenarios"/>
  <testcase name="_3_admin_login" time="17.032" classname="aml_regression._4_NA_TestScenarios"/>
  <testcase name="_4_AML" time="810.136" classname="aml_regression._4_NA_TestScenarios"/>
</testsuite> <!-- aml_regression._4_NA_TestScenarios -->
