<?xml version="1.0" encoding="UTF-8"?>
<!-- Generated by org.testng.reporters.JUnitReportReporter -->
<testsuite hostname="GARIMA7LT" name="MichiganEPP.EPP_ONAndAfterDuedate" tests="5" failures="0" timestamp="8 Mar 2017 13:57:06 GMT" time="700.529" errors="0">
  <testcase name="StroreLogin" time="15.953" classname="MichiganEPP.EPP_ONAndAfterDuedate"/>
  <testcase name="newcustomer_Creation" time="363.982" classname="MichiganEPP.EPP_ONAndAfterDuedate"/>
  <testcase name="BusinessdatebacktoOriginal" time="32.219" classname="MichiganEPP.EPP_ONAndAfterDuedate"/>
  <testcase name="Url_search" time="12.402" classname="MichiganEPP.EPP_ONAndAfterDuedate"/>
  <testcase name="ChkEPPERA" time="275.973" classname="MichiganEPP.EPP_ONAndAfterDuedate"/>
</testsuite> <!-- MichiganEPP.EPP_ONAndAfterDuedate -->
