<?xml version="1.0" encoding="UTF-8"?>
<!-- Generated by org.testng.reporters.JUnitReportReporter -->
<testsuite hostname="RKOTTI7LT" name="Florida._56_Void_Regional_Manager" tests="5" failures="0" timestamp="7 Sep 2016 15:33:48 GMT" time="245.392" errors="0">
  <testcase name="Url_search" time="5.849" classname="Florida._56_Void_Regional_Manager"/>
  <testcase name="StroreLogin" time="16.842" classname="Florida._56_Void_Regional_Manager"/>
  <testcase name="Envelopes_No_Cust_No_Cart" time="150.256" classname="Florida._56_Void_Regional_Manager"/>
  <testcase name="date" time="43.708" classname="Florida._56_Void_Regional_Manager"/>
  <testcase name="Open_Drawer" time="28.737" classname="Florida._56_Void_Regional_Manager"/>
</testsuite> <!-- Florida._56_Void_Regional_Manager -->
