<?xml version="1.0" encoding="UTF-8"?>
<!-- Generated by org.testng.reporters.JUnitReportReporter -->
<testsuite hostname="RGUDLA7LT" name="Framework.Verify_Loan_Amt_FL_4_b" tests="4" failures="0" timestamp="21 Jan 2016 21:23:48 GMT" time="131.859" errors="0">
  <testcase name="newcustomer" time="33.708" classname="Framework.Verify_Loan_Amt_FL_4_b"/>
  <testcase name="StroreLogin" time="6.025" classname="Framework.Verify_Loan_Amt_FL_4_b"/>
  <testcase name="Open_Drawer" time="20.775" classname="Framework.Verify_Loan_Amt_FL_4_b"/>
  <testcase name="Loan_Orgination" time="71.351" classname="Framework.Verify_Loan_Amt_FL_4_b"/>
</testsuite> <!-- Framework.Verify_Loan_Amt_FL_4_b -->
