<?xml version="1.0" encoding="UTF-8"?>
<!-- Generated by org.testng.reporters.JUnitReportReporter -->
<testsuite hostname="GARIMA7LT" name="Virginia_Regression._test" tests="10" failures="0" timestamp="12 Apr 2017 18:07:45 GMT" time="107.550" errors="0">
  <testcase name="_6_busineesdate_gt_rapidpayduedate" time="4.713" classname="Virginia_Regression._test"/>
  <testcase name="_5_busineesdate_rolledfwdto_rapidpayduedate" time="5.671" classname="Virginia_Regression._test"/>
  <testcase name="_3_storelogin" time="14.305" classname="Virginia_Regression._test"/>
  <testcase name="_1_businessdatechange" time="14.284" classname="Virginia_Regression._test"/>
  <testcase name="_2_navigate_to_eCashURL" time="27.595" classname="Virginia_Regression._test"/>
  <testcase name="_7_businessdate_et_contractualduedate" time="3.988" classname="Virginia_Regression._test"/>
  <testcase name="_4_newLOCs_creation" time="17.121" classname="Virginia_Regression._test"/>
  <testcase name="_8_busineesdate_gt_contractualduedate" time="5.204" classname="Virginia_Regression._test"/>
  <testcase name="_9_admin_logout" time="10.959" classname="Virginia_Regression._test"/>
  <testcase name="_10_teller_logout" time="3.710" classname="Virginia_Regression._test"/>
</testsuite> <!-- Virginia_Regression._test -->
