<?xml version="1.0" encoding="UTF-8"?>
<!-- Generated by org.testng.reporters.JUnitReportReporter -->
<testsuite hostname="RGUDLA7LT" name="Framework._41_Void_Stamps" tests="6" failures="0" timestamp="10 Feb 2016 19:27:29 GMT" time="289.793" errors="0">
  <testcase name="Stamps_No_Cust_No_Cart" time="56.594" classname="Framework._41_Void_Stamps"/>
  <testcase name="Open_Drawer" time="20.002" classname="Framework._41_Void_Stamps"/>
  <testcase name="Stamps_With_Cust_with_Cart" time="76.244" classname="Framework._41_Void_Stamps"/>
  <testcase name="Stamps_No_Cust_with_Cart" time="54.807" classname="Framework._41_Void_Stamps"/>
  <testcase name="StroreLogin" time="7.136" classname="Framework._41_Void_Stamps"/>
  <testcase name="Stamps_with_Cust_No_Cart" time="75.010" classname="Framework._41_Void_Stamps"/>
</testsuite> <!-- Framework._41_Void_Stamps -->
