<?xml version="1.0" encoding="UTF-8"?>
<!-- Generated by org.testng.reporters.JUnitReportReporter -->
<testsuite hostname="GARIMA7LT" name="florida_regression.Florida_PRA_Ratesheet" tests="4" failures="0" timestamp="26 Jun 2017 20:53:37 GMT" time="278.470" errors="0">
  <testcase name="_4_teller_log_out" time="4.094" classname="florida_regression.Florida_PRA_Ratesheet"/>
  <testcase name="_3_Verify_PRA_Amt" time="252.126" classname="florida_regression.Florida_PRA_Ratesheet"/>
  <testcase name="_1_navigate_to_eCashURL" time="9.706" classname="florida_regression.Florida_PRA_Ratesheet"/>
  <testcase name="_2_tellerlogin" time="12.544" classname="florida_regression.Florida_PRA_Ratesheet"/>
</testsuite> <!-- florida_regression.Florida_PRA_Ratesheet -->
