<?xml version="1.0" encoding="UTF-8"?>
<!-- Generated by org.testng.reporters.JUnitReportReporter -->
<testsuite hostname="GARIMA7LT" name="aml_regression._3_AML_CTR_NonBusinessReports" tests="4" failures="0" timestamp="29 Jun 2017 16:11:55 GMT" time="73.609" errors="0">
  <testcase name="_2_store_login" time="9.755" classname="aml_regression._3_AML_CTR_NonBusinessReports"/>
  <testcase name="_3_AMLReportsValidation" time="27.705" classname="aml_regression._3_AML_CTR_NonBusinessReports"/>
  <testcase name="_1_navigate_to_eCashURL" time="7.608" classname="aml_regression._3_AML_CTR_NonBusinessReports"/>
  <testcase name="_4_CTRReportsValidation" time="28.541" classname="aml_regression._3_AML_CTR_NonBusinessReports"/>
</testsuite> <!-- aml_regression._3_AML_CTR_NonBusinessReports -->
