<?xml version="1.0" encoding="UTF-8"?>
<!-- Generated by org.testng.reporters.JUnitReportReporter -->
<testsuite hostname="GARIMA7LT" name="indiana_regression._2_Verify_Max_Min_LoanAmount" tests="5" failures="0" timestamp="13 Jun 2017 15:50:17 GMT" time="89.444" errors="0">
  <testcase name="_2_teller_login" time="16.484" classname="indiana_regression._2_Verify_Max_Min_LoanAmount"/>
  <testcase name="_5_PRA_creation_MinDraw" time="29.548" classname="indiana_regression._2_Verify_Max_Min_LoanAmount"/>
  <testcase name="_1_navigate_to_eCashURL" time="9.799" classname="indiana_regression._2_Verify_Max_Min_LoanAmount"/>
  <testcase name="_4_PRA_creation_MaxDraw" time="29.358" classname="indiana_regression._2_Verify_Max_Min_LoanAmount"/>
  <testcase name="_6_log_out" time="4.255" classname="indiana_regression._2_Verify_Max_Min_LoanAmount"/>
</testsuite> <!-- indiana_regression._2_Verify_Max_Min_LoanAmount -->
