<?xml version="1.0" encoding="UTF-8"?>
<!-- Generated by org.testng.reporters.JUnitReportReporter -->
<testsuite hostname="GARIMA7LT" name="virginia_regression.Create_EPP_28" tests="8" failures="0" timestamp="24 Apr 2017 19:58:30 GMT" time="285.681" errors="0">
  <testcase name="_2_navigate_to_eCashURL" time="11.611" classname="virginia_regression.Create_EPP_28"/>
  <testcase name="_3_teller_login" time="33.253" classname="virginia_regression.Create_EPP_28"/>
  <testcase name="_4_new_4_PRAs_Creation" time="164.571" classname="virginia_regression.Create_EPP_28"/>
  <testcase name="_1_admin_login" time="12.626" classname="virginia_regression.Create_EPP_28"/>
  <testcase name="_6_businessdatebacktoOriginal" time="3.491" classname="virginia_regression.Create_EPP_28"/>
  <testcase name="_8_logout_store" time="4.497" classname="virginia_regression.Create_EPP_28"/>
  <testcase name="_7_logout_admin" time="6.017" classname="virginia_regression.Create_EPP_28"/>
  <testcase name="_5_EPP_ON_BEFORE_AFTER_Origination_DueDate" time="49.615" classname="virginia_regression.Create_EPP_28"/>
</testsuite> <!-- virginia_regression.Create_EPP_28 -->
