<?xml version="1.0" encoding="UTF-8"?>
<!-- Generated by org.testng.reporters.JUnitReportReporter -->
<testsuite hostname="GARIMA7LT" name="aml_regression.AML_BusinessReports" tests="3" failures="0" timestamp="17 May 2017 16:00:44 GMT" time="45.937" errors="0">
  <testcase name="_2_store_login" time="10.657" classname="aml_regression.AML_BusinessReports"/>
  <testcase name="_1_navigate_to_eCashURL" time="8.762" classname="aml_regression.AML_BusinessReports"/>
  <testcase name="_5_ReportsValidation" time="26.518" classname="aml_regression.AML_BusinessReports"/>
</testsuite> <!-- aml_regression.AML_BusinessReports -->
