<?xml version="1.0" encoding="UTF-8"?>
<!-- Generated by org.testng.reporters.JUnitReportReporter -->
<testsuite hostname="RGUDLA7LT" name="Framework.Void_WU_Send_32" tests="6" failures="0" timestamp="20 Jan 2016 16:40:13 GMT" time="305.404" errors="0">
  <testcase name="WU_Send_with_Cust_No_Cart" time="80.251" classname="Framework.Void_WU_Send_32"/>
  <testcase name="WU_Send_No_Cust_No_Cart" time="60.845" classname="Framework.Void_WU_Send_32"/>
  <testcase name="WU_Send_With_Cust_with_Cart" time="76.553" classname="Framework.Void_WU_Send_32"/>
  <testcase name="WU_Send_No_Cust_with_Cart" time="59.705" classname="Framework.Void_WU_Send_32"/>
  <testcase name="Open_Drawer" time="20.437" classname="Framework.Void_WU_Send_32"/>
  <testcase name="StroreLogin" time="7.613" classname="Framework.Void_WU_Send_32"/>
</testsuite> <!-- Framework.Void_WU_Send_32 -->
