<?xml version="1.0" encoding="UTF-8"?>
<!-- Generated by org.testng.reporters.JUnitReportReporter -->
<testsuite hostname="RKOTTI7LT" name="Ohio._35_Void_ATM_Sale" tests="5" failures="0" timestamp="11 May 2016 19:33:12 GMT" time="218.563" errors="0">
  <testcase name="Url_search" time="8.434" classname="Ohio._35_Void_ATM_Sale"/>
  <testcase name="StroreLogin" time="7.437" classname="Ohio._35_Void_ATM_Sale"/>
  <testcase name="ATM_with_Cust_No_Cart" time="87.361" classname="Ohio._35_Void_ATM_Sale"/>
  <testcase name="ATM_With_Cust_with_Cart" time="91.634" classname="Ohio._35_Void_ATM_Sale"/>
  <testcase name="Open_Drawer" time="23.697" classname="Ohio._35_Void_ATM_Sale"/>
</testsuite> <!-- Ohio._35_Void_ATM_Sale -->
