<?xml version="1.0" encoding="UTF-8"?>
<!-- Generated by org.testng.reporters.JUnitReportReporter -->
<testsuite hostname="GARIMA7LT" name="virginia_regression._04_Create_EPP_14" tests="8" failures="0" timestamp="14 Jun 2017 20:40:59 GMT" time="315.677" errors="0">
  <testcase name="_2_navigate_to_eCashURL" time="7.413" classname="virginia_regression._04_Create_EPP_14"/>
  <testcase name="_1_admin_login" time="13.996" classname="virginia_regression._04_Create_EPP_14"/>
  <testcase name="_3_teller_login" time="38.527" classname="virginia_regression._04_Create_EPP_14"/>
  <testcase name="_6_businessdatebacktoOriginal" time="2.290" classname="virginia_regression._04_Create_EPP_14"/>
  <testcase name="_5_EPP_BEFORE_ON_AFTER_OriDate" time="59.843" classname="virginia_regression._04_Create_EPP_14"/>
  <testcase name="_8_logout_teller" time="4.476" classname="virginia_regression._04_Create_EPP_14"/>
  <testcase name="_4_new_4_PRAs_Creation" time="182.610" classname="virginia_regression._04_Create_EPP_14"/>
  <testcase name="_7_logout_admin" time="6.522" classname="virginia_regression._04_Create_EPP_14"/>
</testsuite> <!-- virginia_regression._04_Create_EPP_14 -->
