<?xml version="1.0" encoding="UTF-8"?>
<!-- Generated by org.testng.reporters.JUnitReportReporter -->
<testsuite hostname="RKOTTI7LT" name="VA._33_Void_WU_Receive" tests="7" failures="0" timestamp="30 Jun 2016 14:12:35 GMT" time="423.513" errors="0">
  <testcase name="Url_search" time="8.750" classname="VA._33_Void_WU_Receive"/>
  <testcase name="WU_Receive_With_Cust_with_Cart" time="108.490" classname="VA._33_Void_WU_Receive"/>
  <testcase name="StroreLogin" time="9.225" classname="VA._33_Void_WU_Receive"/>
  <testcase name="WU_Receive_No_Cust_with_Cart" time="86.715" classname="VA._33_Void_WU_Receive"/>
  <testcase name="WU_Receive_No_Cust_No_Cart" time="80.363" classname="VA._33_Void_WU_Receive"/>
  <testcase name="Open_Drawer" time="27.002" classname="VA._33_Void_WU_Receive"/>
  <testcase name="WU_Receive_with_Cust_No_Cart" time="102.968" classname="VA._33_Void_WU_Receive"/>
</testsuite> <!-- VA._33_Void_WU_Receive -->
