<?xml version="1.0" encoding="UTF-8"?>
<!-- Generated by org.testng.reporters.JUnitReportReporter -->
<testsuite hostname="RGUDLA7LT" name="Framework._53_Void_TTL_Entire_Loan" tests="3" failures="0" timestamp="29 Feb 2016 19:40:06 GMT" time="292.829" errors="0">
  <testcase name="Url_search" time="9.386" classname="Framework._53_Void_TTL_Entire_Loan"/>
  <testcase name="Void_TTL_Entire_Loan" time="255.078" classname="Framework._53_Void_TTL_Entire_Loan"/>
  <testcase name="StroreLogin" time="28.365" classname="Framework._53_Void_TTL_Entire_Loan"/>
</testsuite> <!-- Framework._53_Void_TTL_Entire_Loan -->
