<?xml version="1.0" encoding="UTF-8"?>
<!-- Generated by org.testng.reporters.JUnitReportReporter -->
<testsuite hostname="GARIMA7LT" name="Virginia_Regression.Verify_Available_Credit_PostRP_Unenrollment" tests="4" failures="0" timestamp="28 Mar 2017 20:27:31 GMT" time="44.770" errors="0">
  <testcase name="log_out" time="4.976" classname="Virginia_Regression.Verify_Available_Credit_PostRP_Unenrollment"/>
  <testcase name="RapidPay_Unenrollment" time="18.842" classname="Virginia_Regression.Verify_Available_Credit_PostRP_Unenrollment"/>
  <testcase name="Navigate_to_EcashURL" time="11.690" classname="Virginia_Regression.Verify_Available_Credit_PostRP_Unenrollment"/>
  <testcase name="StroreLogin" time="9.262" classname="Virginia_Regression.Verify_Available_Credit_PostRP_Unenrollment"/>
</testsuite> <!-- Virginia_Regression.Verify_Available_Credit_PostRP_Unenrollment -->
