<?xml version="1.0" encoding="UTF-8"?>
<!-- Generated by org.testng.reporters.JUnitReportReporter -->
<testsuite hostname="RKOTTI7LT" name="Ohio._36_Void_Charity" tests="7" failures="0" timestamp="11 May 2016 19:33:12 GMT" time="364.901" errors="0">
  <testcase name="Open_Drawer" time="23.800" classname="Ohio._36_Void_Charity"/>
  <testcase name="StroreLogin" time="6.707" classname="Ohio._36_Void_Charity"/>
  <testcase name="Charity_With_Cust_with_Cart" time="96.581" classname="Ohio._36_Void_Charity"/>
  <testcase name="Charity_No_Cust_with_Cart" time="67.420" classname="Ohio._36_Void_Charity"/>
  <testcase name="Charity_with_Cust_No_Cart" time="89.637" classname="Ohio._36_Void_Charity"/>
  <testcase name="Charity_No_Cust_No_Cart" time="67.950" classname="Ohio._36_Void_Charity"/>
  <testcase name="Url_search" time="12.806" classname="Ohio._36_Void_Charity"/>
</testsuite> <!-- Ohio._36_Void_Charity -->
