<?xml version="1.0" encoding="UTF-8"?>
<!-- Generated by org.testng.reporters.JUnitReportReporter -->
<testsuite hostname="RGUDLA7LT" name="Framework.Void_xcode_Misc_Cash" tests="6" failures="0" timestamp="28 Oct 2015 17:52:13 GMT" time="302.553" errors="0">
  <testcase name="StroreLogin" time="7.720" classname="Framework.Void_xcode_Misc_Cash"/>
  <testcase name="Open_Drawer" time="18.004" classname="Framework.Void_xcode_Misc_Cash"/>
  <testcase name="xcode_No_Cust_No_Cart" time="61.747" classname="Framework.Void_xcode_Misc_Cash"/>
  <testcase name="xcode_With_Cust_with_Cart" time="77.304" classname="Framework.Void_xcode_Misc_Cash"/>
  <testcase name="xcode_No_Cust_with_Cart" time="58.494" classname="Framework.Void_xcode_Misc_Cash"/>
  <testcase name="xcode_with_Cust_No_Cart" time="79.284" classname="Framework.Void_xcode_Misc_Cash"/>
</testsuite> <!-- Framework.Void_xcode_Misc_Cash -->
