<?xml version="1.0" encoding="UTF-8"?>
<!-- Generated by org.testng.reporters.JUnitReportReporter -->
<testsuite hostname="RGUDLA7LT" name="Framework.Void_Notary_40" tests="6" failures="0" timestamp="20 Jan 2016 20:31:23 GMT" time="284.929" errors="0">
  <testcase name="Notary_No_Cust_with_Cart" time="55.261" classname="Framework.Void_Notary_40"/>
  <testcase name="Open_Drawer" time="18.806" classname="Framework.Void_Notary_40"/>
  <testcase name="Notary_With_Cust_with_Cart" time="72.033" classname="Framework.Void_Notary_40"/>
  <testcase name="Notary_with_Cust_No_Cart" time="74.978" classname="Framework.Void_Notary_40"/>
  <testcase name="StroreLogin" time="8.154" classname="Framework.Void_Notary_40"/>
  <testcase name="Notary_No_Cust_No_Cart" time="55.697" classname="Framework.Void_Notary_40"/>
</testsuite> <!-- Framework.Void_Notary_40 -->
