<?xml version="1.0" encoding="UTF-8"?>
<!-- Generated by org.testng.reporters.JUnitReportReporter -->
<testsuite hostname="GARIMA7LT" name="Virginia.Create_EPP_14" tests="5" failures="0" timestamp="23 Mar 2017 19:19:28 GMT" time="894.487" errors="0">
  <testcase name="StroreLogin" time="9.622" classname="Virginia.Create_EPP_14"/>
  <testcase name="Url_search" time="16.617" classname="Virginia.Create_EPP_14"/>
  <testcase name="BusinessdatebacktoOriginal" time="32.915" classname="Virginia.Create_EPP_14"/>
  <testcase name="newcustomer_Creation" time="505.460" classname="Virginia.Create_EPP_14"/>
  <testcase name="ChkEPPERA" time="329.873" classname="Virginia.Create_EPP_14"/>
</testsuite> <!-- Virginia.Create_EPP_14 -->
