<?xml version="1.0" encoding="UTF-8"?>
<!-- Generated by org.testng.reporters.JUnitReportReporter -->
<testsuite hostname="RGUDLA7LT" name="Framework.Void_TTL_Loan_Origination_49" tests="4" failures="0" timestamp="21 Jan 2016 15:52:11 GMT" time="179.878" errors="0">
  <testcase name="newcustomer" time="33.930" classname="Framework.Void_TTL_Loan_Origination_49"/>
  <testcase name="Resicnd" time="103.979" classname="Framework.Void_TTL_Loan_Origination_49"/>
  <testcase name="StroreLogin" time="20.295" classname="Framework.Void_TTL_Loan_Origination_49"/>
  <testcase name="Open_Drawer" time="21.674" classname="Framework.Void_TTL_Loan_Origination_49"/>
</testsuite> <!-- Framework.Void_TTL_Loan_Origination_49 -->
