<?xml version="1.0" encoding="UTF-8"?>
<!-- Generated by org.testng.reporters.JUnitReportReporter -->
<testsuite hostname="RKOTTI7LT" name="VA._42_Void_WU_BillPay" tests="7" failures="0" timestamp="30 Jun 2016 14:12:35 GMT" time="431.472" errors="0">
  <testcase name="WU_Billpay_With_Cust_with_Cart" time="104.204" classname="VA._42_Void_WU_BillPay"/>
  <testcase name="WU_Billpay_No_Cust_with_Cart" time="86.499" classname="VA._42_Void_WU_BillPay"/>
  <testcase name="Url_search" time="9.024" classname="VA._42_Void_WU_BillPay"/>
  <testcase name="StroreLogin" time="8.833" classname="VA._42_Void_WU_BillPay"/>
  <testcase name="Open_Drawer" time="26.782" classname="VA._42_Void_WU_BillPay"/>
  <testcase name="WU_Billpay__No_Cust_No_Cart" time="88.244" classname="VA._42_Void_WU_BillPay"/>
  <testcase name="WU_BillPay_with_Cust_No_Cart" time="107.886" classname="VA._42_Void_WU_BillPay"/>
</testsuite> <!-- VA._42_Void_WU_BillPay -->
