<?xml version="1.0" encoding="UTF-8"?>
<!-- Generated by org.testng.reporters.JUnitReportReporter -->
<testsuite hostname="GARIMA7LT" name="aml_regression._2_CTR_NonBusinessReports" tests="3" failures="0" timestamp="29 Jun 2017 14:52:26 GMT" time="63.857" errors="0">
  <testcase name="_2_store_login" time="10.873" classname="aml_regression._2_CTR_NonBusinessReports"/>
  <testcase name="_1_navigate_to_eCashURL" time="8.208" classname="aml_regression._2_CTR_NonBusinessReports"/>
  <testcase name="_3_ReportsValidation" time="44.776" classname="aml_regression._2_CTR_NonBusinessReports"/>
</testsuite> <!-- aml_regression._2_CTR_NonBusinessReports -->
