<?xml version="1.0" encoding="UTF-8"?>
<!-- Generated by org.testng.reporters.JUnitReportReporter -->
<testsuite hostname="RGUDLA7LT" name="Framework._4_a_Verify_Loan_Amt_TN" tests="3" failures="0" timestamp="1 Mar 2016 15:09:38 GMT" time="125.363" errors="0">
  <testcase name="StroreLogin" time="15.257" classname="Framework._4_a_Verify_Loan_Amt_TN"/>
  <testcase name="Url_search" time="11.697" classname="Framework._4_a_Verify_Loan_Amt_TN"/>
  <testcase name="Verify_Loan_Amt_TN" time="98.409" classname="Framework._4_a_Verify_Loan_Amt_TN"/>
</testsuite> <!-- Framework._4_a_Verify_Loan_Amt_TN -->
