<?xml version="1.0" encoding="UTF-8"?>
<!-- Generated by org.testng.reporters.JUnitReportReporter -->
<testsuite hostname="RGUDLA7LT" name="Florida._46_Void_Rescind_Loan" tests="3" failures="0" timestamp="1 Mar 2016 20:43:15 GMT" time="121.783" errors="0">
  <testcase name="StroreLogin" time="6.869" classname="Florida._46_Void_Rescind_Loan"/>
  <testcase name="Resicnd" time="105.292" classname="Florida._46_Void_Rescind_Loan"/>
  <testcase name="Url_search" time="9.622" classname="Florida._46_Void_Rescind_Loan"/>
</testsuite> <!-- Florida._46_Void_Rescind_Loan -->
