<?xml version="1.0" encoding="UTF-8"?>
<!-- Generated by org.testng.reporters.JUnitReportReporter -->
<testsuite hostname="RGUDLA7LT" name="Florida.test" tests="2" failures="0" timestamp="17 Feb 2016 16:53:15 GMT" time="90.984" errors="0">
  <testcase name="StroreLogin" time="19.301" classname="Florida.test"/>
  <testcase name="Resicnd" time="71.683" classname="Florida.test"/>
</testsuite> <!-- Florida.test -->
