<?xml version="1.0" encoding="UTF-8"?>
<!-- Generated by org.testng.reporters.JUnitReportReporter -->
<testsuite hostname="GARIMA7LT" name="IndianaEPP.Create_EPP" tests="5" failures="0" timestamp="8 Mar 2017 18:55:24 GMT" time="901.714" errors="0">
  <testcase name="StroreLogin" time="13.366" classname="IndianaEPP.Create_EPP"/>
  <testcase name="Url_search" time="11.112" classname="IndianaEPP.Create_EPP"/>
  <testcase name="ChkEPPERA" time="361.555" classname="IndianaEPP.Create_EPP"/>
  <testcase name="newcustomer_Creation" time="478.403" classname="IndianaEPP.Create_EPP"/>
  <testcase name="BusinessdatebacktoOriginal" time="37.278" classname="IndianaEPP.Create_EPP"/>
</testsuite> <!-- IndianaEPP.Create_EPP -->
