<?xml version="1.0" encoding="UTF-8"?>
<!-- Generated by org.testng.reporters.JUnitReportReporter -->
<testsuite hostname="RGUDLA7LT" name="Framework._35_Void_ATM_Sale" tests="4" failures="0" timestamp="19 Feb 2016 16:39:21 GMT" time="214.212" errors="0">
  <testcase name="ATM_with_Cust_No_Cart" time="89.493" classname="Framework._35_Void_ATM_Sale"/>
  <testcase name="StroreLogin" time="6.859" classname="Framework._35_Void_ATM_Sale"/>
  <testcase name="ATM_With_Cust_with_Cart" time="92.431" classname="Framework._35_Void_ATM_Sale"/>
  <testcase name="Open_Drawer" time="25.429" classname="Framework._35_Void_ATM_Sale"/>
</testsuite> <!-- Framework._35_Void_ATM_Sale -->
