<?xml version="1.0" encoding="UTF-8"?>
<!-- Generated by org.testng.reporters.JUnitReportReporter -->
<testsuite hostname="GARIMA7LT" name="virginia_regression._04_Create_EPP_DueDate_14" tests="8" failures="0" timestamp="26 Jun 2017 20:20:03 GMT" time="318.171" errors="0">
  <testcase name="_2_navigate_to_eCashURL" time="7.049" classname="virginia_regression._04_Create_EPP_DueDate_14"/>
  <testcase name="_5_EPP_BEFORE_ON_AFTER_OriDate" time="59.485" classname="virginia_regression._04_Create_EPP_DueDate_14"/>
  <testcase name="_7_logout_admin" time="6.573" classname="virginia_regression._04_Create_EPP_DueDate_14"/>
  <testcase name="_4_new_4_PRAs_Creation" time="173.853" classname="virginia_regression._04_Create_EPP_DueDate_14"/>
  <testcase name="_1_admin_login" time="14.334" classname="virginia_regression._04_Create_EPP_DueDate_14"/>
  <testcase name="_6_businessdatebacktoOriginal" time="12.540" classname="virginia_regression._04_Create_EPP_DueDate_14"/>
  <testcase name="_3_teller_login" time="39.852" classname="virginia_regression._04_Create_EPP_DueDate_14"/>
  <testcase name="_8_logout_teller" time="4.485" classname="virginia_regression._04_Create_EPP_DueDate_14"/>
</testsuite> <!-- virginia_regression._04_Create_EPP_DueDate_14 -->
