<?xml version="1.0" encoding="UTF-8"?>
<!-- Generated by org.testng.reporters.JUnitReportReporter -->
<testsuite hostname="NKOTIKALAPUDI7LT" name="VA._12_Verify_Loan_under18_Years" tests="3" failures="0" timestamp="1 Aug 2016 20:33:35 GMT" time="183.135" errors="0">
  <testcase name="Customer_creation_Age_Verification" time="164.086" classname="VA._12_Verify_Loan_under18_Years"/>
  <testcase name="StroreLogin" time="7.754" classname="VA._12_Verify_Loan_under18_Years"/>
  <testcase name="Url_search" time="11.295" classname="VA._12_Verify_Loan_under18_Years"/>
</testsuite> <!-- VA._12_Verify_Loan_under18_Years -->
