<?xml version="1.0" encoding="UTF-8"?>
<!-- Generated by org.testng.reporters.JUnitReportReporter -->
<testsuite hostname="RKOTTI7LT" name="Ohio._37_Void_sale_Copies" tests="7" failures="0" timestamp="11 May 2016 19:33:12 GMT" time="342.989" errors="0">
  <testcase name="Copies_No_Cust_No_Cart" time="64.475" classname="Ohio._37_Void_sale_Copies"/>
  <testcase name="Copies_with_Cust_No_Cart" time="86.912" classname="Ohio._37_Void_sale_Copies"/>
  <testcase name="Open_Drawer" time="22.258" classname="Ohio._37_Void_sale_Copies"/>
  <testcase name="StroreLogin" time="6.736" classname="Ohio._37_Void_sale_Copies"/>
  <testcase name="Copies_With_Cust_with_Cart" time="90.726" classname="Ohio._37_Void_sale_Copies"/>
  <testcase name="Url_search" time="7.939" classname="Ohio._37_Void_sale_Copies"/>
  <testcase name="Copies_No_Cust_with_Cart" time="63.943" classname="Ohio._37_Void_sale_Copies"/>
</testsuite> <!-- Ohio._37_Void_sale_Copies -->
