<?xml version="1.0" encoding="UTF-8"?>
<!-- Generated by org.testng.reporters.JUnitReportReporter -->
<testsuite hostname="RKOTTI7LT" name="VA._36_Void_Charity" tests="7" failures="0" timestamp="30 Jun 2016 14:12:35 GMT" time="365.107" errors="0">
  <testcase name="Url_search" time="9.560" classname="VA._36_Void_Charity"/>
  <testcase name="Charity_No_Cust_with_Cart" time="68.703" classname="VA._36_Void_Charity"/>
  <testcase name="StroreLogin" time="7.202" classname="VA._36_Void_Charity"/>
  <testcase name="Charity_with_Cust_No_Cart" time="90.218" classname="VA._36_Void_Charity"/>
  <testcase name="Charity_No_Cust_No_Cart" time="68.784" classname="VA._36_Void_Charity"/>
  <testcase name="Open_Drawer" time="24.399" classname="VA._36_Void_Charity"/>
  <testcase name="Charity_With_Cust_with_Cart" time="96.241" classname="VA._36_Void_Charity"/>
</testsuite> <!-- VA._36_Void_Charity -->
