<?xml version="1.0" encoding="UTF-8"?>
<!-- Generated by org.testng.reporters.JUnitReportReporter -->
<testsuite hostname="RKOTTI7LT" name="VA._18_Verify_WU_Send_over_Threshold" tests="4" failures="0" timestamp="3 Jun 2016 14:55:40 GMT" time="292.975" errors="0">
  <testcase name="WU_Send_over_Threshold" time="240.035" classname="VA._18_Verify_WU_Send_over_Threshold"/>
  <testcase name="Url_search" time="5.282" classname="VA._18_Verify_WU_Send_over_Threshold"/>
  <testcase name="StroreLogin" time="21.733" classname="VA._18_Verify_WU_Send_over_Threshold"/>
  <testcase name="Open_Drawer" time="25.925" classname="VA._18_Verify_WU_Send_over_Threshold"/>
</testsuite> <!-- VA._18_Verify_WU_Send_over_Threshold -->
