<?xml version="1.0" encoding="UTF-8"?>
<!-- Generated by org.testng.reporters.JUnitReportReporter -->
<testsuite hostname="RGUDLA7LT" name="Framework._36_Void_Charity" tests="6" failures="0" timestamp="19 Feb 2016 16:39:21 GMT" time="359.395" errors="0">
  <testcase name="Open_Drawer" time="25.149" classname="Framework._36_Void_Charity"/>
  <testcase name="Charity_with_Cust_No_Cart" time="92.104" classname="Framework._36_Void_Charity"/>
  <testcase name="Charity_No_Cust_with_Cart" time="68.402" classname="Framework._36_Void_Charity"/>
  <testcase name="Charity_With_Cust_with_Cart" time="97.406" classname="Framework._36_Void_Charity"/>
  <testcase name="StroreLogin" time="6.961" classname="Framework._36_Void_Charity"/>
  <testcase name="Charity_No_Cust_No_Cart" time="69.373" classname="Framework._36_Void_Charity"/>
</testsuite> <!-- Framework._36_Void_Charity -->
