<?xml version="1.0" encoding="UTF-8"?>
<!-- Generated by org.testng.reporters.JUnitReportReporter -->
<testsuite hostname="RGUDLA7LT" name="Framework.Void_45" tests="4" failures="0" timestamp="19 Nov 2015 20:23:25 GMT" time="116.788" errors="0">
  <testcase name="StroreLogin" time="6.334" classname="Framework.Void_45"/>
  <testcase name="Resicnd" time="58.441" classname="Framework.Void_45"/>
  <testcase name="Open_Drawer" time="20.629" classname="Framework.Void_45"/>
  <testcase name="newcustomer" time="31.384" classname="Framework.Void_45"/>
</testsuite> <!-- Framework.Void_45 -->
