<?xml version="1.0" encoding="UTF-8"?>
<!-- Generated by org.testng.reporters.JUnitReportReporter -->
<testsuite hostname="GARIMA7LT" name="Virginia_Regression.Verify_LOC_RPAmt_Draw_100_to_5000" tests="6" failures="0" timestamp="28 Mar 2017 20:27:31 GMT" time="410.804" errors="0">
  <testcase name="newLOC_Creation_CdtLimitof5000" time="14.455" classname="Virginia_Regression.Verify_LOC_RPAmt_Draw_100_to_5000"/>
  <testcase name="Navigate_to_EcashURL" time="11.984" classname="Virginia_Regression.Verify_LOC_RPAmt_Draw_100_to_5000"/>
  <testcase name="LOC_Draw_100to5000" time="322.241" classname="Virginia_Regression.Verify_LOC_RPAmt_Draw_100_to_5000"/>
  <testcase name="StroreLogin" time="9.588" classname="Virginia_Regression.Verify_LOC_RPAmt_Draw_100_to_5000"/>
  <testcase name="log_out" time="5.498" classname="Virginia_Regression.Verify_LOC_RPAmt_Draw_100_to_5000"/>
  <testcase name="newcustomer_Creation" time="47.038" classname="Virginia_Regression.Verify_LOC_RPAmt_Draw_100_to_5000"/>
</testsuite> <!-- Virginia_Regression.Verify_LOC_RPAmt_Draw_100_to_5000 -->
