<?xml version="1.0" encoding="UTF-8"?>
<!-- Generated by org.testng.reporters.JUnitReportReporter -->
<testsuite hostname="RKOTTI7LT" name="Ohio._58_Void_Corporate" tests="5" failures="0" timestamp="11 May 2016 19:33:12 GMT" time="354.994" errors="0">
  <testcase name="Url_search" time="11.715" classname="Ohio._58_Void_Corporate"/>
  <testcase name="StroreLogin" time="23.464" classname="Ohio._58_Void_Corporate"/>
  <testcase name="date" time="49.316" classname="Ohio._58_Void_Corporate"/>
  <testcase name="Void_Trx_Corporate" time="239.335" classname="Ohio._58_Void_Corporate"/>
  <testcase name="Open_Drawer" time="31.164" classname="Ohio._58_Void_Corporate"/>
</testsuite> <!-- Ohio._58_Void_Corporate -->
